[rosmaster.main][INFO] 2021-09-04 19:58:52,584: initialization complete, waiting for shutdown
[rosmaster.main][INFO] 2021-09-04 19:58:52,584: Starting ROS Master Node
[xmlrpc][INFO] 2021-09-04 19:58:52,585: XML-RPC server binding to 0.0.0.0:11311
[xmlrpc][INFO] 2021-09-04 19:58:52,585: Started XML-RPC server [http://RicoSUPERMACHINE:11311/]
[xmlrpc][INFO] 2021-09-04 19:58:52,585: xml rpc node: starting XML-RPC server
[rosmaster.master][INFO] 2021-09-04 19:58:52,585: Master initialized: port[11311], uri[http://RicoSUPERMACHINE:11311/]
[rosmaster.master][INFO] 2021-09-04 19:58:52,620: +PARAM [/run_id] by /roslaunch
[rosmaster.master][INFO] 2021-09-04 19:58:52,621: +PARAM [/roslaunch/uris/host_ricosupermachine__35449] by /roslaunch
[rosmaster.master][INFO] 2021-09-04 19:58:52,648: +PARAM [/rosversion] by /roslaunch
[rosmaster.master][INFO] 2021-09-04 19:58:52,649: +PARAM [/rosdistro] by /roslaunch
[rosmaster.master][INFO] 2021-09-04 19:58:52,657: +SERVICE [/rosout/get_loggers] /rosout http://RicoSUPERMACHINE:46007/
[rosmaster.master][INFO] 2021-09-04 19:58:52,658: +SERVICE [/rosout/set_logger_level] /rosout http://RicoSUPERMACHINE:46007/
[rosmaster.master][INFO] 2021-09-04 19:58:52,659: +PUB [/rosout_agg] /rosout http://RicoSUPERMACHINE:46007/
[rosmaster.master][INFO] 2021-09-04 19:58:52,660: +SUB [/rosout] /rosout http://RicoSUPERMACHINE:46007/
[rosmaster.master][INFO] 2021-09-04 19:58:55,247: +PUB [/rosout] /rviz_1630785535241294490 http://RicoSUPERMACHINE:39093/
[rosmaster.master][INFO] 2021-09-04 19:58:55,248: +SERVICE [/rviz_1630785535241294490/get_loggers] /rviz_1630785535241294490 http://RicoSUPERMACHINE:39093/
[rosmaster.master][INFO] 2021-09-04 19:58:55,248: +SERVICE [/rviz_1630785535241294490/set_logger_level] /rviz_1630785535241294490 http://RicoSUPERMACHINE:39093/
[rosmaster.master][INFO] 2021-09-04 19:58:55,249: +CACHEDPARAM [/rosout_disable_topics_generation] by /rviz_1630785535241294490
[rosmaster.master][INFO] 2021-09-04 19:58:55,289: publisherUpdate[/rosout] -> http://RicoSUPERMACHINE:46007/ ['http://RicoSUPERMACHINE:39093/']
[rosmaster.master][INFO] 2021-09-04 19:58:55,313: publisherUpdate[/rosout] -> http://RicoSUPERMACHINE:46007/ ['http://RicoSUPERMACHINE:39093/']: sec=0.02, result=[1, '', 0]
[rosmaster.master][INFO] 2021-09-04 19:58:55,684: +CACHEDPARAM [/rosout/omit_topics] by /rosout
[rosmaster.master][INFO] 2021-09-04 19:58:55,709: +SUB [/tf] /rviz_1630785535241294490 http://RicoSUPERMACHINE:39093/
[rosmaster.master][INFO] 2021-09-04 19:58:55,711: +SUB [/tf_static] /rviz_1630785535241294490 http://RicoSUPERMACHINE:39093/
[rosmaster.master][INFO] 2021-09-04 19:58:55,748: +PUB [/initialpose] /rviz_1630785535241294490 http://RicoSUPERMACHINE:39093/
[rosmaster.master][INFO] 2021-09-04 19:58:55,749: +PUB [/goal] /rviz_1630785535241294490 http://RicoSUPERMACHINE:39093/
[rosmaster.master][INFO] 2021-09-04 19:58:55,752: -PUB [/goal] /rviz_1630785535241294490 http://RicoSUPERMACHINE:39093/
[rosmaster.master][INFO] 2021-09-04 19:58:55,752: -PUB [/initialpose] /rviz_1630785535241294490 http://RicoSUPERMACHINE:39093/
[rosmaster.master][INFO] 2021-09-04 19:58:55,755: +PUB [/initialpose] /rviz_1630785535241294490 http://RicoSUPERMACHINE:39093/
[rosmaster.master][INFO] 2021-09-04 19:58:55,755: +PUB [/goal] /rviz_1630785535241294490 http://RicoSUPERMACHINE:39093/
[rosmaster.master][INFO] 2021-09-04 19:58:55,756: +PUB [/move_base_simple/goal] /rviz_1630785535241294490 http://RicoSUPERMACHINE:39093/
[rosmaster.master][INFO] 2021-09-04 19:58:55,756: -PUB [/goal] /rviz_1630785535241294490 http://RicoSUPERMACHINE:39093/
[rosmaster.master][INFO] 2021-09-04 19:58:55,757: +PUB [/clicked_point] /rviz_1630785535241294490 http://RicoSUPERMACHINE:39093/
[rosmaster.master][INFO] 2021-09-04 19:58:55,785: +SERVICE [/rviz_1630785535241294490/reload_shaders] /rviz_1630785535241294490 http://RicoSUPERMACHINE:39093/
[rosmaster.master][INFO] 2021-09-04 19:58:55,786: +SERVICE [/rviz_1630785535241294490/load_config] /rviz_1630785535241294490 http://RicoSUPERMACHINE:39093/
[rosmaster.master][INFO] 2021-09-04 19:58:55,786: +SERVICE [/rviz_1630785535241294490/save_config] /rviz_1630785535241294490 http://RicoSUPERMACHINE:39093/
[rosmaster.master][INFO] 2021-09-04 19:59:01,020: -PUB [/clicked_point] /rviz_1630785535241294490 http://RicoSUPERMACHINE:39093/
[rosmaster.master][INFO] 2021-09-04 19:59:01,021: -PUB [/move_base_simple/goal] /rviz_1630785535241294490 http://RicoSUPERMACHINE:39093/
[rosmaster.master][INFO] 2021-09-04 19:59:01,022: -PUB [/initialpose] /rviz_1630785535241294490 http://RicoSUPERMACHINE:39093/
[rosmaster.master][INFO] 2021-09-04 19:59:01,025: -SUB [/tf_static] /rviz_1630785535241294490 http://RicoSUPERMACHINE:39093/
[rosmaster.master][INFO] 2021-09-04 19:59:01,026: -SUB [/tf] /rviz_1630785535241294490 http://RicoSUPERMACHINE:39093/
[rosmaster.master][INFO] 2021-09-04 19:59:01,027: -SERVICE [/rviz_1630785535241294490/save_config] /rviz_1630785535241294490 rosrpc://RicoSUPERMACHINE:41861
[rosmaster.master][INFO] 2021-09-04 19:59:01,027: -SERVICE [/rviz_1630785535241294490/load_config] /rviz_1630785535241294490 rosrpc://RicoSUPERMACHINE:41861
[rosmaster.master][INFO] 2021-09-04 19:59:01,028: -SERVICE [/rviz_1630785535241294490/reload_shaders] /rviz_1630785535241294490 rosrpc://RicoSUPERMACHINE:41861
[rosmaster.master][INFO] 2021-09-04 19:59:01,123: -PUB [/rosout] /rviz_1630785535241294490 http://RicoSUPERMACHINE:39093/
[rosmaster.master][INFO] 2021-09-04 19:59:01,123: -SERVICE [/rviz_1630785535241294490/get_loggers] /rviz_1630785535241294490 rosrpc://RicoSUPERMACHINE:41861
[rosmaster.master][INFO] 2021-09-04 19:59:01,124: -SERVICE [/rviz_1630785535241294490/set_logger_level] /rviz_1630785535241294490 rosrpc://RicoSUPERMACHINE:41861
[rosmaster.master][INFO] 2021-09-04 19:59:01,124: -CACHEDPARAM [/rosout_disable_topics_generation] by /rviz_1630785535241294490
[rosmaster.master][INFO] 2021-09-04 19:59:01,199: publisherUpdate[/rosout] -> http://RicoSUPERMACHINE:46007/ []
[rosmaster.master][INFO] 2021-09-04 19:59:01,220: publisherUpdate[/rosout] -> http://RicoSUPERMACHINE:46007/ []: sec=0.02, result=[1, '', 0]
