[roslaunch][INFO] 2021-09-04 19:58:51,822: Checking log directory for disk usage. This may take a while.
Press Ctrl-C to interrupt
[roslaunch][INFO] 2021-09-04 19:58:51,825: Done checking log file disk usage. Usage is <1GB.
[roslaunch][INFO] 2021-09-04 19:58:51,825: roslaunch starting with args ['roscore', '--core']
[roslaunch][INFO] 2021-09-04 19:58:51,825: roslaunch env is environ({'ROS_VERSION': '1', 'PKG_CONFIG_PATH': '/opt/ros/noetic/lib/pkgconfig:/opt/ros/noetic/lib/x86_64-linux-gnu/pkgconfig', 'ROS_PYTHON_VERSION': '3', 'HOSTNAME': 'RicoSUPERMACHINE', 'ROS_PACKAGE_PATH': '/opt/ros/noetic/share', 'ROSLISP_PACKAGE_DIRECTORIES': '', 'PWD': '/', 'HOME': '/home/ricojia', 'LANG': 'C.UTF-8', 'ROS_ETC_DIR': '/opt/ros/noetic/etc/ros', 'CMAKE_PREFIX_PATH': '/opt/ros/noetic', 'PYTHONPATH': '/opt/ros/noetic/lib/python3/dist-packages', 'TERM': 'xterm', 'DISPLAY': ':0', 'SHLVL': '0', 'ROS_MASTER_URI': 'http://localhost:11311', 'LD_LIBRARY_PATH': '/opt/ros/noetic/lib:/opt/ros/noetic/lib/x86_64-linux-gnu', 'XDG_RUNTIME_DIR': '/run/user/1000', 'LC_ALL': 'C.UTF-8', 'PATH': '/opt/ros/noetic/bin:/usr/local/sbin:/usr/local/bin:/usr/sbin:/usr/bin:/sbin:/bin', 'ROS_ROOT': '/opt/ros/noetic/share/ros', 'ROS_DISTRO': 'noetic', 'QT_X11_NO_MITSHM': '1', 'OLDPWD': '/home/ricojia', '_': '/opt/ros/noetic/bin/roscore', 'ROS_LOG_FILENAME': '/home/ricojia/.ros/log/86c74a7a-0dba-11ec-b6ee-4889e7e50817/roslaunch-RicoSUPERMACHINE-86.log'})
[roslaunch][INFO] 2021-09-04 19:58:51,825: starting in server mode
[roslaunch.parent][INFO] 2021-09-04 19:58:51,825: starting roslaunch parent run
[roslaunch][INFO] 2021-09-04 19:58:51,825: loading roscore config file /opt/ros/noetic/etc/ros/roscore.xml
[roslaunch][INFO] 2021-09-04 19:58:52,193: Added core node of type [rosout/rosout] in namespace [/]
[roslaunch.pmon][INFO] 2021-09-04 19:58:52,194: start_process_monitor: creating ProcessMonitor
[roslaunch.pmon][INFO] 2021-09-04 19:58:52,194: created process monitor <ProcessMonitor(ProcessMonitor-1, initial daemon)>
[roslaunch.pmon][INFO] 2021-09-04 19:58:52,194: start_process_monitor: ProcessMonitor started
[roslaunch.parent][INFO] 2021-09-04 19:58:52,194: starting parent XML-RPC server
[roslaunch.server][INFO] 2021-09-04 19:58:52,194: starting roslaunch XML-RPC server
[roslaunch.server][INFO] 2021-09-04 19:58:52,194: waiting for roslaunch XML-RPC server to initialize
[xmlrpc][INFO] 2021-09-04 19:58:52,194: XML-RPC server binding to 0.0.0.0:0
[xmlrpc][INFO] 2021-09-04 19:58:52,195: Started XML-RPC server [http://RicoSUPERMACHINE:35449/]
[xmlrpc][INFO] 2021-09-04 19:58:52,195: xml rpc node: starting XML-RPC server
[roslaunch][INFO] 2021-09-04 19:58:52,206: started roslaunch server http://RicoSUPERMACHINE:35449/
[roslaunch.parent][INFO] 2021-09-04 19:58:52,206: ... parent XML-RPC server started
[roslaunch][INFO] 2021-09-04 19:58:52,206: master.is_running[http://RicoSUPERMACHINE:11311/]
[roslaunch][INFO] 2021-09-04 19:58:52,211: auto-starting new master
[roslaunch][INFO] 2021-09-04 19:58:52,211: create_master_process: rosmaster, /opt/ros/noetic/share/ros, 11311, 3, None, False
[roslaunch][INFO] 2021-09-04 19:58:52,211: process[master]: launching with args [['rosmaster', '--core', '-p', '11311', '-w', '3']]
[roslaunch.pmon][INFO] 2021-09-04 19:58:52,211: ProcessMonitor.register[master]
[roslaunch.pmon][INFO] 2021-09-04 19:58:52,211: ProcessMonitor.register[master] complete
[roslaunch][INFO] 2021-09-04 19:58:52,211: process[master]: starting os process
[roslaunch][INFO] 2021-09-04 19:58:52,211: process[master]: start w/ args [['rosmaster', '--core', '-p', '11311', '-w', '3', '__log:=/home/ricojia/.ros/log/86c74a7a-0dba-11ec-b6ee-4889e7e50817/master.log']]
[roslaunch][INFO] 2021-09-04 19:58:52,211: process[master]: cwd will be [/home/ricojia/.ros]
[roslaunch][INFO] 2021-09-04 19:58:52,214: process[master]: started with pid [108]
[roslaunch][INFO] 2021-09-04 19:58:52,214: master.is_running[http://RicoSUPERMACHINE:11311/]
[roslaunch][INFO] 2021-09-04 19:58:52,314: master.is_running[http://RicoSUPERMACHINE:11311/]
[roslaunch][INFO] 2021-09-04 19:58:52,415: master.is_running[http://RicoSUPERMACHINE:11311/]
[roslaunch][INFO] 2021-09-04 19:58:52,516: master.is_running[http://RicoSUPERMACHINE:11311/]
[roslaunch][INFO] 2021-09-04 19:58:52,617: master.is_running[http://RicoSUPERMACHINE:11311/]
[roslaunch][INFO] 2021-09-04 19:58:52,618: master.is_running[http://RicoSUPERMACHINE:11311/]
[roslaunch][INFO] 2021-09-04 19:58:52,619: ROS_MASTER_URI=http://RicoSUPERMACHINE:11311/
[roslaunch][INFO] 2021-09-04 19:58:52,620: setting /run_id to 86c74a7a-0dba-11ec-b6ee-4889e7e50817
[roslaunch][INFO] 2021-09-04 19:58:52,621: setting /roslaunch/uris/host_ricosupermachine__35449' to http://RicoSUPERMACHINE:35449/
[roslaunch][INFO] 2021-09-04 19:58:52,622: ... preparing to launch node of type [rosout/rosout]
[roslaunch][INFO] 2021-09-04 19:58:52,622: create_node_process: package[rosout] type[rosout] machine[Machine(name[] env_loader[None] address[localhost] ssh_port[22] user[None] assignable[True] timeout[10.0])] master_uri[http://RicoSUPERMACHINE:11311/]
[roslaunch][INFO] 2021-09-04 19:58:52,623: process[rosout-1]: env[{'ROS_VERSION': '1', 'PKG_CONFIG_PATH': '/opt/ros/noetic/lib/pkgconfig:/opt/ros/noetic/lib/x86_64-linux-gnu/pkgconfig', 'ROS_PYTHON_VERSION': '3', 'HOSTNAME': 'RicoSUPERMACHINE', 'ROS_PACKAGE_PATH': '/opt/ros/noetic/share', 'ROSLISP_PACKAGE_DIRECTORIES': '', 'PWD': '/', 'HOME': '/home/ricojia', 'LANG': 'C.UTF-8', 'ROS_ETC_DIR': '/opt/ros/noetic/etc/ros', 'CMAKE_PREFIX_PATH': '/opt/ros/noetic', 'PYTHONPATH': '/opt/ros/noetic/lib/python3/dist-packages', 'TERM': 'xterm', 'DISPLAY': ':0', 'SHLVL': '0', 'ROS_MASTER_URI': 'http://RicoSUPERMACHINE:11311/', 'LD_LIBRARY_PATH': '/opt/ros/noetic/lib:/opt/ros/noetic/lib/x86_64-linux-gnu', 'XDG_RUNTIME_DIR': '/run/user/1000', 'LC_ALL': 'C.UTF-8', 'PATH': '/opt/ros/noetic/bin:/usr/local/sbin:/usr/local/bin:/usr/sbin:/usr/bin:/sbin:/bin', 'ROS_ROOT': '/opt/ros/noetic/share/ros', 'ROS_DISTRO': 'noetic', 'QT_X11_NO_MITSHM': '1', 'OLDPWD': '/home/ricojia', '_': '/opt/ros/noetic/bin/roscore', 'ROS_LOG_FILENAME': '/home/ricojia/.ros/log/86c74a7a-0dba-11ec-b6ee-4889e7e50817/roslaunch-RicoSUPERMACHINE-86.log'}]
[roslaunch][INFO] 2021-09-04 19:58:52,640: process[rosout-1]: args[['/opt/ros/noetic/lib/rosout/rosout', '__name:=rosout']]
[roslaunch][INFO] 2021-09-04 19:58:52,640: ... created process [rosout-1]
[roslaunch.pmon][INFO] 2021-09-04 19:58:52,640: ProcessMonitor.register[rosout-1]
[roslaunch.pmon][INFO] 2021-09-04 19:58:52,640: ProcessMonitor.register[rosout-1] complete
[roslaunch][INFO] 2021-09-04 19:58:52,641: ... registered process [rosout-1]
[roslaunch][INFO] 2021-09-04 19:58:52,641: process[rosout-1]: starting os process
[roslaunch][INFO] 2021-09-04 19:58:52,641: process[rosout-1]: start w/ args [['/opt/ros/noetic/lib/rosout/rosout', '__name:=rosout', '__log:=/home/ricojia/.ros/log/86c74a7a-0dba-11ec-b6ee-4889e7e50817/rosout-1.log']]
[roslaunch][INFO] 2021-09-04 19:58:52,641: process[rosout-1]: cwd will be [/home/ricojia/.ros]
[roslaunch][INFO] 2021-09-04 19:58:52,646: process[rosout-1]: started with pid [132]
[roslaunch][INFO] 2021-09-04 19:58:52,646: ... successfully launched [rosout-1]
[roslaunch][INFO] 2021-09-04 19:58:52,646: load_parameters starting ...
[roslaunch][INFO] 2021-09-04 19:58:52,649: ... load_parameters complete
[roslaunch][INFO] 2021-09-04 19:58:52,649: launch_nodes: launching local nodes ...
[roslaunch][INFO] 2021-09-04 19:58:52,649: ... launch_nodes complete
[roslaunch.pmon][INFO] 2021-09-04 19:58:52,649: registrations completed <ProcessMonitor(ProcessMonitor-1, started daemon 139909072934656)>
[roslaunch.parent][INFO] 2021-09-04 19:58:52,649: ... roslaunch parent running, waiting for process exit
[roslaunch][INFO] 2021-09-04 19:58:52,649: spin
