[rospy.client][INFO] 2021-09-05 04:03:53,661: init_node, name[/joint_state_publisher_gui], pid[1558]
[xmlrpc][INFO] 2021-09-05 04:03:53,662: XML-RPC server binding to 0.0.0.0:0
[xmlrpc][INFO] 2021-09-05 04:03:53,662: Started XML-RPC server [http://RicoSUPERMACHINE:32979/]
[rospy.init][INFO] 2021-09-05 04:03:53,662: ROS Slave URI: [http://RicoSUPERMACHINE:32979/]
[rospy.impl.masterslave][INFO] 2021-09-05 04:03:53,662: _ready: http://RicoSUPERMACHINE:32979/
[rospy.registration][INFO] 2021-09-05 04:03:53,663: Registering with master node http://localhost:11311
[xmlrpc][INFO] 2021-09-05 04:03:53,663: xml rpc node: starting XML-RPC server
[rospy.init][INFO] 2021-09-05 04:03:53,762: registered with master
[rospy.rosout][INFO] 2021-09-05 04:03:53,763: initializing /rosout core topic
[rospy.rosout][INFO] 2021-09-05 04:03:53,765: connected to core topic /rosout
[rospy.simtime][INFO] 2021-09-05 04:03:53,766: /use_sim_time is not set, will not subscribe to simulated time [/clock] topic
[rosout][INFO] 2021-09-05 04:03:53,876: Centering
[rospy.internal][INFO] 2021-09-05 04:03:54,033: topic[/rosout] adding connection to [/rosout], count 0
[rospy.client][INFO] 2021-09-05 04:04:32,643: init_node, name[/joint_state_publisher_gui], pid[1658]
[xmlrpc][INFO] 2021-09-05 04:04:32,643: XML-RPC server binding to 0.0.0.0:0
[xmlrpc][INFO] 2021-09-05 04:04:32,643: Started XML-RPC server [http://RicoSUPERMACHINE:45347/]
[rospy.init][INFO] 2021-09-05 04:04:32,643: ROS Slave URI: [http://RicoSUPERMACHINE:45347/]
[rospy.impl.masterslave][INFO] 2021-09-05 04:04:32,644: _ready: http://RicoSUPERMACHINE:45347/
[rospy.registration][INFO] 2021-09-05 04:04:32,644: Registering with master node http://localhost:11311
[xmlrpc][INFO] 2021-09-05 04:04:32,644: xml rpc node: starting XML-RPC server
[rospy.init][INFO] 2021-09-05 04:04:32,744: registered with master
[rospy.rosout][INFO] 2021-09-05 04:04:32,744: initializing /rosout core topic
[rospy.rosout][INFO] 2021-09-05 04:04:32,747: connected to core topic /rosout
[rospy.simtime][INFO] 2021-09-05 04:04:32,747: /use_sim_time is not set, will not subscribe to simulated time [/clock] topic
[rosout][INFO] 2021-09-05 04:04:32,837: Centering
[rospy.internal][INFO] 2021-09-05 04:04:32,982: topic[/rosout] adding connection to [/rosout], count 0
[rospy.internal][INFO] 2021-09-05 04:04:33,133: topic[/joint_states] adding connection to [/robot_state_publisher], count 0
[rospy.client][INFO] 2021-09-05 04:05:25,454: init_node, name[/joint_state_publisher_gui], pid[1762]
[xmlrpc][INFO] 2021-09-05 04:05:25,454: XML-RPC server binding to 0.0.0.0:0
[xmlrpc][INFO] 2021-09-05 04:05:25,455: Started XML-RPC server [http://RicoSUPERMACHINE:37363/]
[rospy.impl.masterslave][INFO] 2021-09-05 04:05:25,455: _ready: http://RicoSUPERMACHINE:37363/
[rospy.init][INFO] 2021-09-05 04:05:25,455: ROS Slave URI: [http://RicoSUPERMACHINE:37363/]
[rospy.registration][INFO] 2021-09-05 04:05:25,455: Registering with master node http://localhost:11311
[xmlrpc][INFO] 2021-09-05 04:05:25,455: xml rpc node: starting XML-RPC server
[rospy.init][INFO] 2021-09-05 04:05:25,556: registered with master
[rospy.rosout][INFO] 2021-09-05 04:05:25,556: initializing /rosout core topic
[rospy.rosout][INFO] 2021-09-05 04:05:25,559: connected to core topic /rosout
[rospy.simtime][INFO] 2021-09-05 04:05:25,559: /use_sim_time is not set, will not subscribe to simulated time [/clock] topic
[rosout][INFO] 2021-09-05 04:05:25,631: Centering
[rospy.internal][INFO] 2021-09-05 04:05:25,791: topic[/rosout] adding connection to [/rosout], count 0
[rospy.internal][INFO] 2021-09-05 04:05:25,831: topic[/joint_states] adding connection to [/robot_state_publisher], count 0
[rospy.client][INFO] 2021-09-05 04:05:58,442: init_node, name[/joint_state_publisher_gui], pid[1866]
[xmlrpc][INFO] 2021-09-05 04:05:58,442: XML-RPC server binding to 0.0.0.0:0
[xmlrpc][INFO] 2021-09-05 04:05:58,442: Started XML-RPC server [http://RicoSUPERMACHINE:37177/]
[rospy.impl.masterslave][INFO] 2021-09-05 04:05:58,442: _ready: http://RicoSUPERMACHINE:37177/
[rospy.init][INFO] 2021-09-05 04:05:58,442: ROS Slave URI: [http://RicoSUPERMACHINE:37177/]
[rospy.registration][INFO] 2021-09-05 04:05:58,443: Registering with master node http://localhost:11311
[xmlrpc][INFO] 2021-09-05 04:05:58,443: xml rpc node: starting XML-RPC server
[rospy.init][INFO] 2021-09-05 04:05:58,543: registered with master
[rospy.rosout][INFO] 2021-09-05 04:05:58,543: initializing /rosout core topic
[rospy.rosout][INFO] 2021-09-05 04:05:58,546: connected to core topic /rosout
[rospy.simtime][INFO] 2021-09-05 04:05:58,547: /use_sim_time is not set, will not subscribe to simulated time [/clock] topic
[rosout][INFO] 2021-09-05 04:05:58,651: Centering
[rospy.internal][INFO] 2021-09-05 04:05:58,767: topic[/rosout] adding connection to [/rosout], count 0
[rospy.internal][INFO] 2021-09-05 04:05:58,845: topic[/joint_states] adding connection to [/robot_state_publisher], count 0
[rospy.client][INFO] 2021-09-05 04:09:35,410: init_node, name[/joint_state_publisher_gui], pid[1970]
[xmlrpc][INFO] 2021-09-05 04:09:35,410: XML-RPC server binding to 0.0.0.0:0
[xmlrpc][INFO] 2021-09-05 04:09:35,410: Started XML-RPC server [http://RicoSUPERMACHINE:38215/]
[rospy.impl.masterslave][INFO] 2021-09-05 04:09:35,410: _ready: http://RicoSUPERMACHINE:38215/
[rospy.init][INFO] 2021-09-05 04:09:35,410: ROS Slave URI: [http://RicoSUPERMACHINE:38215/]
[rospy.registration][INFO] 2021-09-05 04:09:35,411: Registering with master node http://localhost:11311
[xmlrpc][INFO] 2021-09-05 04:09:35,411: xml rpc node: starting XML-RPC server
[rospy.init][INFO] 2021-09-05 04:09:35,511: registered with master
[rospy.rosout][INFO] 2021-09-05 04:09:35,512: initializing /rosout core topic
[rospy.rosout][INFO] 2021-09-05 04:09:35,521: connected to core topic /rosout
[rospy.simtime][INFO] 2021-09-05 04:09:35,522: /use_sim_time is not set, will not subscribe to simulated time [/clock] topic
[rosout][INFO] 2021-09-05 04:09:35,544: Centering
[rospy.internal][INFO] 2021-09-05 04:09:35,746: topic[/rosout] adding connection to [/rosout], count 0
[rospy.internal][INFO] 2021-09-05 04:09:35,848: topic[/joint_states] adding connection to [/robot_state_publisher], count 0
[rospy.client][INFO] 2021-09-05 04:10:04,256: init_node, name[/joint_state_publisher_gui], pid[2074]
[xmlrpc][INFO] 2021-09-05 04:10:04,257: XML-RPC server binding to 0.0.0.0:0
[xmlrpc][INFO] 2021-09-05 04:10:04,257: Started XML-RPC server [http://RicoSUPERMACHINE:34941/]
[rospy.impl.masterslave][INFO] 2021-09-05 04:10:04,257: _ready: http://RicoSUPERMACHINE:34941/
[rospy.init][INFO] 2021-09-05 04:10:04,257: ROS Slave URI: [http://RicoSUPERMACHINE:34941/]
[rospy.registration][INFO] 2021-09-05 04:10:04,258: Registering with master node http://localhost:11311
[xmlrpc][INFO] 2021-09-05 04:10:04,258: xml rpc node: starting XML-RPC server
[rospy.init][INFO] 2021-09-05 04:10:04,357: registered with master
[rospy.rosout][INFO] 2021-09-05 04:10:04,358: initializing /rosout core topic
[rospy.rosout][INFO] 2021-09-05 04:10:04,361: connected to core topic /rosout
[rospy.simtime][INFO] 2021-09-05 04:10:04,362: /use_sim_time is not set, will not subscribe to simulated time [/clock] topic
[rosout][INFO] 2021-09-05 04:10:04,431: Centering
[rospy.internal][INFO] 2021-09-05 04:10:04,611: topic[/rosout] adding connection to [/rosout], count 0
[rospy.internal][INFO] 2021-09-05 04:10:04,727: topic[/joint_states] adding connection to [/robot_state_publisher], count 0
[rospy.client][INFO] 2021-09-05 04:12:13,240: init_node, name[/joint_state_publisher_gui], pid[2199]
[xmlrpc][INFO] 2021-09-05 04:12:13,241: XML-RPC server binding to 0.0.0.0:0
[xmlrpc][INFO] 2021-09-05 04:12:13,241: Started XML-RPC server [http://RicoSUPERMACHINE:46583/]
[rospy.init][INFO] 2021-09-05 04:12:13,241: ROS Slave URI: [http://RicoSUPERMACHINE:46583/]
[rospy.impl.masterslave][INFO] 2021-09-05 04:12:13,241: _ready: http://RicoSUPERMACHINE:46583/
[rospy.registration][INFO] 2021-09-05 04:12:13,242: Registering with master node http://localhost:11311
[xmlrpc][INFO] 2021-09-05 04:12:13,242: xml rpc node: starting XML-RPC server
[rospy.init][INFO] 2021-09-05 04:12:13,342: registered with master
[rospy.rosout][INFO] 2021-09-05 04:12:13,344: initializing /rosout core topic
[rospy.rosout][INFO] 2021-09-05 04:12:13,348: connected to core topic /rosout
[rospy.simtime][INFO] 2021-09-05 04:12:13,349: /use_sim_time is not set, will not subscribe to simulated time [/clock] topic
[rosout][INFO] 2021-09-05 04:12:13,378: Centering
[rospy.internal][INFO] 2021-09-05 04:12:13,612: topic[/rosout] adding connection to [/rosout], count 0
[rospy.internal][INFO] 2021-09-05 04:12:13,667: topic[/joint_states] adding connection to [/robot_state_publisher], count 0
[rospy.client][INFO] 2021-09-05 04:12:33,941: init_node, name[/joint_state_publisher_gui], pid[2303]
[xmlrpc][INFO] 2021-09-05 04:12:33,941: XML-RPC server binding to 0.0.0.0:0
[xmlrpc][INFO] 2021-09-05 04:12:33,941: Started XML-RPC server [http://RicoSUPERMACHINE:44167/]
[rospy.impl.masterslave][INFO] 2021-09-05 04:12:33,942: _ready: http://RicoSUPERMACHINE:44167/
[rospy.init][INFO] 2021-09-05 04:12:33,942: ROS Slave URI: [http://RicoSUPERMACHINE:44167/]
[rospy.registration][INFO] 2021-09-05 04:12:33,942: Registering with master node http://localhost:11311
[xmlrpc][INFO] 2021-09-05 04:12:33,942: xml rpc node: starting XML-RPC server
[rospy.init][INFO] 2021-09-05 04:12:34,042: registered with master
[rospy.rosout][INFO] 2021-09-05 04:12:34,042: initializing /rosout core topic
[rospy.rosout][INFO] 2021-09-05 04:12:34,045: connected to core topic /rosout
[rospy.simtime][INFO] 2021-09-05 04:12:34,046: /use_sim_time is not set, will not subscribe to simulated time [/clock] topic
[rosout][INFO] 2021-09-05 04:12:34,136: Centering
[rospy.internal][INFO] 2021-09-05 04:12:34,257: topic[/rosout] adding connection to [/rosout], count 0
[rospy.internal][INFO] 2021-09-05 04:12:34,438: topic[/joint_states] adding connection to [/robot_state_publisher], count 0
[rospy.client][INFO] 2021-09-05 04:15:39,403: init_node, name[/joint_state_publisher_gui], pid[2407]
[xmlrpc][INFO] 2021-09-05 04:15:39,403: XML-RPC server binding to 0.0.0.0:0
[xmlrpc][INFO] 2021-09-05 04:15:39,403: Started XML-RPC server [http://RicoSUPERMACHINE:42517/]
[rospy.init][INFO] 2021-09-05 04:15:39,403: ROS Slave URI: [http://RicoSUPERMACHINE:42517/]
[rospy.impl.masterslave][INFO] 2021-09-05 04:15:39,403: _ready: http://RicoSUPERMACHINE:42517/
[rospy.registration][INFO] 2021-09-05 04:15:39,404: Registering with master node http://localhost:11311
[xmlrpc][INFO] 2021-09-05 04:15:39,404: xml rpc node: starting XML-RPC server
[rospy.init][INFO] 2021-09-05 04:15:39,504: registered with master
[rospy.rosout][INFO] 2021-09-05 04:15:39,504: initializing /rosout core topic
[rospy.rosout][INFO] 2021-09-05 04:15:39,507: connected to core topic /rosout
[rospy.simtime][INFO] 2021-09-05 04:15:39,508: /use_sim_time is not set, will not subscribe to simulated time [/clock] topic
[rosout][INFO] 2021-09-05 04:15:39,587: Centering
[rospy.internal][INFO] 2021-09-05 04:15:39,754: topic[/rosout] adding connection to [/rosout], count 0
[rospy.internal][INFO] 2021-09-05 04:15:39,879: topic[/joint_states] adding connection to [/robot_state_publisher], count 0
[rospy.client][INFO] 2021-09-05 04:15:50,687: init_node, name[/joint_state_publisher_gui], pid[2511]
[xmlrpc][INFO] 2021-09-05 04:15:50,688: XML-RPC server binding to 0.0.0.0:0
[xmlrpc][INFO] 2021-09-05 04:15:50,688: Started XML-RPC server [http://RicoSUPERMACHINE:46583/]
[rospy.init][INFO] 2021-09-05 04:15:50,688: ROS Slave URI: [http://RicoSUPERMACHINE:46583/]
[rospy.impl.masterslave][INFO] 2021-09-05 04:15:50,688: _ready: http://RicoSUPERMACHINE:46583/
[rospy.registration][INFO] 2021-09-05 04:15:50,689: Registering with master node http://localhost:11311
[xmlrpc][INFO] 2021-09-05 04:15:50,689: xml rpc node: starting XML-RPC server
[rospy.init][INFO] 2021-09-05 04:15:50,788: registered with master
[rospy.rosout][INFO] 2021-09-05 04:15:50,789: initializing /rosout core topic
[rospy.rosout][INFO] 2021-09-05 04:15:50,792: connected to core topic /rosout
[rospy.simtime][INFO] 2021-09-05 04:15:50,792: /use_sim_time is not set, will not subscribe to simulated time [/clock] topic
[rosout][INFO] 2021-09-05 04:15:50,877: Centering
[rospy.internal][INFO] 2021-09-05 04:15:50,929: topic[/rosout] adding connection to [/rosout], count 0
[rospy.internal][INFO] 2021-09-05 04:15:51,174: topic[/joint_states] adding connection to [/robot_state_publisher], count 0
[rospy.client][INFO] 2021-09-05 04:16:45,108: init_node, name[/joint_state_publisher_gui], pid[2617]
[xmlrpc][INFO] 2021-09-05 04:16:45,109: XML-RPC server binding to 0.0.0.0:0
[xmlrpc][INFO] 2021-09-05 04:16:45,109: Started XML-RPC server [http://RicoSUPERMACHINE:43285/]
[rospy.init][INFO] 2021-09-05 04:16:45,109: ROS Slave URI: [http://RicoSUPERMACHINE:43285/]
[rospy.impl.masterslave][INFO] 2021-09-05 04:16:45,109: _ready: http://RicoSUPERMACHINE:43285/
[rospy.registration][INFO] 2021-09-05 04:16:45,110: Registering with master node http://localhost:11311
[xmlrpc][INFO] 2021-09-05 04:16:45,110: xml rpc node: starting XML-RPC server
[rospy.init][INFO] 2021-09-05 04:16:45,209: registered with master
[rospy.rosout][INFO] 2021-09-05 04:16:45,209: initializing /rosout core topic
[rospy.rosout][INFO] 2021-09-05 04:16:45,212: connected to core topic /rosout
[rospy.simtime][INFO] 2021-09-05 04:16:45,213: /use_sim_time is not set, will not subscribe to simulated time [/clock] topic
[rosout][INFO] 2021-09-05 04:16:45,324: Centering
[rospy.internal][INFO] 2021-09-05 04:16:45,476: topic[/rosout] adding connection to [/rosout], count 0
[rospy.internal][INFO] 2021-09-05 04:16:45,630: topic[/joint_states] adding connection to [/robot_state_publisher], count 0
[rospy.client][INFO] 2021-09-05 04:16:56,571: init_node, name[/joint_state_publisher_gui], pid[2721]
[xmlrpc][INFO] 2021-09-05 04:16:56,572: XML-RPC server binding to 0.0.0.0:0
[xmlrpc][INFO] 2021-09-05 04:16:56,572: Started XML-RPC server [http://RicoSUPERMACHINE:46747/]
[rospy.impl.masterslave][INFO] 2021-09-05 04:16:56,572: _ready: http://RicoSUPERMACHINE:46747/
[rospy.init][INFO] 2021-09-05 04:16:56,572: ROS Slave URI: [http://RicoSUPERMACHINE:46747/]
[rospy.registration][INFO] 2021-09-05 04:16:56,573: Registering with master node http://localhost:11311
[xmlrpc][INFO] 2021-09-05 04:16:56,573: xml rpc node: starting XML-RPC server
[rospy.init][INFO] 2021-09-05 04:16:56,672: registered with master
[rospy.rosout][INFO] 2021-09-05 04:16:56,673: initializing /rosout core topic
[rospy.rosout][INFO] 2021-09-05 04:16:56,676: connected to core topic /rosout
[rospy.simtime][INFO] 2021-09-05 04:16:56,676: /use_sim_time is not set, will not subscribe to simulated time [/clock] topic
[rosout][INFO] 2021-09-05 04:16:56,744: Centering
[rospy.internal][INFO] 2021-09-05 04:16:56,896: topic[/rosout] adding connection to [/rosout], count 0
[rospy.internal][INFO] 2021-09-05 04:16:56,978: topic[/joint_states] adding connection to [/robot_state_publisher], count 0
[rospy.client][INFO] 2021-09-05 04:17:13,111: init_node, name[/joint_state_publisher_gui], pid[2825]
[xmlrpc][INFO] 2021-09-05 04:17:13,112: XML-RPC server binding to 0.0.0.0:0
[xmlrpc][INFO] 2021-09-05 04:17:13,112: Started XML-RPC server [http://RicoSUPERMACHINE:44917/]
[rospy.init][INFO] 2021-09-05 04:17:13,112: ROS Slave URI: [http://RicoSUPERMACHINE:44917/]
[rospy.impl.masterslave][INFO] 2021-09-05 04:17:13,112: _ready: http://RicoSUPERMACHINE:44917/
[rospy.registration][INFO] 2021-09-05 04:17:13,113: Registering with master node http://localhost:11311
[xmlrpc][INFO] 2021-09-05 04:17:13,113: xml rpc node: starting XML-RPC server
[rospy.init][INFO] 2021-09-05 04:17:13,212: registered with master
[rospy.rosout][INFO] 2021-09-05 04:17:13,213: initializing /rosout core topic
[rospy.rosout][INFO] 2021-09-05 04:17:13,215: connected to core topic /rosout
[rospy.simtime][INFO] 2021-09-05 04:17:13,216: /use_sim_time is not set, will not subscribe to simulated time [/clock] topic
[rosout][INFO] 2021-09-05 04:17:13,326: Centering
[rospy.internal][INFO] 2021-09-05 04:17:13,507: topic[/rosout] adding connection to [/rosout], count 0
[rospy.internal][INFO] 2021-09-05 04:17:13,609: topic[/joint_states] adding connection to [/robot_state_publisher], count 0
[rospy.client][INFO] 2021-09-05 05:35:20,728: init_node, name[/joint_state_publisher_gui], pid[2960]
[xmlrpc][INFO] 2021-09-05 05:35:20,728: XML-RPC server binding to 0.0.0.0:0
[xmlrpc][INFO] 2021-09-05 05:35:20,728: Started XML-RPC server [http://RicoSUPERMACHINE:34031/]
[rospy.impl.masterslave][INFO] 2021-09-05 05:35:20,728: _ready: http://RicoSUPERMACHINE:34031/
[rospy.init][INFO] 2021-09-05 05:35:20,729: ROS Slave URI: [http://RicoSUPERMACHINE:34031/]
[rospy.registration][INFO] 2021-09-05 05:35:20,729: Registering with master node http://localhost:11311
[xmlrpc][INFO] 2021-09-05 05:35:20,729: xml rpc node: starting XML-RPC server
[rospy.init][INFO] 2021-09-05 05:35:20,829: registered with master
[rospy.rosout][INFO] 2021-09-05 05:35:20,829: initializing /rosout core topic
[rospy.rosout][INFO] 2021-09-05 05:35:20,832: connected to core topic /rosout
[rospy.simtime][INFO] 2021-09-05 05:35:20,833: /use_sim_time is not set, will not subscribe to simulated time [/clock] topic
[rosout][INFO] 2021-09-05 05:35:20,914: Centering
[rospy.internal][INFO] 2021-09-05 05:35:21,067: topic[/rosout] adding connection to [/rosout], count 0
[rospy.internal][INFO] 2021-09-05 05:35:21,209: topic[/joint_states] adding connection to [/robot_state_publisher], count 0
[rospy.client][INFO] 2021-09-05 17:59:12,366: init_node, name[/joint_state_publisher_gui], pid[3111]
[xmlrpc][INFO] 2021-09-05 17:59:12,367: XML-RPC server binding to 0.0.0.0:0
[xmlrpc][INFO] 2021-09-05 17:59:12,367: Started XML-RPC server [http://RicoSUPERMACHINE:34525/]
[rospy.impl.masterslave][INFO] 2021-09-05 17:59:12,367: _ready: http://RicoSUPERMACHINE:34525/
[rospy.init][INFO] 2021-09-05 17:59:12,367: ROS Slave URI: [http://RicoSUPERMACHINE:34525/]
[rospy.registration][INFO] 2021-09-05 17:59:12,368: Registering with master node http://localhost:11311
[xmlrpc][INFO] 2021-09-05 17:59:12,368: xml rpc node: starting XML-RPC server
[rospy.init][INFO] 2021-09-05 17:59:12,468: registered with master
[rospy.rosout][INFO] 2021-09-05 17:59:12,468: initializing /rosout core topic
[rospy.rosout][INFO] 2021-09-05 17:59:12,471: connected to core topic /rosout
[rospy.simtime][INFO] 2021-09-05 17:59:12,472: /use_sim_time is not set, will not subscribe to simulated time [/clock] topic
[rosout][INFO] 2021-09-05 17:59:12,546: Centering
[rospy.internal][INFO] 2021-09-05 17:59:12,694: topic[/rosout] adding connection to [/rosout], count 0
[rospy.client][INFO] 2021-09-05 18:01:11,896: init_node, name[/joint_state_publisher_gui], pid[3212]
[xmlrpc][INFO] 2021-09-05 18:01:11,896: XML-RPC server binding to 0.0.0.0:0
[xmlrpc][INFO] 2021-09-05 18:01:11,896: Started XML-RPC server [http://RicoSUPERMACHINE:43463/]
[rospy.impl.masterslave][INFO] 2021-09-05 18:01:11,897: _ready: http://RicoSUPERMACHINE:43463/
[rospy.registration][INFO] 2021-09-05 18:01:11,897: Registering with master node http://localhost:11311
[rospy.init][INFO] 2021-09-05 18:01:11,897: ROS Slave URI: [http://RicoSUPERMACHINE:43463/]
[rospy.init][INFO] 2021-09-05 18:01:11,897: registered with master
[xmlrpc][INFO] 2021-09-05 18:01:11,897: xml rpc node: starting XML-RPC server
[rospy.rosout][INFO] 2021-09-05 18:01:11,898: initializing /rosout core topic
[rospy.rosout][INFO] 2021-09-05 18:01:11,900: connected to core topic /rosout
[rospy.simtime][INFO] 2021-09-05 18:01:11,901: /use_sim_time is not set, will not subscribe to simulated time [/clock] topic
[rosout][INFO] 2021-09-05 18:01:12,102: Centering
[rospy.internal][INFO] 2021-09-05 18:01:12,171: topic[/rosout] adding connection to [/rosout], count 0
[rospy.client][INFO] 2021-09-05 18:01:34,739: init_node, name[/joint_state_publisher_gui], pid[3328]
[xmlrpc][INFO] 2021-09-05 18:01:34,739: XML-RPC server binding to 0.0.0.0:0
[xmlrpc][INFO] 2021-09-05 18:01:34,740: Started XML-RPC server [http://RicoSUPERMACHINE:32853/]
[rospy.init][INFO] 2021-09-05 18:01:34,740: ROS Slave URI: [http://RicoSUPERMACHINE:32853/]
[rospy.impl.masterslave][INFO] 2021-09-05 18:01:34,740: _ready: http://RicoSUPERMACHINE:32853/
[rospy.registration][INFO] 2021-09-05 18:01:34,740: Registering with master node http://localhost:11311
[xmlrpc][INFO] 2021-09-05 18:01:34,741: xml rpc node: starting XML-RPC server
[rospy.init][INFO] 2021-09-05 18:01:34,840: registered with master
[rospy.rosout][INFO] 2021-09-05 18:01:34,840: initializing /rosout core topic
[rospy.rosout][INFO] 2021-09-05 18:01:34,843: connected to core topic /rosout
[rospy.simtime][INFO] 2021-09-05 18:01:34,844: /use_sim_time is not set, will not subscribe to simulated time [/clock] topic
[rosout][INFO] 2021-09-05 18:01:34,939: Centering
[rospy.internal][INFO] 2021-09-05 18:01:35,113: topic[/rosout] adding connection to [/rosout], count 0
[rospy.internal][INFO] 2021-09-05 18:01:35,242: topic[/joint_states] adding connection to [/robot_state_publisher], count 0
[rospy.client][INFO] 2021-09-05 18:20:49,363: init_node, name[/joint_state_publisher_gui], pid[3466]
[xmlrpc][INFO] 2021-09-05 18:20:49,363: XML-RPC server binding to 0.0.0.0:0
[xmlrpc][INFO] 2021-09-05 18:20:49,363: Started XML-RPC server [http://RicoSUPERMACHINE:33983/]
[rospy.impl.masterslave][INFO] 2021-09-05 18:20:49,363: _ready: http://RicoSUPERMACHINE:33983/
[rospy.init][INFO] 2021-09-05 18:20:49,363: ROS Slave URI: [http://RicoSUPERMACHINE:33983/]
[rospy.registration][INFO] 2021-09-05 18:20:49,364: Registering with master node http://localhost:11311
[xmlrpc][INFO] 2021-09-05 18:20:49,364: xml rpc node: starting XML-RPC server
[rospy.init][INFO] 2021-09-05 18:20:49,464: registered with master
[rospy.rosout][INFO] 2021-09-05 18:20:49,464: initializing /rosout core topic
[rospy.rosout][INFO] 2021-09-05 18:20:49,467: connected to core topic /rosout
[rospy.simtime][INFO] 2021-09-05 18:20:49,468: /use_sim_time is not set, will not subscribe to simulated time [/clock] topic
[rosout][INFO] 2021-09-05 18:20:49,598: Centering
[rospy.internal][INFO] 2021-09-05 18:20:49,690: topic[/rosout] adding connection to [/rosout], count 0
[rospy.internal][INFO] 2021-09-05 18:20:49,880: topic[/joint_states] adding connection to [/robot_state_publisher], count 0
[rospy.client][INFO] 2021-09-05 18:21:41,208: init_node, name[/joint_state_publisher_gui], pid[3570]
[xmlrpc][INFO] 2021-09-05 18:21:41,208: XML-RPC server binding to 0.0.0.0:0
[xmlrpc][INFO] 2021-09-05 18:21:41,209: Started XML-RPC server [http://RicoSUPERMACHINE:34309/]
[rospy.init][INFO] 2021-09-05 18:21:41,209: ROS Slave URI: [http://RicoSUPERMACHINE:34309/]
[rospy.impl.masterslave][INFO] 2021-09-05 18:21:41,209: _ready: http://RicoSUPERMACHINE:34309/
[rospy.registration][INFO] 2021-09-05 18:21:41,209: Registering with master node http://localhost:11311
[xmlrpc][INFO] 2021-09-05 18:21:41,209: xml rpc node: starting XML-RPC server
[rospy.init][INFO] 2021-09-05 18:21:41,309: registered with master
[rospy.rosout][INFO] 2021-09-05 18:21:41,309: initializing /rosout core topic
[rospy.rosout][INFO] 2021-09-05 18:21:41,313: connected to core topic /rosout
[rospy.simtime][INFO] 2021-09-05 18:21:41,313: /use_sim_time is not set, will not subscribe to simulated time [/clock] topic
[rosout][INFO] 2021-09-05 18:21:41,362: Centering
[rospy.internal][INFO] 2021-09-05 18:21:41,566: topic[/rosout] adding connection to [/rosout], count 0
[rospy.internal][INFO] 2021-09-05 18:21:41,623: topic[/joint_states] adding connection to [/robot_state_publisher], count 0
[rospy.client][INFO] 2021-09-05 18:22:15,162: init_node, name[/joint_state_publisher_gui], pid[3674]
[xmlrpc][INFO] 2021-09-05 18:22:15,163: XML-RPC server binding to 0.0.0.0:0
[xmlrpc][INFO] 2021-09-05 18:22:15,163: Started XML-RPC server [http://RicoSUPERMACHINE:42555/]
[rospy.impl.masterslave][INFO] 2021-09-05 18:22:15,163: _ready: http://RicoSUPERMACHINE:42555/
[rospy.init][INFO] 2021-09-05 18:22:15,163: ROS Slave URI: [http://RicoSUPERMACHINE:42555/]
[rospy.registration][INFO] 2021-09-05 18:22:15,164: Registering with master node http://localhost:11311
[xmlrpc][INFO] 2021-09-05 18:22:15,164: xml rpc node: starting XML-RPC server
[rospy.init][INFO] 2021-09-05 18:22:15,263: registered with master
[rospy.rosout][INFO] 2021-09-05 18:22:15,264: initializing /rosout core topic
[rospy.rosout][INFO] 2021-09-05 18:22:15,267: connected to core topic /rosout
[rospy.simtime][INFO] 2021-09-05 18:22:15,267: /use_sim_time is not set, will not subscribe to simulated time [/clock] topic
[rosout][INFO] 2021-09-05 18:22:15,374: Centering
[rospy.internal][INFO] 2021-09-05 18:22:15,476: topic[/rosout] adding connection to [/rosout], count 0
[rospy.internal][INFO] 2021-09-05 18:22:15,652: topic[/joint_states] adding connection to [/robot_state_publisher], count 0
[rospy.client][INFO] 2021-09-05 18:24:31,305: init_node, name[/joint_state_publisher_gui], pid[3778]
[xmlrpc][INFO] 2021-09-05 18:24:31,306: XML-RPC server binding to 0.0.0.0:0
[xmlrpc][INFO] 2021-09-05 18:24:31,306: Started XML-RPC server [http://RicoSUPERMACHINE:36157/]
[rospy.impl.masterslave][INFO] 2021-09-05 18:24:31,306: _ready: http://RicoSUPERMACHINE:36157/
[rospy.init][INFO] 2021-09-05 18:24:31,306: ROS Slave URI: [http://RicoSUPERMACHINE:36157/]
[rospy.registration][INFO] 2021-09-05 18:24:31,307: Registering with master node http://localhost:11311
[xmlrpc][INFO] 2021-09-05 18:24:31,307: xml rpc node: starting XML-RPC server
[rospy.init][INFO] 2021-09-05 18:24:31,406: registered with master
[rospy.rosout][INFO] 2021-09-05 18:24:31,407: initializing /rosout core topic
[rospy.rosout][INFO] 2021-09-05 18:24:31,409: connected to core topic /rosout
[rospy.simtime][INFO] 2021-09-05 18:24:31,410: /use_sim_time is not set, will not subscribe to simulated time [/clock] topic
[rosout][INFO] 2021-09-05 18:24:31,531: Centering
[rospy.internal][INFO] 2021-09-05 18:24:31,671: topic[/rosout] adding connection to [/rosout], count 0
[rospy.internal][INFO] 2021-09-05 18:24:31,800: topic[/joint_states] adding connection to [/robot_state_publisher], count 0
[rospy.client][INFO] 2021-09-05 18:26:42,524: init_node, name[/joint_state_publisher_gui], pid[3882]
[xmlrpc][INFO] 2021-09-05 18:26:42,524: XML-RPC server binding to 0.0.0.0:0
[xmlrpc][INFO] 2021-09-05 18:26:42,525: Started XML-RPC server [http://RicoSUPERMACHINE:42771/]
[rospy.impl.masterslave][INFO] 2021-09-05 18:26:42,525: _ready: http://RicoSUPERMACHINE:42771/
[rospy.init][INFO] 2021-09-05 18:26:42,525: ROS Slave URI: [http://RicoSUPERMACHINE:42771/]
[rospy.registration][INFO] 2021-09-05 18:26:42,525: Registering with master node http://localhost:11311
[xmlrpc][INFO] 2021-09-05 18:26:42,525: xml rpc node: starting XML-RPC server
[rospy.init][INFO] 2021-09-05 18:26:42,625: registered with master
[rospy.rosout][INFO] 2021-09-05 18:26:42,625: initializing /rosout core topic
[rospy.rosout][INFO] 2021-09-05 18:26:42,628: connected to core topic /rosout
[rospy.simtime][INFO] 2021-09-05 18:26:42,629: /use_sim_time is not set, will not subscribe to simulated time [/clock] topic
[rosout][INFO] 2021-09-05 18:26:42,761: Centering
[rospy.internal][INFO] 2021-09-05 18:26:42,862: topic[/rosout] adding connection to [/rosout], count 0
[rospy.internal][INFO] 2021-09-05 18:26:43,055: topic[/joint_states] adding connection to [/robot_state_publisher], count 0
[rospy.client][INFO] 2021-09-05 18:56:24,250: init_node, name[/joint_state_publisher_gui], pid[3988]
[xmlrpc][INFO] 2021-09-05 18:56:24,250: XML-RPC server binding to 0.0.0.0:0
[xmlrpc][INFO] 2021-09-05 18:56:24,250: Started XML-RPC server [http://RicoSUPERMACHINE:46587/]
[rospy.impl.masterslave][INFO] 2021-09-05 18:56:24,250: _ready: http://RicoSUPERMACHINE:46587/
[rospy.init][INFO] 2021-09-05 18:56:24,250: ROS Slave URI: [http://RicoSUPERMACHINE:46587/]
[rospy.registration][INFO] 2021-09-05 18:56:24,251: Registering with master node http://localhost:11311
[xmlrpc][INFO] 2021-09-05 18:56:24,251: xml rpc node: starting XML-RPC server
[rospy.init][INFO] 2021-09-05 18:56:24,351: registered with master
[rospy.rosout][INFO] 2021-09-05 18:56:24,351: initializing /rosout core topic
[rospy.rosout][INFO] 2021-09-05 18:56:24,355: connected to core topic /rosout
[rospy.simtime][INFO] 2021-09-05 18:56:24,355: /use_sim_time is not set, will not subscribe to simulated time [/clock] topic
[rosout][INFO] 2021-09-05 18:56:24,501: Centering
[rospy.internal][INFO] 2021-09-05 18:56:24,605: topic[/rosout] adding connection to [/rosout], count 0
[rospy.internal][INFO] 2021-09-05 18:56:24,769: topic[/joint_states] adding connection to [/robot_state_publisher], count 0
[rospy.client][INFO] 2021-09-05 18:56:50,626: init_node, name[/joint_state_publisher_gui], pid[4094]
[xmlrpc][INFO] 2021-09-05 18:56:50,626: XML-RPC server binding to 0.0.0.0:0
[xmlrpc][INFO] 2021-09-05 18:56:50,626: Started XML-RPC server [http://RicoSUPERMACHINE:41755/]
[rospy.init][INFO] 2021-09-05 18:56:50,626: ROS Slave URI: [http://RicoSUPERMACHINE:41755/]
[rospy.impl.masterslave][INFO] 2021-09-05 18:56:50,627: _ready: http://RicoSUPERMACHINE:41755/
[rospy.registration][INFO] 2021-09-05 18:56:50,627: Registering with master node http://localhost:11311
[xmlrpc][INFO] 2021-09-05 18:56:50,627: xml rpc node: starting XML-RPC server
[rospy.init][INFO] 2021-09-05 18:56:50,727: registered with master
[rospy.rosout][INFO] 2021-09-05 18:56:50,728: initializing /rosout core topic
[rospy.rosout][INFO] 2021-09-05 18:56:50,741: connected to core topic /rosout
[rospy.simtime][INFO] 2021-09-05 18:56:50,743: /use_sim_time is not set, will not subscribe to simulated time [/clock] topic
[rosout][INFO] 2021-09-05 18:56:50,821: Centering
[rospy.internal][INFO] 2021-09-05 18:56:50,989: topic[/rosout] adding connection to [/rosout], count 0
[rospy.internal][INFO] 2021-09-05 18:56:51,114: topic[/joint_states] adding connection to [/robot_state_publisher], count 0
[rospy.client][INFO] 2021-09-05 18:57:44,848: init_node, name[/joint_state_publisher_gui], pid[4201]
[xmlrpc][INFO] 2021-09-05 18:57:44,848: XML-RPC server binding to 0.0.0.0:0
[xmlrpc][INFO] 2021-09-05 18:57:44,848: Started XML-RPC server [http://RicoSUPERMACHINE:41301/]
[rospy.init][INFO] 2021-09-05 18:57:44,848: ROS Slave URI: [http://RicoSUPERMACHINE:41301/]
[rospy.impl.masterslave][INFO] 2021-09-05 18:57:44,849: _ready: http://RicoSUPERMACHINE:41301/
[rospy.registration][INFO] 2021-09-05 18:57:44,849: Registering with master node http://localhost:11311
[xmlrpc][INFO] 2021-09-05 18:57:44,849: xml rpc node: starting XML-RPC server
[rospy.init][INFO] 2021-09-05 18:57:44,949: registered with master
[rospy.rosout][INFO] 2021-09-05 18:57:44,949: initializing /rosout core topic
[rospy.rosout][INFO] 2021-09-05 18:57:44,952: connected to core topic /rosout
[rospy.simtime][INFO] 2021-09-05 18:57:44,953: /use_sim_time is not set, will not subscribe to simulated time [/clock] topic
[rosout][INFO] 2021-09-05 18:57:45,090: Centering
[rospy.internal][INFO] 2021-09-05 18:57:45,179: topic[/rosout] adding connection to [/rosout], count 0
[rospy.internal][INFO] 2021-09-05 18:57:45,269: topic[/joint_states] adding connection to [/robot_state_publisher], count 0
[rospy.client][INFO] 2021-09-05 18:59:10,800: init_node, name[/joint_state_publisher_gui], pid[4304]
[xmlrpc][INFO] 2021-09-05 18:59:10,800: XML-RPC server binding to 0.0.0.0:0
[xmlrpc][INFO] 2021-09-05 18:59:10,800: Started XML-RPC server [http://RicoSUPERMACHINE:38139/]
[rospy.init][INFO] 2021-09-05 18:59:10,800: ROS Slave URI: [http://RicoSUPERMACHINE:38139/]
[rospy.impl.masterslave][INFO] 2021-09-05 18:59:10,800: _ready: http://RicoSUPERMACHINE:38139/
[rospy.registration][INFO] 2021-09-05 18:59:10,801: Registering with master node http://localhost:11311
[xmlrpc][INFO] 2021-09-05 18:59:10,801: xml rpc node: starting XML-RPC server
[rospy.init][INFO] 2021-09-05 18:59:10,901: registered with master
[rospy.rosout][INFO] 2021-09-05 18:59:10,901: initializing /rosout core topic
[rospy.rosout][INFO] 2021-09-05 18:59:10,905: connected to core topic /rosout
[rospy.simtime][INFO] 2021-09-05 18:59:10,908: /use_sim_time is not set, will not subscribe to simulated time [/clock] topic
[rosout][INFO] 2021-09-05 18:59:10,980: Centering
[rospy.internal][INFO] 2021-09-05 18:59:11,116: topic[/rosout] adding connection to [/rosout], count 0
[rospy.internal][INFO] 2021-09-05 18:59:11,273: topic[/joint_states] adding connection to [/robot_state_publisher], count 0
[rospy.client][INFO] 2021-09-05 19:07:11,198: init_node, name[/joint_state_publisher_gui], pid[4410]
[xmlrpc][INFO] 2021-09-05 19:07:11,198: XML-RPC server binding to 0.0.0.0:0
[xmlrpc][INFO] 2021-09-05 19:07:11,198: Started XML-RPC server [http://RicoSUPERMACHINE:40665/]
[rospy.impl.masterslave][INFO] 2021-09-05 19:07:11,199: _ready: http://RicoSUPERMACHINE:40665/
[rospy.init][INFO] 2021-09-05 19:07:11,199: ROS Slave URI: [http://RicoSUPERMACHINE:40665/]
[rospy.registration][INFO] 2021-09-05 19:07:11,199: Registering with master node http://localhost:11311
[xmlrpc][INFO] 2021-09-05 19:07:11,199: xml rpc node: starting XML-RPC server
[rospy.init][INFO] 2021-09-05 19:07:11,300: registered with master
[rospy.rosout][INFO] 2021-09-05 19:07:11,300: initializing /rosout core topic
[rospy.rosout][INFO] 2021-09-05 19:07:11,308: connected to core topic /rosout
[rospy.simtime][INFO] 2021-09-05 19:07:11,310: /use_sim_time is not set, will not subscribe to simulated time [/clock] topic
[rosout][INFO] 2021-09-05 19:07:11,377: Centering
[rospy.internal][INFO] 2021-09-05 19:07:11,531: topic[/rosout] adding connection to [/rosout], count 0
[rospy.internal][INFO] 2021-09-05 19:07:11,637: topic[/joint_states] adding connection to [/robot_state_publisher], count 0
[rospy.client][INFO] 2021-09-05 19:07:36,917: init_node, name[/joint_state_publisher_gui], pid[4514]
[xmlrpc][INFO] 2021-09-05 19:07:36,917: XML-RPC server binding to 0.0.0.0:0
[xmlrpc][INFO] 2021-09-05 19:07:36,918: Started XML-RPC server [http://RicoSUPERMACHINE:33899/]
[rospy.impl.masterslave][INFO] 2021-09-05 19:07:36,918: _ready: http://RicoSUPERMACHINE:33899/
[rospy.init][INFO] 2021-09-05 19:07:36,918: ROS Slave URI: [http://RicoSUPERMACHINE:33899/]
[rospy.registration][INFO] 2021-09-05 19:07:36,918: Registering with master node http://localhost:11311
[xmlrpc][INFO] 2021-09-05 19:07:36,918: xml rpc node: starting XML-RPC server
[rospy.init][INFO] 2021-09-05 19:07:37,018: registered with master
[rospy.rosout][INFO] 2021-09-05 19:07:37,018: initializing /rosout core topic
[rospy.rosout][INFO] 2021-09-05 19:07:37,021: connected to core topic /rosout
[rospy.simtime][INFO] 2021-09-05 19:07:37,022: /use_sim_time is not set, will not subscribe to simulated time [/clock] topic
[rospy.core][INFO] 2021-09-05 19:07:37,142: signal_shutdown [signal-2]
[rospy.impl.masterslave][INFO] 2021-09-05 19:07:37,145: signal-2
[rosout][INFO] 2021-09-05 19:07:37,751: Centering
[rospy.client][INFO] 2021-09-05 19:30:27,963: init_node, name[/joint_state_publisher_gui], pid[4616]
[xmlrpc][INFO] 2021-09-05 19:30:27,963: XML-RPC server binding to 0.0.0.0:0
[xmlrpc][INFO] 2021-09-05 19:30:27,964: Started XML-RPC server [http://RicoSUPERMACHINE:42217/]
[rospy.impl.masterslave][INFO] 2021-09-05 19:30:27,964: _ready: http://RicoSUPERMACHINE:42217/
[rospy.init][INFO] 2021-09-05 19:30:27,964: ROS Slave URI: [http://RicoSUPERMACHINE:42217/]
[rospy.registration][INFO] 2021-09-05 19:30:27,964: Registering with master node http://localhost:11311
[xmlrpc][INFO] 2021-09-05 19:30:27,965: xml rpc node: starting XML-RPC server
[rospy.init][INFO] 2021-09-05 19:30:28,064: registered with master
[rospy.rosout][INFO] 2021-09-05 19:30:28,064: initializing /rosout core topic
[rospy.rosout][INFO] 2021-09-05 19:30:28,067: connected to core topic /rosout
[rospy.simtime][INFO] 2021-09-05 19:30:28,068: /use_sim_time is not set, will not subscribe to simulated time [/clock] topic
[rosout][INFO] 2021-09-05 19:30:28,185: Centering
[rospy.internal][INFO] 2021-09-05 19:30:28,327: topic[/rosout] adding connection to [/rosout], count 0
[rospy.internal][INFO] 2021-09-05 19:30:28,468: topic[/joint_states] adding connection to [/robot_state_publisher], count 0
