[roslaunch][INFO] 2021-09-05 18:21:40,298: Checking log directory for disk usage. This may take a while.
Press Ctrl-C to interrupt
[roslaunch][INFO] 2021-09-05 18:21:40,301: Done checking log file disk usage. Usage is <1GB.
[roslaunch][INFO] 2021-09-05 18:21:40,301: roslaunch starting with args ['/opt/ros/noetic/bin/roslaunch', 'rjje_arm', 'rjje_arm.launch']
[roslaunch][INFO] 2021-09-05 18:21:40,302: roslaunch env is environ({'ROS_VERSION': '1', 'PKG_CONFIG_PATH': '/home/ricojia/rjje_arm_ws/devel/lib/pkgconfig:/opt/ros/noetic/lib/pkgconfig:/opt/ros/noetic/lib/x86_64-linux-gnu/pkgconfig', 'ROS_PYTHON_VERSION': '3', 'HOSTNAME': 'RicoSUPERMACHINE', 'ROS_PACKAGE_PATH': '/home/ricojia/rjje_arm_ws/src:/opt/ros/noetic/share', 'ROSLISP_PACKAGE_DIRECTORIES': '/home/ricojia/rjje_arm_ws/devel/share/common-lisp', 'PWD': '/home/ricojia/rjje_arm_ws', 'HOME': '/home/ricojia', 'LANG': 'C.UTF-8', 'ROS_ETC_DIR': '/opt/ros/noetic/etc/ros', 'CMAKE_PREFIX_PATH': '/home/ricojia/rjje_arm_ws/devel:/opt/ros/noetic', 'PYTHONPATH': '/opt/ros/noetic/lib/python3/dist-packages', 'TERM': 'xterm', 'DISPLAY': ':0', 'SHLVL': '1', 'ROS_MASTER_URI': 'http://localhost:11311', 'LD_LIBRARY_PATH': '/home/ricojia/rjje_arm_ws/devel/lib:/opt/ros/noetic/lib:/opt/ros/noetic/lib/x86_64-linux-gnu', 'XDG_RUNTIME_DIR': '/run/user/1000', 'LC_ALL': 'C.UTF-8', 'PATH': '/opt/ros/noetic/bin:/usr/local/sbin:/usr/local/bin:/usr/sbin:/usr/bin:/sbin:/bin', 'ROS_ROOT': '/opt/ros/noetic/share/ros', 'ROS_DISTRO': 'noetic', 'QT_X11_NO_MITSHM': '1', 'OLDPWD': '/home/ricojia/rjje_arm_ws/src/rjje_arm/urdf', '_': '/opt/ros/noetic/bin/roslaunch', 'ROS_LOG_FILENAME': '/home/ricojia/.ros/log/6356db6c-0de9-11ec-b3bc-4889e7e50817/roslaunch-RicoSUPERMACHINE-3540.log'})
[roslaunch][INFO] 2021-09-05 18:21:40,302: starting in server mode
[roslaunch.parent][INFO] 2021-09-05 18:21:40,302: starting roslaunch parent run
[roslaunch][INFO] 2021-09-05 18:21:40,302: loading roscore config file /opt/ros/noetic/etc/ros/roscore.xml
[roslaunch][INFO] 2021-09-05 18:21:40,649: Added core node of type [rosout/rosout] in namespace [/]
[roslaunch.config][INFO] 2021-09-05 18:21:40,650: loading config file /home/ricojia/rjje_arm_ws/src/rjje_arm/launch/rjje_arm.launch
[roslaunch][INFO] 2021-09-05 18:21:40,650: Added node of type [robot_state_publisher/robot_state_publisher] in namespace [/]
[roslaunch][INFO] 2021-09-05 18:21:40,650: Added node of type [joint_state_publisher_gui/joint_state_publisher_gui] in namespace [/]
[roslaunch][INFO] 2021-09-05 18:21:40,667: Added node of type [rviz/rviz] in namespace [/]
[roslaunch][INFO] 2021-09-05 18:21:40,669: ... selected machine [] for node of type [robot_state_publisher/robot_state_publisher]
[roslaunch][INFO] 2021-09-05 18:21:40,669: ... selected machine [] for node of type [joint_state_publisher_gui/joint_state_publisher_gui]
[roslaunch][INFO] 2021-09-05 18:21:40,669: ... selected machine [] for node of type [rviz/rviz]
[roslaunch.pmon][INFO] 2021-09-05 18:21:40,671: start_process_monitor: creating ProcessMonitor
[roslaunch.pmon][INFO] 2021-09-05 18:21:40,671: created process monitor <ProcessMonitor(ProcessMonitor-1, initial daemon)>
[roslaunch.pmon][INFO] 2021-09-05 18:21:40,671: start_process_monitor: ProcessMonitor started
[roslaunch.parent][INFO] 2021-09-05 18:21:40,671: starting parent XML-RPC server
[roslaunch.server][INFO] 2021-09-05 18:21:40,671: starting roslaunch XML-RPC server
[roslaunch.server][INFO] 2021-09-05 18:21:40,671: waiting for roslaunch XML-RPC server to initialize
[xmlrpc][INFO] 2021-09-05 18:21:40,672: XML-RPC server binding to 0.0.0.0:0
[xmlrpc][INFO] 2021-09-05 18:21:40,672: Started XML-RPC server [http://RicoSUPERMACHINE:43657/]
[xmlrpc][INFO] 2021-09-05 18:21:40,672: xml rpc node: starting XML-RPC server
[roslaunch][INFO] 2021-09-05 18:21:40,683: started roslaunch server http://RicoSUPERMACHINE:43657/
[roslaunch.parent][INFO] 2021-09-05 18:21:40,683: ... parent XML-RPC server started
[roslaunch][INFO] 2021-09-05 18:21:40,684: master.is_running[http://localhost:11311]
[roslaunch][INFO] 2021-09-05 18:21:40,685: master.is_running[http://localhost:11311]
[roslaunch][INFO] 2021-09-05 18:21:40,686: ROS_MASTER_URI=http://localhost:11311
[roslaunch][INFO] 2021-09-05 18:21:40,688: setting /roslaunch/uris/host_ricosupermachine__43657' to http://RicoSUPERMACHINE:43657/
[roslaunch][INFO] 2021-09-05 18:21:40,688: load_parameters starting ...
[roslaunch][INFO] 2021-09-05 18:21:40,690: ... load_parameters complete
[roslaunch][INFO] 2021-09-05 18:21:40,690: launch_nodes: launching local nodes ...
[roslaunch][INFO] 2021-09-05 18:21:40,691: ... preparing to launch node of type [robot_state_publisher/robot_state_publisher]
[roslaunch][INFO] 2021-09-05 18:21:40,691: create_node_process: package[robot_state_publisher] type[robot_state_publisher] machine[Machine(name[] env_loader[None] address[localhost] ssh_port[22] user[None] assignable[True] timeout[10.0])] master_uri[http://localhost:11311]
[roslaunch][INFO] 2021-09-05 18:21:40,691: process[robot_state_publisher-1]: env[{'ROS_VERSION': '1', 'PKG_CONFIG_PATH': '/home/ricojia/rjje_arm_ws/devel/lib/pkgconfig:/opt/ros/noetic/lib/pkgconfig:/opt/ros/noetic/lib/x86_64-linux-gnu/pkgconfig', 'ROS_PYTHON_VERSION': '3', 'HOSTNAME': 'RicoSUPERMACHINE', 'ROS_PACKAGE_PATH': '/home/ricojia/rjje_arm_ws/src:/opt/ros/noetic/share', 'ROSLISP_PACKAGE_DIRECTORIES': '/home/ricojia/rjje_arm_ws/devel/share/common-lisp', 'PWD': '/home/ricojia/rjje_arm_ws', 'HOME': '/home/ricojia', 'LANG': 'C.UTF-8', 'ROS_ETC_DIR': '/opt/ros/noetic/etc/ros', 'CMAKE_PREFIX_PATH': '/home/ricojia/rjje_arm_ws/devel:/opt/ros/noetic', 'PYTHONPATH': '/opt/ros/noetic/lib/python3/dist-packages', 'TERM': 'xterm', 'DISPLAY': ':0', 'SHLVL': '1', 'ROS_MASTER_URI': 'http://localhost:11311', 'LD_LIBRARY_PATH': '/home/ricojia/rjje_arm_ws/devel/lib:/opt/ros/noetic/lib:/opt/ros/noetic/lib/x86_64-linux-gnu', 'XDG_RUNTIME_DIR': '/run/user/1000', 'LC_ALL': 'C.UTF-8', 'PATH': '/opt/ros/noetic/bin:/usr/local/sbin:/usr/local/bin:/usr/sbin:/usr/bin:/sbin:/bin', 'ROS_ROOT': '/opt/ros/noetic/share/ros', 'ROS_DISTRO': 'noetic', 'QT_X11_NO_MITSHM': '1', 'OLDPWD': '/home/ricojia/rjje_arm_ws/src/rjje_arm/urdf', '_': '/opt/ros/noetic/bin/roslaunch', 'ROS_LOG_FILENAME': '/home/ricojia/.ros/log/6356db6c-0de9-11ec-b3bc-4889e7e50817/roslaunch-RicoSUPERMACHINE-3540.log'}]
[roslaunch][INFO] 2021-09-05 18:21:40,709: process[robot_state_publisher-1]: args[['/opt/ros/noetic/lib/robot_state_publisher/robot_state_publisher', '__name:=robot_state_publisher']]
[roslaunch][INFO] 2021-09-05 18:21:40,709: ... created process [robot_state_publisher-1]
[roslaunch.pmon][INFO] 2021-09-05 18:21:40,710: ProcessMonitor.register[robot_state_publisher-1]
[roslaunch.pmon][INFO] 2021-09-05 18:21:40,710: ProcessMonitor.register[robot_state_publisher-1] complete
[roslaunch][INFO] 2021-09-05 18:21:40,710: ... registered process [robot_state_publisher-1]
[roslaunch][INFO] 2021-09-05 18:21:40,710: process[robot_state_publisher-1]: starting os process
[roslaunch][INFO] 2021-09-05 18:21:40,710: process[robot_state_publisher-1]: start w/ args [['/opt/ros/noetic/lib/robot_state_publisher/robot_state_publisher', '__name:=robot_state_publisher', '__log:=/home/ricojia/.ros/log/6356db6c-0de9-11ec-b3bc-4889e7e50817/robot_state_publisher-1.log']]
[roslaunch][INFO] 2021-09-05 18:21:40,710: process[robot_state_publisher-1]: cwd will be [/home/ricojia/.ros]
[roslaunch][INFO] 2021-09-05 18:21:40,712: process[robot_state_publisher-1]: started with pid [3569]
[roslaunch][INFO] 2021-09-05 18:21:40,713: ... successfully launched [robot_state_publisher-1]
[roslaunch][INFO] 2021-09-05 18:21:40,713: ... preparing to launch node of type [joint_state_publisher_gui/joint_state_publisher_gui]
[roslaunch][INFO] 2021-09-05 18:21:40,713: create_node_process: package[joint_state_publisher_gui] type[joint_state_publisher_gui] machine[Machine(name[] env_loader[None] address[localhost] ssh_port[22] user[None] assignable[True] timeout[10.0])] master_uri[http://localhost:11311]
[roslaunch][INFO] 2021-09-05 18:21:40,713: process[joint_state_publisher_gui-2]: env[{'ROS_VERSION': '1', 'PKG_CONFIG_PATH': '/home/ricojia/rjje_arm_ws/devel/lib/pkgconfig:/opt/ros/noetic/lib/pkgconfig:/opt/ros/noetic/lib/x86_64-linux-gnu/pkgconfig', 'ROS_PYTHON_VERSION': '3', 'HOSTNAME': 'RicoSUPERMACHINE', 'ROS_PACKAGE_PATH': '/home/ricojia/rjje_arm_ws/src:/opt/ros/noetic/share', 'ROSLISP_PACKAGE_DIRECTORIES': '/home/ricojia/rjje_arm_ws/devel/share/common-lisp', 'PWD': '/home/ricojia/rjje_arm_ws', 'HOME': '/home/ricojia', 'LANG': 'C.UTF-8', 'ROS_ETC_DIR': '/opt/ros/noetic/etc/ros', 'CMAKE_PREFIX_PATH': '/home/ricojia/rjje_arm_ws/devel:/opt/ros/noetic', 'PYTHONPATH': '/opt/ros/noetic/lib/python3/dist-packages', 'TERM': 'xterm', 'DISPLAY': ':0', 'SHLVL': '1', 'ROS_MASTER_URI': 'http://localhost:11311', 'LD_LIBRARY_PATH': '/home/ricojia/rjje_arm_ws/devel/lib:/opt/ros/noetic/lib:/opt/ros/noetic/lib/x86_64-linux-gnu', 'XDG_RUNTIME_DIR': '/run/user/1000', 'LC_ALL': 'C.UTF-8', 'PATH': '/opt/ros/noetic/bin:/usr/local/sbin:/usr/local/bin:/usr/sbin:/usr/bin:/sbin:/bin', 'ROS_ROOT': '/opt/ros/noetic/share/ros', 'ROS_DISTRO': 'noetic', 'QT_X11_NO_MITSHM': '1', 'OLDPWD': '/home/ricojia/rjje_arm_ws/src/rjje_arm/urdf', '_': '/opt/ros/noetic/bin/roslaunch', 'ROS_LOG_FILENAME': '/home/ricojia/.ros/log/6356db6c-0de9-11ec-b3bc-4889e7e50817/roslaunch-RicoSUPERMACHINE-3540.log'}]
[roslaunch][INFO] 2021-09-05 18:21:40,714: process[joint_state_publisher_gui-2]: args[['/opt/ros/noetic/lib/joint_state_publisher_gui/joint_state_publisher_gui', '__name:=joint_state_publisher_gui']]
[roslaunch][INFO] 2021-09-05 18:21:40,714: ... created process [joint_state_publisher_gui-2]
[roslaunch.pmon][INFO] 2021-09-05 18:21:40,714: ProcessMonitor.register[joint_state_publisher_gui-2]
[roslaunch.pmon][INFO] 2021-09-05 18:21:40,714: ProcessMonitor.register[joint_state_publisher_gui-2] complete
[roslaunch][INFO] 2021-09-05 18:21:40,714: ... registered process [joint_state_publisher_gui-2]
[roslaunch][INFO] 2021-09-05 18:21:40,714: process[joint_state_publisher_gui-2]: starting os process
[roslaunch][INFO] 2021-09-05 18:21:40,714: process[joint_state_publisher_gui-2]: start w/ args [['/opt/ros/noetic/lib/joint_state_publisher_gui/joint_state_publisher_gui', '__name:=joint_state_publisher_gui', '__log:=/home/ricojia/.ros/log/6356db6c-0de9-11ec-b3bc-4889e7e50817/joint_state_publisher_gui-2.log']]
[roslaunch][INFO] 2021-09-05 18:21:40,714: process[joint_state_publisher_gui-2]: cwd will be [/home/ricojia/.ros]
[roslaunch][INFO] 2021-09-05 18:21:40,716: process[joint_state_publisher_gui-2]: started with pid [3570]
[roslaunch][INFO] 2021-09-05 18:21:40,717: ... successfully launched [joint_state_publisher_gui-2]
[roslaunch][INFO] 2021-09-05 18:21:40,717: ... preparing to launch node of type [rviz/rviz]
[roslaunch][INFO] 2021-09-05 18:21:40,717: create_node_process: package[rviz] type[rviz] machine[Machine(name[] env_loader[None] address[localhost] ssh_port[22] user[None] assignable[True] timeout[10.0])] master_uri[http://localhost:11311]
[roslaunch][INFO] 2021-09-05 18:21:40,717: process[rviz-3]: env[{'ROS_VERSION': '1', 'PKG_CONFIG_PATH': '/home/ricojia/rjje_arm_ws/devel/lib/pkgconfig:/opt/ros/noetic/lib/pkgconfig:/opt/ros/noetic/lib/x86_64-linux-gnu/pkgconfig', 'ROS_PYTHON_VERSION': '3', 'HOSTNAME': 'RicoSUPERMACHINE', 'ROS_PACKAGE_PATH': '/home/ricojia/rjje_arm_ws/src:/opt/ros/noetic/share', 'ROSLISP_PACKAGE_DIRECTORIES': '/home/ricojia/rjje_arm_ws/devel/share/common-lisp', 'PWD': '/home/ricojia/rjje_arm_ws', 'HOME': '/home/ricojia', 'LANG': 'C.UTF-8', 'ROS_ETC_DIR': '/opt/ros/noetic/etc/ros', 'CMAKE_PREFIX_PATH': '/home/ricojia/rjje_arm_ws/devel:/opt/ros/noetic', 'PYTHONPATH': '/opt/ros/noetic/lib/python3/dist-packages', 'TERM': 'xterm', 'DISPLAY': ':0', 'SHLVL': '1', 'ROS_MASTER_URI': 'http://localhost:11311', 'LD_LIBRARY_PATH': '/home/ricojia/rjje_arm_ws/devel/lib:/opt/ros/noetic/lib:/opt/ros/noetic/lib/x86_64-linux-gnu', 'XDG_RUNTIME_DIR': '/run/user/1000', 'LC_ALL': 'C.UTF-8', 'PATH': '/opt/ros/noetic/bin:/usr/local/sbin:/usr/local/bin:/usr/sbin:/usr/bin:/sbin:/bin', 'ROS_ROOT': '/opt/ros/noetic/share/ros', 'ROS_DISTRO': 'noetic', 'QT_X11_NO_MITSHM': '1', 'OLDPWD': '/home/ricojia/rjje_arm_ws/src/rjje_arm/urdf', '_': '/opt/ros/noetic/bin/roslaunch', 'ROS_LOG_FILENAME': '/home/ricojia/.ros/log/6356db6c-0de9-11ec-b3bc-4889e7e50817/roslaunch-RicoSUPERMACHINE-3540.log'}]
[roslaunch][INFO] 2021-09-05 18:21:40,719: process[rviz-3]: args[['/opt/ros/noetic/lib/rviz/rviz', '-d', '/home/ricojia/rjje_arm_ws/src/rjje_arm/rviz/rjje_arm.rviz', '__name:=rviz']]
[roslaunch][INFO] 2021-09-05 18:21:40,719: ... created process [rviz-3]
[roslaunch.pmon][INFO] 2021-09-05 18:21:40,719: ProcessMonitor.register[rviz-3]
[roslaunch.pmon][INFO] 2021-09-05 18:21:40,719: ProcessMonitor.register[rviz-3] complete
[roslaunch][INFO] 2021-09-05 18:21:40,719: ... registered process [rviz-3]
[roslaunch][INFO] 2021-09-05 18:21:40,719: process[rviz-3]: starting os process
[roslaunch][INFO] 2021-09-05 18:21:40,719: process[rviz-3]: start w/ args [['/opt/ros/noetic/lib/rviz/rviz', '-d', '/home/ricojia/rjje_arm_ws/src/rjje_arm/rviz/rjje_arm.rviz', '__name:=rviz', '__log:=/home/ricojia/.ros/log/6356db6c-0de9-11ec-b3bc-4889e7e50817/rviz-3.log']]
[roslaunch][INFO] 2021-09-05 18:21:40,719: process[rviz-3]: cwd will be [/home/ricojia/.ros]
[roslaunch][INFO] 2021-09-05 18:21:40,723: process[rviz-3]: started with pid [3571]
[roslaunch][INFO] 2021-09-05 18:21:40,723: ... successfully launched [rviz-3]
[roslaunch][INFO] 2021-09-05 18:21:40,723: ... launch_nodes complete
[roslaunch.pmon][INFO] 2021-09-05 18:21:40,723: registrations completed <ProcessMonitor(ProcessMonitor-1, started daemon 139775614166784)>
[roslaunch.parent][INFO] 2021-09-05 18:21:40,724: ... roslaunch parent running, waiting for process exit
[roslaunch][INFO] 2021-09-05 18:21:40,724: spin
[roslaunch.pmon][INFO] 2021-09-05 18:21:45,625: ProcessMonitor.shutdown <ProcessMonitor(ProcessMonitor-1, started daemon 139775614166784)>
[roslaunch.pmon][INFO] 2021-09-05 18:21:45,682: ProcessMonitor._post_run <ProcessMonitor(ProcessMonitor-1, started daemon 139775614166784)>
[roslaunch.pmon][INFO] 2021-09-05 18:21:45,683: ProcessMonitor._post_run <ProcessMonitor(ProcessMonitor-1, started daemon 139775614166784)>: remaining procs are [<roslaunch.nodeprocess.LocalProcess object at 0x7f1ff0fb1b80>, <roslaunch.nodeprocess.LocalProcess object at 0x7f1ff0fb18b0>, <roslaunch.nodeprocess.LocalProcess object at 0x7f1ff0fb1400>]
[roslaunch.pmon][INFO] 2021-09-05 18:21:45,683: ProcessMonitor exit: killing rviz-3
[roslaunch][INFO] 2021-09-05 18:21:45,683: [rviz-3] killing on exit
[roslaunch.pmon][INFO] 2021-09-05 18:21:45,683: ProcessMonitor exit: killing joint_state_publisher_gui-2
[roslaunch.pmon][INFO] 2021-09-05 18:21:45,683: ProcessMonitor exit: killing robot_state_publisher-1
[roslaunch][INFO] 2021-09-05 18:21:45,684: process[rviz-3]: killing os process with pid[3571] pgid[3571]
[roslaunch][INFO] 2021-09-05 18:21:45,684: [joint_state_publisher_gui-2] killing on exit
[roslaunch][INFO] 2021-09-05 18:21:45,684: [robot_state_publisher-1] killing on exit
[roslaunch][INFO] 2021-09-05 18:21:45,684: [rviz-3] sending SIGINT to pgid [3571]
[roslaunch][INFO] 2021-09-05 18:21:45,685: process[joint_state_publisher_gui-2]: killing os process with pid[3570] pgid[3570]
[roslaunch][INFO] 2021-09-05 18:21:45,685: process[robot_state_publisher-1]: killing os process with pid[3569] pgid[3569]
[roslaunch][INFO] 2021-09-05 18:21:45,686: [rviz-3] sent SIGINT to pgid [3571]
[roslaunch][INFO] 2021-09-05 18:21:45,686: [joint_state_publisher_gui-2] sending SIGINT to pgid [3570]
[roslaunch][INFO] 2021-09-05 18:21:45,686: [robot_state_publisher-1] sending SIGINT to pgid [3569]
[roslaunch][INFO] 2021-09-05 18:21:45,686: [joint_state_publisher_gui-2] sent SIGINT to pgid [3570]
[roslaunch][INFO] 2021-09-05 18:21:45,686: [robot_state_publisher-1] sent SIGINT to pgid [3569]
[roslaunch][INFO] 2021-09-05 18:21:45,786: process[joint_state_publisher_gui-2]: SIGINT killed with return value -2
[roslaunch][INFO] 2021-09-05 18:21:45,887: process[robot_state_publisher-1]: SIGINT killed with return value 0
[roslaunch][INFO] 2021-09-05 18:21:45,986: process[rviz-3]: SIGINT killed with return value 0
[roslaunch.pmon][INFO] 2021-09-05 18:21:45,987: ProcessMonitor exit: cleaning up data structures and signals
[roslaunch.pmon][INFO] 2021-09-05 18:21:45,987: ProcessMonitor exit: pmon has shutdown
[roslaunch][INFO] 2021-09-05 18:21:45,987: process monitor is done spinning, initiating full shutdown
[roslaunch][INFO] 2021-09-05 18:21:45,987: runner.stop()
[roslaunch][INFO] 2021-09-05 18:21:45,987: shutting down processing monitor...
[roslaunch][INFO] 2021-09-05 18:21:45,987: shutting down processing monitor <ProcessMonitor(ProcessMonitor-1, stopped daemon 139775614166784)>
[roslaunch.pmon][INFO] 2021-09-05 18:21:45,988: ProcessMonitor.shutdown <ProcessMonitor(ProcessMonitor-1, stopped daemon 139775614166784)>
[roslaunch][INFO] 2021-09-05 18:21:45,988: ... shutting down processing monitor complete
[roslaunch][INFO] 2021-09-05 18:21:45,988: done
[roslaunch.pmon][INFO] 2021-09-05 18:21:45,988: ProcessMonitor.shutdown <ProcessMonitor(ProcessMonitor-1, stopped daemon 139775614166784)>
[rospy.core][INFO] 2021-09-05 18:21:45,988: signal_shutdown [atexit]
