[roslaunch][INFO] 2021-09-05 18:01:33,852: Checking log directory for disk usage. This may take a while.
Press Ctrl-C to interrupt
[roslaunch][INFO] 2021-09-05 18:01:33,855: Done checking log file disk usage. Usage is <1GB.
[roslaunch][INFO] 2021-09-05 18:01:33,855: roslaunch starting with args ['/opt/ros/noetic/bin/roslaunch', 'rjje_arm', 'rjje_arm.launch']
[roslaunch][INFO] 2021-09-05 18:01:33,855: roslaunch env is environ({'ROS_VERSION': '1', 'PKG_CONFIG_PATH': '/home/ricojia/rjje_arm_ws/devel/lib/pkgconfig:/opt/ros/noetic/lib/pkgconfig:/opt/ros/noetic/lib/x86_64-linux-gnu/pkgconfig', 'ROS_PYTHON_VERSION': '3', 'HOSTNAME': 'RicoSUPERMACHINE', 'ROS_PACKAGE_PATH': '/home/ricojia/rjje_arm_ws/src:/opt/ros/noetic/share', 'ROSLISP_PACKAGE_DIRECTORIES': '/home/ricojia/rjje_arm_ws/devel/share/common-lisp', 'PWD': '/home/ricojia/rjje_arm_ws', 'HOME': '/home/ricojia', 'LANG': 'C.UTF-8', 'ROS_ETC_DIR': '/opt/ros/noetic/etc/ros', 'CMAKE_PREFIX_PATH': '/home/ricojia/rjje_arm_ws/devel:/opt/ros/noetic', 'PYTHONPATH': '/opt/ros/noetic/lib/python3/dist-packages', 'TERM': 'xterm', 'DISPLAY': ':0', 'SHLVL': '1', 'ROS_MASTER_URI': 'http://localhost:11311', 'LD_LIBRARY_PATH': '/home/ricojia/rjje_arm_ws/devel/lib:/opt/ros/noetic/lib:/opt/ros/noetic/lib/x86_64-linux-gnu', 'XDG_RUNTIME_DIR': '/run/user/1000', 'LC_ALL': 'C.UTF-8', 'PATH': '/opt/ros/noetic/bin:/usr/local/sbin:/usr/local/bin:/usr/sbin:/usr/bin:/sbin:/bin', 'ROS_ROOT': '/opt/ros/noetic/share/ros', 'ROS_DISTRO': 'noetic', 'QT_X11_NO_MITSHM': '1', 'OLDPWD': '/home/ricojia/rjje_arm_ws/src/rjje_arm/urdf', '_': '/opt/ros/noetic/bin/roslaunch', 'ROS_LOG_FILENAME': '/home/ricojia/.ros/log/6356db6c-0de9-11ec-b3bc-4889e7e50817/roslaunch-RicoSUPERMACHINE-3298.log'})
[roslaunch][INFO] 2021-09-05 18:01:33,855: starting in server mode
[roslaunch.parent][INFO] 2021-09-05 18:01:33,855: starting roslaunch parent run
[roslaunch][INFO] 2021-09-05 18:01:33,855: loading roscore config file /opt/ros/noetic/etc/ros/roscore.xml
[roslaunch][INFO] 2021-09-05 18:01:34,221: Added core node of type [rosout/rosout] in namespace [/]
[roslaunch.config][INFO] 2021-09-05 18:01:34,221: loading config file /home/ricojia/rjje_arm_ws/src/rjje_arm/launch/rjje_arm.launch
[roslaunch][INFO] 2021-09-05 18:01:34,221: Added node of type [robot_state_publisher/robot_state_publisher] in namespace [/]
[roslaunch][INFO] 2021-09-05 18:01:34,221: Added node of type [joint_state_publisher_gui/joint_state_publisher_gui] in namespace [/]
[roslaunch][INFO] 2021-09-05 18:01:34,239: Added node of type [rviz/rviz] in namespace [/]
[roslaunch][INFO] 2021-09-05 18:01:34,242: ... selected machine [] for node of type [robot_state_publisher/robot_state_publisher]
[roslaunch][INFO] 2021-09-05 18:01:34,242: ... selected machine [] for node of type [joint_state_publisher_gui/joint_state_publisher_gui]
[roslaunch][INFO] 2021-09-05 18:01:34,242: ... selected machine [] for node of type [rviz/rviz]
[roslaunch.pmon][INFO] 2021-09-05 18:01:34,244: start_process_monitor: creating ProcessMonitor
[roslaunch.pmon][INFO] 2021-09-05 18:01:34,244: created process monitor <ProcessMonitor(ProcessMonitor-1, initial daemon)>
[roslaunch.pmon][INFO] 2021-09-05 18:01:34,244: start_process_monitor: ProcessMonitor started
[roslaunch.parent][INFO] 2021-09-05 18:01:34,244: starting parent XML-RPC server
[roslaunch.server][INFO] 2021-09-05 18:01:34,244: starting roslaunch XML-RPC server
[roslaunch.server][INFO] 2021-09-05 18:01:34,245: waiting for roslaunch XML-RPC server to initialize
[xmlrpc][INFO] 2021-09-05 18:01:34,245: XML-RPC server binding to 0.0.0.0:0
[xmlrpc][INFO] 2021-09-05 18:01:34,245: Started XML-RPC server [http://RicoSUPERMACHINE:34935/]
[xmlrpc][INFO] 2021-09-05 18:01:34,245: xml rpc node: starting XML-RPC server
[roslaunch][INFO] 2021-09-05 18:01:34,256: started roslaunch server http://RicoSUPERMACHINE:34935/
[roslaunch.parent][INFO] 2021-09-05 18:01:34,256: ... parent XML-RPC server started
[roslaunch][INFO] 2021-09-05 18:01:34,256: master.is_running[http://localhost:11311]
[roslaunch][INFO] 2021-09-05 18:01:34,257: master.is_running[http://localhost:11311]
[roslaunch][INFO] 2021-09-05 18:01:34,258: ROS_MASTER_URI=http://localhost:11311
[roslaunch][INFO] 2021-09-05 18:01:34,260: setting /roslaunch/uris/host_ricosupermachine__34935' to http://RicoSUPERMACHINE:34935/
[roslaunch][INFO] 2021-09-05 18:01:34,260: load_parameters starting ...
[roslaunch][INFO] 2021-09-05 18:01:34,262: ... load_parameters complete
[roslaunch][INFO] 2021-09-05 18:01:34,262: launch_nodes: launching local nodes ...
[roslaunch][INFO] 2021-09-05 18:01:34,262: ... preparing to launch node of type [robot_state_publisher/robot_state_publisher]
[roslaunch][INFO] 2021-09-05 18:01:34,262: create_node_process: package[robot_state_publisher] type[robot_state_publisher] machine[Machine(name[] env_loader[None] address[localhost] ssh_port[22] user[None] assignable[True] timeout[10.0])] master_uri[http://localhost:11311]
[roslaunch][INFO] 2021-09-05 18:01:34,263: process[robot_state_publisher-1]: env[{'ROS_VERSION': '1', 'PKG_CONFIG_PATH': '/home/ricojia/rjje_arm_ws/devel/lib/pkgconfig:/opt/ros/noetic/lib/pkgconfig:/opt/ros/noetic/lib/x86_64-linux-gnu/pkgconfig', 'ROS_PYTHON_VERSION': '3', 'HOSTNAME': 'RicoSUPERMACHINE', 'ROS_PACKAGE_PATH': '/home/ricojia/rjje_arm_ws/src:/opt/ros/noetic/share', 'ROSLISP_PACKAGE_DIRECTORIES': '/home/ricojia/rjje_arm_ws/devel/share/common-lisp', 'PWD': '/home/ricojia/rjje_arm_ws', 'HOME': '/home/ricojia', 'LANG': 'C.UTF-8', 'ROS_ETC_DIR': '/opt/ros/noetic/etc/ros', 'CMAKE_PREFIX_PATH': '/home/ricojia/rjje_arm_ws/devel:/opt/ros/noetic', 'PYTHONPATH': '/opt/ros/noetic/lib/python3/dist-packages', 'TERM': 'xterm', 'DISPLAY': ':0', 'SHLVL': '1', 'ROS_MASTER_URI': 'http://localhost:11311', 'LD_LIBRARY_PATH': '/home/ricojia/rjje_arm_ws/devel/lib:/opt/ros/noetic/lib:/opt/ros/noetic/lib/x86_64-linux-gnu', 'XDG_RUNTIME_DIR': '/run/user/1000', 'LC_ALL': 'C.UTF-8', 'PATH': '/opt/ros/noetic/bin:/usr/local/sbin:/usr/local/bin:/usr/sbin:/usr/bin:/sbin:/bin', 'ROS_ROOT': '/opt/ros/noetic/share/ros', 'ROS_DISTRO': 'noetic', 'QT_X11_NO_MITSHM': '1', 'OLDPWD': '/home/ricojia/rjje_arm_ws/src/rjje_arm/urdf', '_': '/opt/ros/noetic/bin/roslaunch', 'ROS_LOG_FILENAME': '/home/ricojia/.ros/log/6356db6c-0de9-11ec-b3bc-4889e7e50817/roslaunch-RicoSUPERMACHINE-3298.log'}]
[roslaunch][INFO] 2021-09-05 18:01:34,283: process[robot_state_publisher-1]: args[['/opt/ros/noetic/lib/robot_state_publisher/robot_state_publisher', '__name:=robot_state_publisher']]
[roslaunch][INFO] 2021-09-05 18:01:34,283: ... created process [robot_state_publisher-1]
[roslaunch.pmon][INFO] 2021-09-05 18:01:34,283: ProcessMonitor.register[robot_state_publisher-1]
[roslaunch.pmon][INFO] 2021-09-05 18:01:34,283: ProcessMonitor.register[robot_state_publisher-1] complete
[roslaunch][INFO] 2021-09-05 18:01:34,283: ... registered process [robot_state_publisher-1]
[roslaunch][INFO] 2021-09-05 18:01:34,283: process[robot_state_publisher-1]: starting os process
[roslaunch][INFO] 2021-09-05 18:01:34,283: process[robot_state_publisher-1]: start w/ args [['/opt/ros/noetic/lib/robot_state_publisher/robot_state_publisher', '__name:=robot_state_publisher', '__log:=/home/ricojia/.ros/log/6356db6c-0de9-11ec-b3bc-4889e7e50817/robot_state_publisher-1.log']]
[roslaunch][INFO] 2021-09-05 18:01:34,283: process[robot_state_publisher-1]: cwd will be [/home/ricojia/.ros]
[roslaunch][INFO] 2021-09-05 18:01:34,286: process[robot_state_publisher-1]: started with pid [3327]
[roslaunch][INFO] 2021-09-05 18:01:34,286: ... successfully launched [robot_state_publisher-1]
[roslaunch][INFO] 2021-09-05 18:01:34,286: ... preparing to launch node of type [joint_state_publisher_gui/joint_state_publisher_gui]
[roslaunch][INFO] 2021-09-05 18:01:34,286: create_node_process: package[joint_state_publisher_gui] type[joint_state_publisher_gui] machine[Machine(name[] env_loader[None] address[localhost] ssh_port[22] user[None] assignable[True] timeout[10.0])] master_uri[http://localhost:11311]
[roslaunch][INFO] 2021-09-05 18:01:34,286: process[joint_state_publisher_gui-2]: env[{'ROS_VERSION': '1', 'PKG_CONFIG_PATH': '/home/ricojia/rjje_arm_ws/devel/lib/pkgconfig:/opt/ros/noetic/lib/pkgconfig:/opt/ros/noetic/lib/x86_64-linux-gnu/pkgconfig', 'ROS_PYTHON_VERSION': '3', 'HOSTNAME': 'RicoSUPERMACHINE', 'ROS_PACKAGE_PATH': '/home/ricojia/rjje_arm_ws/src:/opt/ros/noetic/share', 'ROSLISP_PACKAGE_DIRECTORIES': '/home/ricojia/rjje_arm_ws/devel/share/common-lisp', 'PWD': '/home/ricojia/rjje_arm_ws', 'HOME': '/home/ricojia', 'LANG': 'C.UTF-8', 'ROS_ETC_DIR': '/opt/ros/noetic/etc/ros', 'CMAKE_PREFIX_PATH': '/home/ricojia/rjje_arm_ws/devel:/opt/ros/noetic', 'PYTHONPATH': '/opt/ros/noetic/lib/python3/dist-packages', 'TERM': 'xterm', 'DISPLAY': ':0', 'SHLVL': '1', 'ROS_MASTER_URI': 'http://localhost:11311', 'LD_LIBRARY_PATH': '/home/ricojia/rjje_arm_ws/devel/lib:/opt/ros/noetic/lib:/opt/ros/noetic/lib/x86_64-linux-gnu', 'XDG_RUNTIME_DIR': '/run/user/1000', 'LC_ALL': 'C.UTF-8', 'PATH': '/opt/ros/noetic/bin:/usr/local/sbin:/usr/local/bin:/usr/sbin:/usr/bin:/sbin:/bin', 'ROS_ROOT': '/opt/ros/noetic/share/ros', 'ROS_DISTRO': 'noetic', 'QT_X11_NO_MITSHM': '1', 'OLDPWD': '/home/ricojia/rjje_arm_ws/src/rjje_arm/urdf', '_': '/opt/ros/noetic/bin/roslaunch', 'ROS_LOG_FILENAME': '/home/ricojia/.ros/log/6356db6c-0de9-11ec-b3bc-4889e7e50817/roslaunch-RicoSUPERMACHINE-3298.log'}]
[roslaunch][INFO] 2021-09-05 18:01:34,287: process[joint_state_publisher_gui-2]: args[['/opt/ros/noetic/lib/joint_state_publisher_gui/joint_state_publisher_gui', '__name:=joint_state_publisher_gui']]
[roslaunch][INFO] 2021-09-05 18:01:34,287: ... created process [joint_state_publisher_gui-2]
[roslaunch.pmon][INFO] 2021-09-05 18:01:34,287: ProcessMonitor.register[joint_state_publisher_gui-2]
[roslaunch.pmon][INFO] 2021-09-05 18:01:34,287: ProcessMonitor.register[joint_state_publisher_gui-2] complete
[roslaunch][INFO] 2021-09-05 18:01:34,287: ... registered process [joint_state_publisher_gui-2]
[roslaunch][INFO] 2021-09-05 18:01:34,287: process[joint_state_publisher_gui-2]: starting os process
[roslaunch][INFO] 2021-09-05 18:01:34,287: process[joint_state_publisher_gui-2]: start w/ args [['/opt/ros/noetic/lib/joint_state_publisher_gui/joint_state_publisher_gui', '__name:=joint_state_publisher_gui', '__log:=/home/ricojia/.ros/log/6356db6c-0de9-11ec-b3bc-4889e7e50817/joint_state_publisher_gui-2.log']]
[roslaunch][INFO] 2021-09-05 18:01:34,287: process[joint_state_publisher_gui-2]: cwd will be [/home/ricojia/.ros]
[roslaunch][INFO] 2021-09-05 18:01:34,289: process[joint_state_publisher_gui-2]: started with pid [3328]
[roslaunch][INFO] 2021-09-05 18:01:34,290: ... successfully launched [joint_state_publisher_gui-2]
[roslaunch][INFO] 2021-09-05 18:01:34,290: ... preparing to launch node of type [rviz/rviz]
[roslaunch][INFO] 2021-09-05 18:01:34,290: create_node_process: package[rviz] type[rviz] machine[Machine(name[] env_loader[None] address[localhost] ssh_port[22] user[None] assignable[True] timeout[10.0])] master_uri[http://localhost:11311]
[roslaunch][INFO] 2021-09-05 18:01:34,290: process[rviz-3]: env[{'ROS_VERSION': '1', 'PKG_CONFIG_PATH': '/home/ricojia/rjje_arm_ws/devel/lib/pkgconfig:/opt/ros/noetic/lib/pkgconfig:/opt/ros/noetic/lib/x86_64-linux-gnu/pkgconfig', 'ROS_PYTHON_VERSION': '3', 'HOSTNAME': 'RicoSUPERMACHINE', 'ROS_PACKAGE_PATH': '/home/ricojia/rjje_arm_ws/src:/opt/ros/noetic/share', 'ROSLISP_PACKAGE_DIRECTORIES': '/home/ricojia/rjje_arm_ws/devel/share/common-lisp', 'PWD': '/home/ricojia/rjje_arm_ws', 'HOME': '/home/ricojia', 'LANG': 'C.UTF-8', 'ROS_ETC_DIR': '/opt/ros/noetic/etc/ros', 'CMAKE_PREFIX_PATH': '/home/ricojia/rjje_arm_ws/devel:/opt/ros/noetic', 'PYTHONPATH': '/opt/ros/noetic/lib/python3/dist-packages', 'TERM': 'xterm', 'DISPLAY': ':0', 'SHLVL': '1', 'ROS_MASTER_URI': 'http://localhost:11311', 'LD_LIBRARY_PATH': '/home/ricojia/rjje_arm_ws/devel/lib:/opt/ros/noetic/lib:/opt/ros/noetic/lib/x86_64-linux-gnu', 'XDG_RUNTIME_DIR': '/run/user/1000', 'LC_ALL': 'C.UTF-8', 'PATH': '/opt/ros/noetic/bin:/usr/local/sbin:/usr/local/bin:/usr/sbin:/usr/bin:/sbin:/bin', 'ROS_ROOT': '/opt/ros/noetic/share/ros', 'ROS_DISTRO': 'noetic', 'QT_X11_NO_MITSHM': '1', 'OLDPWD': '/home/ricojia/rjje_arm_ws/src/rjje_arm/urdf', '_': '/opt/ros/noetic/bin/roslaunch', 'ROS_LOG_FILENAME': '/home/ricojia/.ros/log/6356db6c-0de9-11ec-b3bc-4889e7e50817/roslaunch-RicoSUPERMACHINE-3298.log'}]
[roslaunch][INFO] 2021-09-05 18:01:34,291: process[rviz-3]: args[['/opt/ros/noetic/lib/rviz/rviz', '-d', '/home/ricojia/rjje_arm_ws/src/rjje_arm/rviz/rjje_arm.rviz', '__name:=rviz']]
[roslaunch][INFO] 2021-09-05 18:01:34,291: ... created process [rviz-3]
[roslaunch.pmon][INFO] 2021-09-05 18:01:34,291: ProcessMonitor.register[rviz-3]
[roslaunch.pmon][INFO] 2021-09-05 18:01:34,292: ProcessMonitor.register[rviz-3] complete
[roslaunch][INFO] 2021-09-05 18:01:34,292: ... registered process [rviz-3]
[roslaunch][INFO] 2021-09-05 18:01:34,292: process[rviz-3]: starting os process
[roslaunch][INFO] 2021-09-05 18:01:34,292: process[rviz-3]: start w/ args [['/opt/ros/noetic/lib/rviz/rviz', '-d', '/home/ricojia/rjje_arm_ws/src/rjje_arm/rviz/rjje_arm.rviz', '__name:=rviz', '__log:=/home/ricojia/.ros/log/6356db6c-0de9-11ec-b3bc-4889e7e50817/rviz-3.log']]
[roslaunch][INFO] 2021-09-05 18:01:34,292: process[rviz-3]: cwd will be [/home/ricojia/.ros]
[roslaunch][INFO] 2021-09-05 18:01:34,296: process[rviz-3]: started with pid [3329]
[roslaunch][INFO] 2021-09-05 18:01:34,296: ... successfully launched [rviz-3]
[roslaunch][INFO] 2021-09-05 18:01:34,296: ... launch_nodes complete
[roslaunch.pmon][INFO] 2021-09-05 18:01:34,297: registrations completed <ProcessMonitor(ProcessMonitor-1, started daemon 139837974812416)>
[roslaunch.parent][INFO] 2021-09-05 18:01:34,297: ... roslaunch parent running, waiting for process exit
[roslaunch][INFO] 2021-09-05 18:01:34,297: spin
[roslaunch][ERROR] 2021-09-05 18:01:45,068: ================================================================================REQUIRED process [rviz-3] has died!
process has finished cleanly
log file: /home/ricojia/.ros/log/6356db6c-0de9-11ec-b3bc-4889e7e50817/rviz-3*.log
Initiating shutdown!
================================================================================
[roslaunch.pmon][INFO] 2021-09-05 18:01:45,169: ProcessMonitor._post_run <ProcessMonitor(ProcessMonitor-1, started daemon 139837974812416)>
[roslaunch.pmon][INFO] 2021-09-05 18:01:45,169: ProcessMonitor._post_run <ProcessMonitor(ProcessMonitor-1, started daemon 139837974812416)>: remaining procs are [<roslaunch.nodeprocess.LocalProcess object at 0x7f2e75f709a0>, <roslaunch.nodeprocess.LocalProcess object at 0x7f2e75f70430>, <roslaunch.nodeprocess.LocalProcess object at 0x7f2e75f70e20>]
[roslaunch.pmon][INFO] 2021-09-05 18:01:45,169: ProcessMonitor exit: killing rviz-3
[roslaunch][INFO] 2021-09-05 18:01:45,170: [rviz-3] killing on exit
[roslaunch.pmon][INFO] 2021-09-05 18:01:45,170: ProcessMonitor exit: killing joint_state_publisher_gui-2
[roslaunch.pmon][INFO] 2021-09-05 18:01:45,170: ProcessMonitor exit: killing robot_state_publisher-1
[roslaunch][INFO] 2021-09-05 18:01:45,171: [robot_state_publisher-1] killing on exit
[roslaunch][INFO] 2021-09-05 18:01:45,170: [joint_state_publisher_gui-2] killing on exit
[roslaunch][INFO] 2021-09-05 18:01:45,171: process[joint_state_publisher_gui-2]: killing os process with pid[3328] pgid[3328]
[roslaunch][INFO] 2021-09-05 18:01:45,171: process[robot_state_publisher-1]: killing os process with pid[3327] pgid[3327]
[roslaunch][INFO] 2021-09-05 18:01:45,171: [joint_state_publisher_gui-2] sending SIGINT to pgid [3328]
[roslaunch][INFO] 2021-09-05 18:01:45,171: [robot_state_publisher-1] sending SIGINT to pgid [3327]
[roslaunch][INFO] 2021-09-05 18:01:45,172: [joint_state_publisher_gui-2] sent SIGINT to pgid [3328]
[roslaunch][INFO] 2021-09-05 18:01:45,172: [robot_state_publisher-1] sent SIGINT to pgid [3327]
[roslaunch][INFO] 2021-09-05 18:01:45,272: process[joint_state_publisher_gui-2]: SIGINT killed with return value -2
[roslaunch][INFO] 2021-09-05 18:01:45,272: process[robot_state_publisher-1]: SIGINT killed with return value 0
[roslaunch.pmon][INFO] 2021-09-05 18:01:45,272: ProcessMonitor exit: cleaning up data structures and signals
[roslaunch.pmon][INFO] 2021-09-05 18:01:45,273: ProcessMonitor exit: pmon has shutdown
[roslaunch][INFO] 2021-09-05 18:01:45,314: process monitor is done spinning, initiating full shutdown
[roslaunch][INFO] 2021-09-05 18:01:45,315: runner.stop()
[roslaunch][INFO] 2021-09-05 18:01:45,315: shutting down processing monitor...
[roslaunch][INFO] 2021-09-05 18:01:45,315: shutting down processing monitor <ProcessMonitor(ProcessMonitor-1, stopped daemon 139837974812416)>
[roslaunch.pmon][INFO] 2021-09-05 18:01:45,315: ProcessMonitor.shutdown <ProcessMonitor(ProcessMonitor-1, stopped daemon 139837974812416)>
[roslaunch][INFO] 2021-09-05 18:01:45,315: ... shutting down processing monitor complete
[roslaunch][INFO] 2021-09-05 18:01:45,315: done
[roslaunch.pmon][INFO] 2021-09-05 18:01:45,315: ProcessMonitor.shutdown <ProcessMonitor(ProcessMonitor-1, stopped daemon 139837974812416)>
[rospy.core][INFO] 2021-09-05 18:01:45,315: signal_shutdown [atexit]
