[roslaunch][INFO] 2021-09-05 04:11:55,774: Checking log directory for disk usage. This may take a while.
Press Ctrl-C to interrupt
[roslaunch][INFO] 2021-09-05 04:11:55,777: Done checking log file disk usage. Usage is <1GB.
[roslaunch][INFO] 2021-09-05 04:11:55,777: roslaunch starting with args ['/opt/ros/noetic/bin/roslaunch', 'rjje_arm', 'rjje_arm.launch']
[roslaunch][INFO] 2021-09-05 04:11:55,777: roslaunch env is environ({'ROS_VERSION': '1', 'PKG_CONFIG_PATH': '/home/ricojia/rjje_arm_ws/devel/lib/pkgconfig:/opt/ros/noetic/lib/pkgconfig:/opt/ros/noetic/lib/x86_64-linux-gnu/pkgconfig', 'ROS_PYTHON_VERSION': '3', 'HOSTNAME': 'RicoSUPERMACHINE', 'ROS_PACKAGE_PATH': '/home/ricojia/rjje_arm_ws/src:/opt/ros/noetic/share', 'ROSLISP_PACKAGE_DIRECTORIES': '/home/ricojia/rjje_arm_ws/devel/share/common-lisp', 'PWD': '/home/ricojia/rjje_arm_ws', 'HOME': '/home/ricojia', 'LANG': 'C.UTF-8', 'ROS_ETC_DIR': '/opt/ros/noetic/etc/ros', 'CMAKE_PREFIX_PATH': '/home/ricojia/rjje_arm_ws/devel:/opt/ros/noetic', 'PYTHONPATH': '/opt/ros/noetic/lib/python3/dist-packages', 'TERM': 'xterm', 'DISPLAY': ':0', 'SHLVL': '1', 'ROS_MASTER_URI': 'http://localhost:11311', 'LD_LIBRARY_PATH': '/home/ricojia/rjje_arm_ws/devel/lib:/opt/ros/noetic/lib:/opt/ros/noetic/lib/x86_64-linux-gnu', 'XDG_RUNTIME_DIR': '/run/user/1000', 'LC_ALL': 'C.UTF-8', 'PATH': '/opt/ros/noetic/bin:/usr/local/sbin:/usr/local/bin:/usr/sbin:/usr/bin:/sbin:/bin', 'ROS_ROOT': '/opt/ros/noetic/share/ros', 'ROS_DISTRO': 'noetic', 'QT_X11_NO_MITSHM': '1', 'OLDPWD': '/home/ricojia/rjje_arm_ws/src', '_': '/opt/ros/noetic/bin/roslaunch', 'ROS_LOG_FILENAME': '/home/ricojia/.ros/log/6356db6c-0de9-11ec-b3bc-4889e7e50817/roslaunch-RicoSUPERMACHINE-2149.log'})
[roslaunch][INFO] 2021-09-05 04:11:55,777: starting in server mode
[roslaunch.parent][INFO] 2021-09-05 04:11:55,777: starting roslaunch parent run
[roslaunch][INFO] 2021-09-05 04:11:55,778: loading roscore config file /opt/ros/noetic/etc/ros/roscore.xml
[roslaunch][INFO] 2021-09-05 04:11:56,141: Added core node of type [rosout/rosout] in namespace [/]
[roslaunch.config][INFO] 2021-09-05 04:11:56,142: loading config file /home/ricojia/rjje_arm_ws/src/rjje_arm/launch/rjje_arm.launch
[roslaunch][INFO] 2021-09-05 04:11:56,142: Added node of type [robot_state_publisher/robot_state_publisher] in namespace [/]
[roslaunch][INFO] 2021-09-05 04:11:56,142: Added node of type [joint_state_publisher_gui/joint_state_publisher_gui] in namespace [/]
[roslaunch][ERROR] 2021-09-05 04:11:56,159: Resource not found: omnid
ROS path [0]=/opt/ros/noetic/share/ros
ROS path [1]=/home/ricojia/rjje_arm_ws/src
ROS path [2]=/opt/ros/noetic/share
[roslaunch][ERROR] 2021-09-05 04:11:56,160: The traceback for the exception was written to the log file
[roslaunch][ERROR] 2021-09-05 04:11:56,160: Traceback (most recent call last):
  File "/opt/ros/noetic/lib/python3/dist-packages/roslaunch/__init__.py", line 347, in main
    p.start()
  File "/opt/ros/noetic/lib/python3/dist-packages/roslaunch/parent.py", line 305, in start
    self._start_infrastructure()
  File "/opt/ros/noetic/lib/python3/dist-packages/roslaunch/parent.py", line 254, in _start_infrastructure
    self._load_config()
  File "/opt/ros/noetic/lib/python3/dist-packages/roslaunch/parent.py", line 156, in _load_config
    self.config = roslaunch.config.load_config_default(self.roslaunch_files, self.port,
  File "/opt/ros/noetic/lib/python3/dist-packages/roslaunch/config.py", line 461, in load_config_default
    loader.load(f, config, argv=args, verbose=verbose)
  File "/opt/ros/noetic/lib/python3/dist-packages/roslaunch/xmlloader.py", line 761, in load
    self._load_launch(launch, ros_config, is_core=core, filename=filename, argv=argv, verbose=verbose)
  File "/opt/ros/noetic/lib/python3/dist-packages/roslaunch/xmlloader.py", line 733, in _load_launch
    self._recurse_load(ros_config, launch.childNodes, self.root_context, None, is_core, verbose)
  File "/opt/ros/noetic/lib/python3/dist-packages/roslaunch/xmlloader.py", line 671, in _recurse_load
    n = self._node_tag(tag, context, ros_config, default_machine, verbose=verbose)
  File "/opt/ros/noetic/lib/python3/dist-packages/roslaunch/xmlloader.py", line 96, in call
    return f(*args, **kwds)
  File "/opt/ros/noetic/lib/python3/dist-packages/roslaunch/xmlloader.py", line 388, in _node_tag
    required = self.opt_attrs(tag, context, ('machine', 'args',
  File "/opt/ros/noetic/lib/python3/dist-packages/roslaunch/xmlloader.py", line 208, in opt_attrs
    return [self.resolve_args(tag_value(tag,a), context) for a in attrs]
  File "/opt/ros/noetic/lib/python3/dist-packages/roslaunch/xmlloader.py", line 208, in <listcomp>
    return [self.resolve_args(tag_value(tag,a), context) for a in attrs]
  File "/opt/ros/noetic/lib/python3/dist-packages/roslaunch/xmlloader.py", line 189, in resolve_args
    return substitution_args.resolve_args(args, context=context.resolve_dict, resolve_anon=self.resolve_anon)
  File "/opt/ros/noetic/lib/python3/dist-packages/roslaunch/substitution_args.py", line 392, in resolve_args
    resolved = _resolve_args(resolved, context, resolve_anon, commands)
  File "/opt/ros/noetic/lib/python3/dist-packages/roslaunch/substitution_args.py", line 405, in _resolve_args
    resolved = commands[command](resolved, a, args, context)
  File "/opt/ros/noetic/lib/python3/dist-packages/roslaunch/substitution_args.py", line 164, in _find
    res = _find_executable(
  File "/opt/ros/noetic/lib/python3/dist-packages/roslaunch/substitution_args.py", line 212, in _find_executable
    full_path = _get_executable_path(rp.get_path(args[0]), path)
  File "/usr/lib/python3/dist-packages/rospkg/rospack.py", line 207, in get_path
    raise ResourceNotFound(name, ros_paths=self._ros_paths)
rospkg.common.ResourceNotFound: omnid
ROS path [0]=/opt/ros/noetic/share/ros
ROS path [1]=/home/ricojia/rjje_arm_ws/src
ROS path [2]=/opt/ros/noetic/share

[rospy.core][INFO] 2021-09-05 04:11:56,161: signal_shutdown [atexit]
