[roslaunch][INFO] 2021-09-05 19:07:35,841: Checking log directory for disk usage. This may take a while.
Press Ctrl-C to interrupt
[roslaunch][INFO] 2021-09-05 19:07:35,844: Done checking log file disk usage. Usage is <1GB.
[roslaunch][INFO] 2021-09-05 19:07:35,844: roslaunch starting with args ['/opt/ros/noetic/bin/roslaunch', 'rjje_arm', 'rjje_arm.launch']
[roslaunch][INFO] 2021-09-05 19:07:35,844: roslaunch env is environ({'ROS_VERSION': '1', 'PKG_CONFIG_PATH': '/home/ricojia/rjje_arm_ws/devel/lib/pkgconfig:/opt/ros/noetic/lib/pkgconfig:/opt/ros/noetic/lib/x86_64-linux-gnu/pkgconfig', 'ROS_PYTHON_VERSION': '3', 'HOSTNAME': 'RicoSUPERMACHINE', 'ROS_PACKAGE_PATH': '/home/ricojia/rjje_arm_ws/src:/opt/ros/noetic/share', 'ROSLISP_PACKAGE_DIRECTORIES': '/home/ricojia/rjje_arm_ws/devel/share/common-lisp', 'PWD': '/home/ricojia/rjje_arm_ws', 'HOME': '/home/ricojia', 'LANG': 'C.UTF-8', 'ROS_ETC_DIR': '/opt/ros/noetic/etc/ros', 'CMAKE_PREFIX_PATH': '/home/ricojia/rjje_arm_ws/devel:/opt/ros/noetic', 'PYTHONPATH': '/opt/ros/noetic/lib/python3/dist-packages', 'TERM': 'xterm', 'DISPLAY': ':0', 'SHLVL': '1', 'ROS_MASTER_URI': 'http://localhost:11311', 'LD_LIBRARY_PATH': '/home/ricojia/rjje_arm_ws/devel/lib:/opt/ros/noetic/lib:/opt/ros/noetic/lib/x86_64-linux-gnu', 'XDG_RUNTIME_DIR': '/run/user/1000', 'LC_ALL': 'C.UTF-8', 'PATH': '/opt/ros/noetic/bin:/usr/local/sbin:/usr/local/bin:/usr/sbin:/usr/bin:/sbin:/bin', 'ROS_ROOT': '/opt/ros/noetic/share/ros', 'ROS_DISTRO': 'noetic', 'QT_X11_NO_MITSHM': '1', 'OLDPWD': '/home/ricojia/rjje_arm_ws/src/rjje_arm/urdf', '_': '/opt/ros/noetic/bin/roslaunch', 'ROS_LOG_FILENAME': '/home/ricojia/.ros/log/6356db6c-0de9-11ec-b3bc-4889e7e50817/roslaunch-RicoSUPERMACHINE-4484.log'})
[roslaunch][INFO] 2021-09-05 19:07:35,844: starting in server mode
[roslaunch.parent][INFO] 2021-09-05 19:07:35,844: starting roslaunch parent run
[roslaunch][INFO] 2021-09-05 19:07:35,844: loading roscore config file /opt/ros/noetic/etc/ros/roscore.xml
[roslaunch][INFO] 2021-09-05 19:07:36,294: Added core node of type [rosout/rosout] in namespace [/]
[roslaunch.config][INFO] 2021-09-05 19:07:36,294: loading config file /home/ricojia/rjje_arm_ws/src/rjje_arm/launch/rjje_arm.launch
[roslaunch][INFO] 2021-09-05 19:07:36,295: Added node of type [robot_state_publisher/robot_state_publisher] in namespace [/]
[roslaunch][INFO] 2021-09-05 19:07:36,295: Added node of type [joint_state_publisher_gui/joint_state_publisher_gui] in namespace [/]
[roslaunch][INFO] 2021-09-05 19:07:36,315: Added node of type [rviz/rviz] in namespace [/]
[roslaunch][INFO] 2021-09-05 19:07:36,319: ... selected machine [] for node of type [robot_state_publisher/robot_state_publisher]
[roslaunch][INFO] 2021-09-05 19:07:36,319: ... selected machine [] for node of type [joint_state_publisher_gui/joint_state_publisher_gui]
[roslaunch][INFO] 2021-09-05 19:07:36,319: ... selected machine [] for node of type [rviz/rviz]
[roslaunch.pmon][INFO] 2021-09-05 19:07:36,321: start_process_monitor: creating ProcessMonitor
[roslaunch.pmon][INFO] 2021-09-05 19:07:36,321: created process monitor <ProcessMonitor(ProcessMonitor-1, initial daemon)>
[roslaunch.pmon][INFO] 2021-09-05 19:07:36,322: start_process_monitor: ProcessMonitor started
[roslaunch.parent][INFO] 2021-09-05 19:07:36,322: starting parent XML-RPC server
[roslaunch.server][INFO] 2021-09-05 19:07:36,322: starting roslaunch XML-RPC server
[roslaunch.server][INFO] 2021-09-05 19:07:36,322: waiting for roslaunch XML-RPC server to initialize
[xmlrpc][INFO] 2021-09-05 19:07:36,322: XML-RPC server binding to 0.0.0.0:0
[xmlrpc][INFO] 2021-09-05 19:07:36,322: Started XML-RPC server [http://RicoSUPERMACHINE:37937/]
[xmlrpc][INFO] 2021-09-05 19:07:36,322: xml rpc node: starting XML-RPC server
[roslaunch][INFO] 2021-09-05 19:07:36,334: started roslaunch server http://RicoSUPERMACHINE:37937/
[roslaunch.parent][INFO] 2021-09-05 19:07:36,334: ... parent XML-RPC server started
[roslaunch][INFO] 2021-09-05 19:07:36,335: master.is_running[http://localhost:11311]
[roslaunch][INFO] 2021-09-05 19:07:36,337: master.is_running[http://localhost:11311]
[roslaunch][INFO] 2021-09-05 19:07:36,338: ROS_MASTER_URI=http://localhost:11311
[roslaunch][INFO] 2021-09-05 19:07:36,341: setting /roslaunch/uris/host_ricosupermachine__37937' to http://RicoSUPERMACHINE:37937/
[roslaunch][INFO] 2021-09-05 19:07:36,341: load_parameters starting ...
[roslaunch][INFO] 2021-09-05 19:07:36,344: ... load_parameters complete
[roslaunch][INFO] 2021-09-05 19:07:36,344: launch_nodes: launching local nodes ...
[roslaunch][INFO] 2021-09-05 19:07:36,344: ... preparing to launch node of type [robot_state_publisher/robot_state_publisher]
[roslaunch][INFO] 2021-09-05 19:07:36,344: create_node_process: package[robot_state_publisher] type[robot_state_publisher] machine[Machine(name[] env_loader[None] address[localhost] ssh_port[22] user[None] assignable[True] timeout[10.0])] master_uri[http://localhost:11311]
[roslaunch][INFO] 2021-09-05 19:07:36,344: process[robot_state_publisher-1]: env[{'ROS_VERSION': '1', 'PKG_CONFIG_PATH': '/home/ricojia/rjje_arm_ws/devel/lib/pkgconfig:/opt/ros/noetic/lib/pkgconfig:/opt/ros/noetic/lib/x86_64-linux-gnu/pkgconfig', 'ROS_PYTHON_VERSION': '3', 'HOSTNAME': 'RicoSUPERMACHINE', 'ROS_PACKAGE_PATH': '/home/ricojia/rjje_arm_ws/src:/opt/ros/noetic/share', 'ROSLISP_PACKAGE_DIRECTORIES': '/home/ricojia/rjje_arm_ws/devel/share/common-lisp', 'PWD': '/home/ricojia/rjje_arm_ws', 'HOME': '/home/ricojia', 'LANG': 'C.UTF-8', 'ROS_ETC_DIR': '/opt/ros/noetic/etc/ros', 'CMAKE_PREFIX_PATH': '/home/ricojia/rjje_arm_ws/devel:/opt/ros/noetic', 'PYTHONPATH': '/opt/ros/noetic/lib/python3/dist-packages', 'TERM': 'xterm', 'DISPLAY': ':0', 'SHLVL': '1', 'ROS_MASTER_URI': 'http://localhost:11311', 'LD_LIBRARY_PATH': '/home/ricojia/rjje_arm_ws/devel/lib:/opt/ros/noetic/lib:/opt/ros/noetic/lib/x86_64-linux-gnu', 'XDG_RUNTIME_DIR': '/run/user/1000', 'LC_ALL': 'C.UTF-8', 'PATH': '/opt/ros/noetic/bin:/usr/local/sbin:/usr/local/bin:/usr/sbin:/usr/bin:/sbin:/bin', 'ROS_ROOT': '/opt/ros/noetic/share/ros', 'ROS_DISTRO': 'noetic', 'QT_X11_NO_MITSHM': '1', 'OLDPWD': '/home/ricojia/rjje_arm_ws/src/rjje_arm/urdf', '_': '/opt/ros/noetic/bin/roslaunch', 'ROS_LOG_FILENAME': '/home/ricojia/.ros/log/6356db6c-0de9-11ec-b3bc-4889e7e50817/roslaunch-RicoSUPERMACHINE-4484.log'}]
[roslaunch][INFO] 2021-09-05 19:07:36,369: process[robot_state_publisher-1]: args[['/opt/ros/noetic/lib/robot_state_publisher/robot_state_publisher', '__name:=robot_state_publisher']]
[roslaunch][INFO] 2021-09-05 19:07:36,369: ... created process [robot_state_publisher-1]
[roslaunch.pmon][INFO] 2021-09-05 19:07:36,369: ProcessMonitor.register[robot_state_publisher-1]
[roslaunch.pmon][INFO] 2021-09-05 19:07:36,369: ProcessMonitor.register[robot_state_publisher-1] complete
[roslaunch][INFO] 2021-09-05 19:07:36,369: ... registered process [robot_state_publisher-1]
[roslaunch][INFO] 2021-09-05 19:07:36,369: process[robot_state_publisher-1]: starting os process
[roslaunch][INFO] 2021-09-05 19:07:36,370: process[robot_state_publisher-1]: start w/ args [['/opt/ros/noetic/lib/robot_state_publisher/robot_state_publisher', '__name:=robot_state_publisher', '__log:=/home/ricojia/.ros/log/6356db6c-0de9-11ec-b3bc-4889e7e50817/robot_state_publisher-1.log']]
[roslaunch][INFO] 2021-09-05 19:07:36,370: process[robot_state_publisher-1]: cwd will be [/home/ricojia/.ros]
[roslaunch][INFO] 2021-09-05 19:07:36,375: process[robot_state_publisher-1]: started with pid [4513]
[roslaunch][INFO] 2021-09-05 19:07:36,375: ... successfully launched [robot_state_publisher-1]
[roslaunch][INFO] 2021-09-05 19:07:36,375: ... preparing to launch node of type [joint_state_publisher_gui/joint_state_publisher_gui]
[roslaunch][INFO] 2021-09-05 19:07:36,375: create_node_process: package[joint_state_publisher_gui] type[joint_state_publisher_gui] machine[Machine(name[] env_loader[None] address[localhost] ssh_port[22] user[None] assignable[True] timeout[10.0])] master_uri[http://localhost:11311]
[roslaunch][INFO] 2021-09-05 19:07:36,376: process[joint_state_publisher_gui-2]: env[{'ROS_VERSION': '1', 'PKG_CONFIG_PATH': '/home/ricojia/rjje_arm_ws/devel/lib/pkgconfig:/opt/ros/noetic/lib/pkgconfig:/opt/ros/noetic/lib/x86_64-linux-gnu/pkgconfig', 'ROS_PYTHON_VERSION': '3', 'HOSTNAME': 'RicoSUPERMACHINE', 'ROS_PACKAGE_PATH': '/home/ricojia/rjje_arm_ws/src:/opt/ros/noetic/share', 'ROSLISP_PACKAGE_DIRECTORIES': '/home/ricojia/rjje_arm_ws/devel/share/common-lisp', 'PWD': '/home/ricojia/rjje_arm_ws', 'HOME': '/home/ricojia', 'LANG': 'C.UTF-8', 'ROS_ETC_DIR': '/opt/ros/noetic/etc/ros', 'CMAKE_PREFIX_PATH': '/home/ricojia/rjje_arm_ws/devel:/opt/ros/noetic', 'PYTHONPATH': '/opt/ros/noetic/lib/python3/dist-packages', 'TERM': 'xterm', 'DISPLAY': ':0', 'SHLVL': '1', 'ROS_MASTER_URI': 'http://localhost:11311', 'LD_LIBRARY_PATH': '/home/ricojia/rjje_arm_ws/devel/lib:/opt/ros/noetic/lib:/opt/ros/noetic/lib/x86_64-linux-gnu', 'XDG_RUNTIME_DIR': '/run/user/1000', 'LC_ALL': 'C.UTF-8', 'PATH': '/opt/ros/noetic/bin:/usr/local/sbin:/usr/local/bin:/usr/sbin:/usr/bin:/sbin:/bin', 'ROS_ROOT': '/opt/ros/noetic/share/ros', 'ROS_DISTRO': 'noetic', 'QT_X11_NO_MITSHM': '1', 'OLDPWD': '/home/ricojia/rjje_arm_ws/src/rjje_arm/urdf', '_': '/opt/ros/noetic/bin/roslaunch', 'ROS_LOG_FILENAME': '/home/ricojia/.ros/log/6356db6c-0de9-11ec-b3bc-4889e7e50817/roslaunch-RicoSUPERMACHINE-4484.log'}]
[roslaunch][INFO] 2021-09-05 19:07:36,376: process[joint_state_publisher_gui-2]: args[['/opt/ros/noetic/lib/joint_state_publisher_gui/joint_state_publisher_gui', '__name:=joint_state_publisher_gui']]
[roslaunch][INFO] 2021-09-05 19:07:36,376: ... created process [joint_state_publisher_gui-2]
[roslaunch.pmon][INFO] 2021-09-05 19:07:36,377: ProcessMonitor.register[joint_state_publisher_gui-2]
[roslaunch.pmon][INFO] 2021-09-05 19:07:36,377: ProcessMonitor.register[joint_state_publisher_gui-2] complete
[roslaunch][INFO] 2021-09-05 19:07:36,377: ... registered process [joint_state_publisher_gui-2]
[roslaunch][INFO] 2021-09-05 19:07:36,377: process[joint_state_publisher_gui-2]: starting os process
[roslaunch][INFO] 2021-09-05 19:07:36,377: process[joint_state_publisher_gui-2]: start w/ args [['/opt/ros/noetic/lib/joint_state_publisher_gui/joint_state_publisher_gui', '__name:=joint_state_publisher_gui', '__log:=/home/ricojia/.ros/log/6356db6c-0de9-11ec-b3bc-4889e7e50817/joint_state_publisher_gui-2.log']]
[roslaunch][INFO] 2021-09-05 19:07:36,377: process[joint_state_publisher_gui-2]: cwd will be [/home/ricojia/.ros]
[roslaunch][INFO] 2021-09-05 19:07:36,379: process[joint_state_publisher_gui-2]: started with pid [4514]
[roslaunch][INFO] 2021-09-05 19:07:36,380: ... successfully launched [joint_state_publisher_gui-2]
[roslaunch][INFO] 2021-09-05 19:07:36,380: ... preparing to launch node of type [rviz/rviz]
[roslaunch][INFO] 2021-09-05 19:07:36,380: create_node_process: package[rviz] type[rviz] machine[Machine(name[] env_loader[None] address[localhost] ssh_port[22] user[None] assignable[True] timeout[10.0])] master_uri[http://localhost:11311]
[roslaunch][INFO] 2021-09-05 19:07:36,380: process[rviz-3]: env[{'ROS_VERSION': '1', 'PKG_CONFIG_PATH': '/home/ricojia/rjje_arm_ws/devel/lib/pkgconfig:/opt/ros/noetic/lib/pkgconfig:/opt/ros/noetic/lib/x86_64-linux-gnu/pkgconfig', 'ROS_PYTHON_VERSION': '3', 'HOSTNAME': 'RicoSUPERMACHINE', 'ROS_PACKAGE_PATH': '/home/ricojia/rjje_arm_ws/src:/opt/ros/noetic/share', 'ROSLISP_PACKAGE_DIRECTORIES': '/home/ricojia/rjje_arm_ws/devel/share/common-lisp', 'PWD': '/home/ricojia/rjje_arm_ws', 'HOME': '/home/ricojia', 'LANG': 'C.UTF-8', 'ROS_ETC_DIR': '/opt/ros/noetic/etc/ros', 'CMAKE_PREFIX_PATH': '/home/ricojia/rjje_arm_ws/devel:/opt/ros/noetic', 'PYTHONPATH': '/opt/ros/noetic/lib/python3/dist-packages', 'TERM': 'xterm', 'DISPLAY': ':0', 'SHLVL': '1', 'ROS_MASTER_URI': 'http://localhost:11311', 'LD_LIBRARY_PATH': '/home/ricojia/rjje_arm_ws/devel/lib:/opt/ros/noetic/lib:/opt/ros/noetic/lib/x86_64-linux-gnu', 'XDG_RUNTIME_DIR': '/run/user/1000', 'LC_ALL': 'C.UTF-8', 'PATH': '/opt/ros/noetic/bin:/usr/local/sbin:/usr/local/bin:/usr/sbin:/usr/bin:/sbin:/bin', 'ROS_ROOT': '/opt/ros/noetic/share/ros', 'ROS_DISTRO': 'noetic', 'QT_X11_NO_MITSHM': '1', 'OLDPWD': '/home/ricojia/rjje_arm_ws/src/rjje_arm/urdf', '_': '/opt/ros/noetic/bin/roslaunch', 'ROS_LOG_FILENAME': '/home/ricojia/.ros/log/6356db6c-0de9-11ec-b3bc-4889e7e50817/roslaunch-RicoSUPERMACHINE-4484.log'}]
[roslaunch][INFO] 2021-09-05 19:07:36,382: process[rviz-3]: args[['/opt/ros/noetic/lib/rviz/rviz', '-d', '/home/ricojia/rjje_arm_ws/src/rjje_arm/rviz/rjje_arm.rviz', '__name:=rviz']]
[roslaunch][INFO] 2021-09-05 19:07:36,382: ... created process [rviz-3]
[roslaunch.pmon][INFO] 2021-09-05 19:07:36,382: ProcessMonitor.register[rviz-3]
[roslaunch.pmon][INFO] 2021-09-05 19:07:36,382: ProcessMonitor.register[rviz-3] complete
[roslaunch][INFO] 2021-09-05 19:07:36,382: ... registered process [rviz-3]
[roslaunch][INFO] 2021-09-05 19:07:36,382: process[rviz-3]: starting os process
[roslaunch][INFO] 2021-09-05 19:07:36,382: process[rviz-3]: start w/ args [['/opt/ros/noetic/lib/rviz/rviz', '-d', '/home/ricojia/rjje_arm_ws/src/rjje_arm/rviz/rjje_arm.rviz', '__name:=rviz', '__log:=/home/ricojia/.ros/log/6356db6c-0de9-11ec-b3bc-4889e7e50817/rviz-3.log']]
[roslaunch][INFO] 2021-09-05 19:07:36,382: process[rviz-3]: cwd will be [/home/ricojia/.ros]
[roslaunch][INFO] 2021-09-05 19:07:36,386: process[rviz-3]: started with pid [4515]
[roslaunch][INFO] 2021-09-05 19:07:36,386: ... successfully launched [rviz-3]
[roslaunch][INFO] 2021-09-05 19:07:36,386: ... launch_nodes complete
[roslaunch.pmon][INFO] 2021-09-05 19:07:36,387: registrations completed <ProcessMonitor(ProcessMonitor-1, started daemon 140066014250752)>
[roslaunch.parent][INFO] 2021-09-05 19:07:36,387: ... roslaunch parent running, waiting for process exit
[roslaunch][INFO] 2021-09-05 19:07:36,387: spin
[roslaunch.pmon][INFO] 2021-09-05 19:07:37,071: ProcessMonitor.shutdown <ProcessMonitor(ProcessMonitor-1, started daemon 140066014250752)>
[roslaunch.pmon][INFO] 2021-09-05 19:07:37,128: ProcessMonitor._post_run <ProcessMonitor(ProcessMonitor-1, started daemon 140066014250752)>
[roslaunch.pmon][INFO] 2021-09-05 19:07:37,128: ProcessMonitor._post_run <ProcessMonitor(ProcessMonitor-1, started daemon 140066014250752)>: remaining procs are [<roslaunch.nodeprocess.LocalProcess object at 0x7f638e2cfcd0>, <roslaunch.nodeprocess.LocalProcess object at 0x7f638e2cfee0>, <roslaunch.nodeprocess.LocalProcess object at 0x7f638e2cf3a0>]
[roslaunch.pmon][INFO] 2021-09-05 19:07:37,129: ProcessMonitor exit: killing rviz-3
[roslaunch][INFO] 2021-09-05 19:07:37,129: [rviz-3] killing on exit
[roslaunch][INFO] 2021-09-05 19:07:37,129: process[rviz-3]: killing os process with pid[4515] pgid[4515]
[roslaunch][INFO] 2021-09-05 19:07:37,129: [rviz-3] sending SIGINT to pgid [4515]
[roslaunch][INFO] 2021-09-05 19:07:37,129: [rviz-3] sent SIGINT to pgid [4515]
[roslaunch.pmon][INFO] 2021-09-05 19:07:37,134: ProcessMonitor exit: killing joint_state_publisher_gui-2
[roslaunch][INFO] 2021-09-05 19:07:37,134: [joint_state_publisher_gui-2] killing on exit
[roslaunch.pmon][INFO] 2021-09-05 19:07:37,134: ProcessMonitor exit: killing robot_state_publisher-1
[roslaunch][INFO] 2021-09-05 19:07:37,135: process[joint_state_publisher_gui-2]: killing os process with pid[4514] pgid[4514]
[roslaunch][INFO] 2021-09-05 19:07:37,135: [robot_state_publisher-1] killing on exit
[roslaunch][INFO] 2021-09-05 19:07:37,135: [joint_state_publisher_gui-2] sending SIGINT to pgid [4514]
[roslaunch][INFO] 2021-09-05 19:07:37,135: [joint_state_publisher_gui-2] sent SIGINT to pgid [4514]
[roslaunch][INFO] 2021-09-05 19:07:37,136: process[robot_state_publisher-1]: killing os process with pid[4513] pgid[4513]
[roslaunch][INFO] 2021-09-05 19:07:37,136: [robot_state_publisher-1] sending SIGINT to pgid [4513]
[roslaunch][INFO] 2021-09-05 19:07:37,136: [robot_state_publisher-1] sent SIGINT to pgid [4513]
[roslaunch][INFO] 2021-09-05 19:07:37,537: process[robot_state_publisher-1]: SIGINT killed with return value 0
[roslaunch][INFO] 2021-09-05 19:07:37,730: process[rviz-3]: SIGINT killed with return value 0
[roslaunch][ERROR] 2021-09-05 19:07:52,161: [joint_state_publisher_gui-2] escalating to SIGTERM
[roslaunch][INFO] 2021-09-05 19:07:52,161: [joint_state_publisher_gui-2] sent SIGTERM to pgid [4514]
[roslaunch][ERROR] 2021-09-05 19:07:54,164: [joint_state_publisher_gui-2] escalating to SIGKILL
[roslaunch][INFO] 2021-09-05 19:07:54,164: [joint_state_publisher_gui-2] sent SIGKILL to pgid [4514]
[roslaunch][INFO] 2021-09-05 19:07:54,164: process[joint_state_publisher_gui-2]: sent SIGKILL
[roslaunch.pmon][INFO] 2021-09-05 19:07:54,165: ProcessMonitor exit: cleaning up data structures and signals
[roslaunch.pmon][INFO] 2021-09-05 19:07:54,165: ProcessMonitor exit: pmon has shutdown
[roslaunch][ERROR] 2021-09-05 19:07:54,165: Shutdown errors:
 * process[joint_state_publisher_gui-2, pid 4514]: required SIGKILL. May still be running.
[roslaunch][INFO] 2021-09-05 19:07:54,165: process monitor is done spinning, initiating full shutdown
[roslaunch][INFO] 2021-09-05 19:07:54,165: runner.stop()
[roslaunch][INFO] 2021-09-05 19:07:54,165: shutting down processing monitor...
[roslaunch][INFO] 2021-09-05 19:07:54,165: shutting down processing monitor <ProcessMonitor(ProcessMonitor-1, stopped daemon 140066014250752)>
[roslaunch.pmon][INFO] 2021-09-05 19:07:54,165: ProcessMonitor.shutdown <ProcessMonitor(ProcessMonitor-1, stopped daemon 140066014250752)>
[roslaunch][INFO] 2021-09-05 19:07:54,165: ... shutting down processing monitor complete
[roslaunch][INFO] 2021-09-05 19:07:54,165: done
[roslaunch.pmon][INFO] 2021-09-05 19:07:54,166: ProcessMonitor.shutdown <ProcessMonitor(ProcessMonitor-1, stopped daemon 140066014250752)>
[rospy.core][INFO] 2021-09-05 19:07:54,166: signal_shutdown [atexit]
