[roslaunch][INFO] 2021-09-05 18:20:48,416: Checking log directory for disk usage. This may take a while.
Press Ctrl-C to interrupt
[roslaunch][INFO] 2021-09-05 18:20:48,419: Done checking log file disk usage. Usage is <1GB.
[roslaunch][INFO] 2021-09-05 18:20:48,419: roslaunch starting with args ['/opt/ros/noetic/bin/roslaunch', 'rjje_arm', 'rjje_arm.launch']
[roslaunch][INFO] 2021-09-05 18:20:48,419: roslaunch env is environ({'ROS_VERSION': '1', 'PKG_CONFIG_PATH': '/home/ricojia/rjje_arm_ws/devel/lib/pkgconfig:/opt/ros/noetic/lib/pkgconfig:/opt/ros/noetic/lib/x86_64-linux-gnu/pkgconfig', 'ROS_PYTHON_VERSION': '3', 'HOSTNAME': 'RicoSUPERMACHINE', 'ROS_PACKAGE_PATH': '/home/ricojia/rjje_arm_ws/src:/opt/ros/noetic/share', 'ROSLISP_PACKAGE_DIRECTORIES': '/home/ricojia/rjje_arm_ws/devel/share/common-lisp', 'PWD': '/home/ricojia/rjje_arm_ws', 'HOME': '/home/ricojia', 'LANG': 'C.UTF-8', 'ROS_ETC_DIR': '/opt/ros/noetic/etc/ros', 'CMAKE_PREFIX_PATH': '/home/ricojia/rjje_arm_ws/devel:/opt/ros/noetic', 'PYTHONPATH': '/opt/ros/noetic/lib/python3/dist-packages', 'TERM': 'xterm', 'DISPLAY': ':0', 'SHLVL': '1', 'ROS_MASTER_URI': 'http://localhost:11311', 'LD_LIBRARY_PATH': '/home/ricojia/rjje_arm_ws/devel/lib:/opt/ros/noetic/lib:/opt/ros/noetic/lib/x86_64-linux-gnu', 'XDG_RUNTIME_DIR': '/run/user/1000', 'LC_ALL': 'C.UTF-8', 'PATH': '/opt/ros/noetic/bin:/usr/local/sbin:/usr/local/bin:/usr/sbin:/usr/bin:/sbin:/bin', 'ROS_ROOT': '/opt/ros/noetic/share/ros', 'ROS_DISTRO': 'noetic', 'QT_X11_NO_MITSHM': '1', 'OLDPWD': '/home/ricojia/rjje_arm_ws/src/rjje_arm/urdf', '_': '/opt/ros/noetic/bin/roslaunch', 'ROS_LOG_FILENAME': '/home/ricojia/.ros/log/6356db6c-0de9-11ec-b3bc-4889e7e50817/roslaunch-RicoSUPERMACHINE-3436.log'})
[roslaunch][INFO] 2021-09-05 18:20:48,419: starting in server mode
[roslaunch.parent][INFO] 2021-09-05 18:20:48,420: starting roslaunch parent run
[roslaunch][INFO] 2021-09-05 18:20:48,420: loading roscore config file /opt/ros/noetic/etc/ros/roscore.xml
[roslaunch][INFO] 2021-09-05 18:20:48,804: Added core node of type [rosout/rosout] in namespace [/]
[roslaunch.config][INFO] 2021-09-05 18:20:48,804: loading config file /home/ricojia/rjje_arm_ws/src/rjje_arm/launch/rjje_arm.launch
[roslaunch][INFO] 2021-09-05 18:20:48,804: Added node of type [robot_state_publisher/robot_state_publisher] in namespace [/]
[roslaunch][INFO] 2021-09-05 18:20:48,805: Added node of type [joint_state_publisher_gui/joint_state_publisher_gui] in namespace [/]
[roslaunch][INFO] 2021-09-05 18:20:48,821: Added node of type [rviz/rviz] in namespace [/]
[roslaunch][INFO] 2021-09-05 18:20:48,824: ... selected machine [] for node of type [robot_state_publisher/robot_state_publisher]
[roslaunch][INFO] 2021-09-05 18:20:48,824: ... selected machine [] for node of type [joint_state_publisher_gui/joint_state_publisher_gui]
[roslaunch][INFO] 2021-09-05 18:20:48,824: ... selected machine [] for node of type [rviz/rviz]
[roslaunch.pmon][INFO] 2021-09-05 18:20:48,825: start_process_monitor: creating ProcessMonitor
[roslaunch.pmon][INFO] 2021-09-05 18:20:48,826: created process monitor <ProcessMonitor(ProcessMonitor-1, initial daemon)>
[roslaunch.pmon][INFO] 2021-09-05 18:20:48,826: start_process_monitor: ProcessMonitor started
[roslaunch.parent][INFO] 2021-09-05 18:20:48,826: starting parent XML-RPC server
[roslaunch.server][INFO] 2021-09-05 18:20:48,826: starting roslaunch XML-RPC server
[roslaunch.server][INFO] 2021-09-05 18:20:48,826: waiting for roslaunch XML-RPC server to initialize
[xmlrpc][INFO] 2021-09-05 18:20:48,826: XML-RPC server binding to 0.0.0.0:0
[xmlrpc][INFO] 2021-09-05 18:20:48,826: Started XML-RPC server [http://RicoSUPERMACHINE:33255/]
[xmlrpc][INFO] 2021-09-05 18:20:48,827: xml rpc node: starting XML-RPC server
[roslaunch][INFO] 2021-09-05 18:20:48,838: started roslaunch server http://RicoSUPERMACHINE:33255/
[roslaunch.parent][INFO] 2021-09-05 18:20:48,838: ... parent XML-RPC server started
[roslaunch][INFO] 2021-09-05 18:20:48,839: master.is_running[http://localhost:11311]
[roslaunch][INFO] 2021-09-05 18:20:48,840: master.is_running[http://localhost:11311]
[roslaunch][INFO] 2021-09-05 18:20:48,841: ROS_MASTER_URI=http://localhost:11311
[roslaunch][INFO] 2021-09-05 18:20:48,843: setting /roslaunch/uris/host_ricosupermachine__33255' to http://RicoSUPERMACHINE:33255/
[roslaunch][INFO] 2021-09-05 18:20:48,844: load_parameters starting ...
[roslaunch][INFO] 2021-09-05 18:20:48,846: ... load_parameters complete
[roslaunch][INFO] 2021-09-05 18:20:48,846: launch_nodes: launching local nodes ...
[roslaunch][INFO] 2021-09-05 18:20:48,846: ... preparing to launch node of type [robot_state_publisher/robot_state_publisher]
[roslaunch][INFO] 2021-09-05 18:20:48,846: create_node_process: package[robot_state_publisher] type[robot_state_publisher] machine[Machine(name[] env_loader[None] address[localhost] ssh_port[22] user[None] assignable[True] timeout[10.0])] master_uri[http://localhost:11311]
[roslaunch][INFO] 2021-09-05 18:20:48,846: process[robot_state_publisher-1]: env[{'ROS_VERSION': '1', 'PKG_CONFIG_PATH': '/home/ricojia/rjje_arm_ws/devel/lib/pkgconfig:/opt/ros/noetic/lib/pkgconfig:/opt/ros/noetic/lib/x86_64-linux-gnu/pkgconfig', 'ROS_PYTHON_VERSION': '3', 'HOSTNAME': 'RicoSUPERMACHINE', 'ROS_PACKAGE_PATH': '/home/ricojia/rjje_arm_ws/src:/opt/ros/noetic/share', 'ROSLISP_PACKAGE_DIRECTORIES': '/home/ricojia/rjje_arm_ws/devel/share/common-lisp', 'PWD': '/home/ricojia/rjje_arm_ws', 'HOME': '/home/ricojia', 'LANG': 'C.UTF-8', 'ROS_ETC_DIR': '/opt/ros/noetic/etc/ros', 'CMAKE_PREFIX_PATH': '/home/ricojia/rjje_arm_ws/devel:/opt/ros/noetic', 'PYTHONPATH': '/opt/ros/noetic/lib/python3/dist-packages', 'TERM': 'xterm', 'DISPLAY': ':0', 'SHLVL': '1', 'ROS_MASTER_URI': 'http://localhost:11311', 'LD_LIBRARY_PATH': '/home/ricojia/rjje_arm_ws/devel/lib:/opt/ros/noetic/lib:/opt/ros/noetic/lib/x86_64-linux-gnu', 'XDG_RUNTIME_DIR': '/run/user/1000', 'LC_ALL': 'C.UTF-8', 'PATH': '/opt/ros/noetic/bin:/usr/local/sbin:/usr/local/bin:/usr/sbin:/usr/bin:/sbin:/bin', 'ROS_ROOT': '/opt/ros/noetic/share/ros', 'ROS_DISTRO': 'noetic', 'QT_X11_NO_MITSHM': '1', 'OLDPWD': '/home/ricojia/rjje_arm_ws/src/rjje_arm/urdf', '_': '/opt/ros/noetic/bin/roslaunch', 'ROS_LOG_FILENAME': '/home/ricojia/.ros/log/6356db6c-0de9-11ec-b3bc-4889e7e50817/roslaunch-RicoSUPERMACHINE-3436.log'}]
[roslaunch][INFO] 2021-09-05 18:20:48,867: process[robot_state_publisher-1]: args[['/opt/ros/noetic/lib/robot_state_publisher/robot_state_publisher', '__name:=robot_state_publisher']]
[roslaunch][INFO] 2021-09-05 18:20:48,867: ... created process [robot_state_publisher-1]
[roslaunch.pmon][INFO] 2021-09-05 18:20:48,867: ProcessMonitor.register[robot_state_publisher-1]
[roslaunch.pmon][INFO] 2021-09-05 18:20:48,867: ProcessMonitor.register[robot_state_publisher-1] complete
[roslaunch][INFO] 2021-09-05 18:20:48,867: ... registered process [robot_state_publisher-1]
[roslaunch][INFO] 2021-09-05 18:20:48,867: process[robot_state_publisher-1]: starting os process
[roslaunch][INFO] 2021-09-05 18:20:48,868: process[robot_state_publisher-1]: start w/ args [['/opt/ros/noetic/lib/robot_state_publisher/robot_state_publisher', '__name:=robot_state_publisher', '__log:=/home/ricojia/.ros/log/6356db6c-0de9-11ec-b3bc-4889e7e50817/robot_state_publisher-1.log']]
[roslaunch][INFO] 2021-09-05 18:20:48,868: process[robot_state_publisher-1]: cwd will be [/home/ricojia/.ros]
[roslaunch][INFO] 2021-09-05 18:20:48,870: process[robot_state_publisher-1]: started with pid [3465]
[roslaunch][INFO] 2021-09-05 18:20:48,870: ... successfully launched [robot_state_publisher-1]
[roslaunch][INFO] 2021-09-05 18:20:48,871: ... preparing to launch node of type [joint_state_publisher_gui/joint_state_publisher_gui]
[roslaunch][INFO] 2021-09-05 18:20:48,871: create_node_process: package[joint_state_publisher_gui] type[joint_state_publisher_gui] machine[Machine(name[] env_loader[None] address[localhost] ssh_port[22] user[None] assignable[True] timeout[10.0])] master_uri[http://localhost:11311]
[roslaunch][INFO] 2021-09-05 18:20:48,871: process[joint_state_publisher_gui-2]: env[{'ROS_VERSION': '1', 'PKG_CONFIG_PATH': '/home/ricojia/rjje_arm_ws/devel/lib/pkgconfig:/opt/ros/noetic/lib/pkgconfig:/opt/ros/noetic/lib/x86_64-linux-gnu/pkgconfig', 'ROS_PYTHON_VERSION': '3', 'HOSTNAME': 'RicoSUPERMACHINE', 'ROS_PACKAGE_PATH': '/home/ricojia/rjje_arm_ws/src:/opt/ros/noetic/share', 'ROSLISP_PACKAGE_DIRECTORIES': '/home/ricojia/rjje_arm_ws/devel/share/common-lisp', 'PWD': '/home/ricojia/rjje_arm_ws', 'HOME': '/home/ricojia', 'LANG': 'C.UTF-8', 'ROS_ETC_DIR': '/opt/ros/noetic/etc/ros', 'CMAKE_PREFIX_PATH': '/home/ricojia/rjje_arm_ws/devel:/opt/ros/noetic', 'PYTHONPATH': '/opt/ros/noetic/lib/python3/dist-packages', 'TERM': 'xterm', 'DISPLAY': ':0', 'SHLVL': '1', 'ROS_MASTER_URI': 'http://localhost:11311', 'LD_LIBRARY_PATH': '/home/ricojia/rjje_arm_ws/devel/lib:/opt/ros/noetic/lib:/opt/ros/noetic/lib/x86_64-linux-gnu', 'XDG_RUNTIME_DIR': '/run/user/1000', 'LC_ALL': 'C.UTF-8', 'PATH': '/opt/ros/noetic/bin:/usr/local/sbin:/usr/local/bin:/usr/sbin:/usr/bin:/sbin:/bin', 'ROS_ROOT': '/opt/ros/noetic/share/ros', 'ROS_DISTRO': 'noetic', 'QT_X11_NO_MITSHM': '1', 'OLDPWD': '/home/ricojia/rjje_arm_ws/src/rjje_arm/urdf', '_': '/opt/ros/noetic/bin/roslaunch', 'ROS_LOG_FILENAME': '/home/ricojia/.ros/log/6356db6c-0de9-11ec-b3bc-4889e7e50817/roslaunch-RicoSUPERMACHINE-3436.log'}]
[roslaunch][INFO] 2021-09-05 18:20:48,871: process[joint_state_publisher_gui-2]: args[['/opt/ros/noetic/lib/joint_state_publisher_gui/joint_state_publisher_gui', '__name:=joint_state_publisher_gui']]
[roslaunch][INFO] 2021-09-05 18:20:48,871: ... created process [joint_state_publisher_gui-2]
[roslaunch.pmon][INFO] 2021-09-05 18:20:48,871: ProcessMonitor.register[joint_state_publisher_gui-2]
[roslaunch.pmon][INFO] 2021-09-05 18:20:48,871: ProcessMonitor.register[joint_state_publisher_gui-2] complete
[roslaunch][INFO] 2021-09-05 18:20:48,871: ... registered process [joint_state_publisher_gui-2]
[roslaunch][INFO] 2021-09-05 18:20:48,872: process[joint_state_publisher_gui-2]: starting os process
[roslaunch][INFO] 2021-09-05 18:20:48,872: process[joint_state_publisher_gui-2]: start w/ args [['/opt/ros/noetic/lib/joint_state_publisher_gui/joint_state_publisher_gui', '__name:=joint_state_publisher_gui', '__log:=/home/ricojia/.ros/log/6356db6c-0de9-11ec-b3bc-4889e7e50817/joint_state_publisher_gui-2.log']]
[roslaunch][INFO] 2021-09-05 18:20:48,872: process[joint_state_publisher_gui-2]: cwd will be [/home/ricojia/.ros]
[roslaunch][INFO] 2021-09-05 18:20:48,874: process[joint_state_publisher_gui-2]: started with pid [3466]
[roslaunch][INFO] 2021-09-05 18:20:48,875: ... successfully launched [joint_state_publisher_gui-2]
[roslaunch][INFO] 2021-09-05 18:20:48,875: ... preparing to launch node of type [rviz/rviz]
[roslaunch][INFO] 2021-09-05 18:20:48,875: create_node_process: package[rviz] type[rviz] machine[Machine(name[] env_loader[None] address[localhost] ssh_port[22] user[None] assignable[True] timeout[10.0])] master_uri[http://localhost:11311]
[roslaunch][INFO] 2021-09-05 18:20:48,875: process[rviz-3]: env[{'ROS_VERSION': '1', 'PKG_CONFIG_PATH': '/home/ricojia/rjje_arm_ws/devel/lib/pkgconfig:/opt/ros/noetic/lib/pkgconfig:/opt/ros/noetic/lib/x86_64-linux-gnu/pkgconfig', 'ROS_PYTHON_VERSION': '3', 'HOSTNAME': 'RicoSUPERMACHINE', 'ROS_PACKAGE_PATH': '/home/ricojia/rjje_arm_ws/src:/opt/ros/noetic/share', 'ROSLISP_PACKAGE_DIRECTORIES': '/home/ricojia/rjje_arm_ws/devel/share/common-lisp', 'PWD': '/home/ricojia/rjje_arm_ws', 'HOME': '/home/ricojia', 'LANG': 'C.UTF-8', 'ROS_ETC_DIR': '/opt/ros/noetic/etc/ros', 'CMAKE_PREFIX_PATH': '/home/ricojia/rjje_arm_ws/devel:/opt/ros/noetic', 'PYTHONPATH': '/opt/ros/noetic/lib/python3/dist-packages', 'TERM': 'xterm', 'DISPLAY': ':0', 'SHLVL': '1', 'ROS_MASTER_URI': 'http://localhost:11311', 'LD_LIBRARY_PATH': '/home/ricojia/rjje_arm_ws/devel/lib:/opt/ros/noetic/lib:/opt/ros/noetic/lib/x86_64-linux-gnu', 'XDG_RUNTIME_DIR': '/run/user/1000', 'LC_ALL': 'C.UTF-8', 'PATH': '/opt/ros/noetic/bin:/usr/local/sbin:/usr/local/bin:/usr/sbin:/usr/bin:/sbin:/bin', 'ROS_ROOT': '/opt/ros/noetic/share/ros', 'ROS_DISTRO': 'noetic', 'QT_X11_NO_MITSHM': '1', 'OLDPWD': '/home/ricojia/rjje_arm_ws/src/rjje_arm/urdf', '_': '/opt/ros/noetic/bin/roslaunch', 'ROS_LOG_FILENAME': '/home/ricojia/.ros/log/6356db6c-0de9-11ec-b3bc-4889e7e50817/roslaunch-RicoSUPERMACHINE-3436.log'}]
[roslaunch][INFO] 2021-09-05 18:20:48,876: process[rviz-3]: args[['/opt/ros/noetic/lib/rviz/rviz', '-d', '/home/ricojia/rjje_arm_ws/src/rjje_arm/rviz/rjje_arm.rviz', '__name:=rviz']]
[roslaunch][INFO] 2021-09-05 18:20:48,876: ... created process [rviz-3]
[roslaunch.pmon][INFO] 2021-09-05 18:20:48,877: ProcessMonitor.register[rviz-3]
[roslaunch.pmon][INFO] 2021-09-05 18:20:48,877: ProcessMonitor.register[rviz-3] complete
[roslaunch][INFO] 2021-09-05 18:20:48,877: ... registered process [rviz-3]
[roslaunch][INFO] 2021-09-05 18:20:48,877: process[rviz-3]: starting os process
[roslaunch][INFO] 2021-09-05 18:20:48,877: process[rviz-3]: start w/ args [['/opt/ros/noetic/lib/rviz/rviz', '-d', '/home/ricojia/rjje_arm_ws/src/rjje_arm/rviz/rjje_arm.rviz', '__name:=rviz', '__log:=/home/ricojia/.ros/log/6356db6c-0de9-11ec-b3bc-4889e7e50817/rviz-3.log']]
[roslaunch][INFO] 2021-09-05 18:20:48,877: process[rviz-3]: cwd will be [/home/ricojia/.ros]
[roslaunch][INFO] 2021-09-05 18:20:48,881: process[rviz-3]: started with pid [3467]
[roslaunch][INFO] 2021-09-05 18:20:48,881: ... successfully launched [rviz-3]
[roslaunch][INFO] 2021-09-05 18:20:48,881: ... launch_nodes complete
[roslaunch.pmon][INFO] 2021-09-05 18:20:48,881: registrations completed <ProcessMonitor(ProcessMonitor-1, started daemon 140239769614080)>
[roslaunch.parent][INFO] 2021-09-05 18:20:48,882: ... roslaunch parent running, waiting for process exit
[roslaunch][INFO] 2021-09-05 18:20:48,882: spin
[roslaunch.pmon][INFO] 2021-09-05 18:21:23,631: ProcessMonitor.shutdown <ProcessMonitor(ProcessMonitor-1, started daemon 140239769614080)>
[roslaunch.pmon][INFO] 2021-09-05 18:21:23,699: ProcessMonitor._post_run <ProcessMonitor(ProcessMonitor-1, started daemon 140239769614080)>
[roslaunch.pmon][INFO] 2021-09-05 18:21:23,699: ProcessMonitor._post_run <ProcessMonitor(ProcessMonitor-1, started daemon 140239769614080)>: remaining procs are [<roslaunch.nodeprocess.LocalProcess object at 0x7f8bfecd2580>, <roslaunch.nodeprocess.LocalProcess object at 0x7f8bfecd2be0>, <roslaunch.nodeprocess.LocalProcess object at 0x7f8bfecd2400>]
[roslaunch.pmon][INFO] 2021-09-05 18:21:23,699: ProcessMonitor exit: killing rviz-3
[roslaunch][INFO] 2021-09-05 18:21:23,699: [rviz-3] killing on exit
[roslaunch][INFO] 2021-09-05 18:21:23,699: process[rviz-3]: killing os process with pid[3467] pgid[3467]
[roslaunch][INFO] 2021-09-05 18:21:23,700: [rviz-3] sending SIGINT to pgid [3467]
[roslaunch][INFO] 2021-09-05 18:21:23,700: [rviz-3] sent SIGINT to pgid [3467]
[roslaunch.pmon][INFO] 2021-09-05 18:21:23,700: ProcessMonitor exit: killing joint_state_publisher_gui-2
[roslaunch][INFO] 2021-09-05 18:21:23,700: [joint_state_publisher_gui-2] killing on exit
[roslaunch][INFO] 2021-09-05 18:21:23,700: process[joint_state_publisher_gui-2]: killing os process with pid[3466] pgid[3466]
[roslaunch.pmon][INFO] 2021-09-05 18:21:23,700: ProcessMonitor exit: killing robot_state_publisher-1
[roslaunch][INFO] 2021-09-05 18:21:23,700: [joint_state_publisher_gui-2] sending SIGINT to pgid [3466]
[roslaunch][INFO] 2021-09-05 18:21:23,701: [robot_state_publisher-1] killing on exit
[roslaunch][INFO] 2021-09-05 18:21:23,701: [joint_state_publisher_gui-2] sent SIGINT to pgid [3466]
[roslaunch][INFO] 2021-09-05 18:21:23,701: process[robot_state_publisher-1]: killing os process with pid[3465] pgid[3465]
[roslaunch][INFO] 2021-09-05 18:21:23,702: [robot_state_publisher-1] sending SIGINT to pgid [3465]
[roslaunch][INFO] 2021-09-05 18:21:23,702: [robot_state_publisher-1] sent SIGINT to pgid [3465]
[roslaunch][INFO] 2021-09-05 18:21:23,802: process[joint_state_publisher_gui-2]: SIGINT killed with return value -2
[roslaunch][INFO] 2021-09-05 18:21:23,902: process[robot_state_publisher-1]: SIGINT killed with return value 0
[roslaunch][INFO] 2021-09-05 18:21:24,201: process[rviz-3]: SIGINT killed with return value 0
[roslaunch.pmon][INFO] 2021-09-05 18:21:24,201: ProcessMonitor exit: cleaning up data structures and signals
[roslaunch.pmon][INFO] 2021-09-05 18:21:24,201: ProcessMonitor exit: pmon has shutdown
[roslaunch][INFO] 2021-09-05 18:21:24,201: process monitor is done spinning, initiating full shutdown
[roslaunch][INFO] 2021-09-05 18:21:24,201: runner.stop()
[roslaunch][INFO] 2021-09-05 18:21:24,201: shutting down processing monitor...
[roslaunch][INFO] 2021-09-05 18:21:24,202: shutting down processing monitor <ProcessMonitor(ProcessMonitor-1, stopped daemon 140239769614080)>
[roslaunch.pmon][INFO] 2021-09-05 18:21:24,202: ProcessMonitor.shutdown <ProcessMonitor(ProcessMonitor-1, stopped daemon 140239769614080)>
[roslaunch][INFO] 2021-09-05 18:21:24,202: ... shutting down processing monitor complete
[roslaunch][INFO] 2021-09-05 18:21:24,202: done
[roslaunch.pmon][INFO] 2021-09-05 18:21:24,202: ProcessMonitor.shutdown <ProcessMonitor(ProcessMonitor-1, stopped daemon 140239769614080)>
[rospy.core][INFO] 2021-09-05 18:21:24,202: signal_shutdown [atexit]
