[roslaunch][INFO] 2021-09-05 18:22:14,251: Checking log directory for disk usage. This may take a while.
Press Ctrl-C to interrupt
[roslaunch][INFO] 2021-09-05 18:22:14,254: Done checking log file disk usage. Usage is <1GB.
[roslaunch][INFO] 2021-09-05 18:22:14,254: roslaunch starting with args ['/opt/ros/noetic/bin/roslaunch', 'rjje_arm', 'rjje_arm.launch']
[roslaunch][INFO] 2021-09-05 18:22:14,254: roslaunch env is environ({'ROS_VERSION': '1', 'PKG_CONFIG_PATH': '/home/ricojia/rjje_arm_ws/devel/lib/pkgconfig:/opt/ros/noetic/lib/pkgconfig:/opt/ros/noetic/lib/x86_64-linux-gnu/pkgconfig', 'ROS_PYTHON_VERSION': '3', 'HOSTNAME': 'RicoSUPERMACHINE', 'ROS_PACKAGE_PATH': '/home/ricojia/rjje_arm_ws/src:/opt/ros/noetic/share', 'ROSLISP_PACKAGE_DIRECTORIES': '/home/ricojia/rjje_arm_ws/devel/share/common-lisp', 'PWD': '/home/ricojia/rjje_arm_ws', 'HOME': '/home/ricojia', 'LANG': 'C.UTF-8', 'ROS_ETC_DIR': '/opt/ros/noetic/etc/ros', 'CMAKE_PREFIX_PATH': '/home/ricojia/rjje_arm_ws/devel:/opt/ros/noetic', 'PYTHONPATH': '/opt/ros/noetic/lib/python3/dist-packages', 'TERM': 'xterm', 'DISPLAY': ':0', 'SHLVL': '1', 'ROS_MASTER_URI': 'http://localhost:11311', 'LD_LIBRARY_PATH': '/home/ricojia/rjje_arm_ws/devel/lib:/opt/ros/noetic/lib:/opt/ros/noetic/lib/x86_64-linux-gnu', 'XDG_RUNTIME_DIR': '/run/user/1000', 'LC_ALL': 'C.UTF-8', 'PATH': '/opt/ros/noetic/bin:/usr/local/sbin:/usr/local/bin:/usr/sbin:/usr/bin:/sbin:/bin', 'ROS_ROOT': '/opt/ros/noetic/share/ros', 'ROS_DISTRO': 'noetic', 'QT_X11_NO_MITSHM': '1', 'OLDPWD': '/home/ricojia/rjje_arm_ws/src/rjje_arm/urdf', '_': '/opt/ros/noetic/bin/roslaunch', 'ROS_LOG_FILENAME': '/home/ricojia/.ros/log/6356db6c-0de9-11ec-b3bc-4889e7e50817/roslaunch-RicoSUPERMACHINE-3644.log'})
[roslaunch][INFO] 2021-09-05 18:22:14,255: starting in server mode
[roslaunch.parent][INFO] 2021-09-05 18:22:14,255: starting roslaunch parent run
[roslaunch][INFO] 2021-09-05 18:22:14,255: loading roscore config file /opt/ros/noetic/etc/ros/roscore.xml
[roslaunch][INFO] 2021-09-05 18:22:14,602: Added core node of type [rosout/rosout] in namespace [/]
[roslaunch.config][INFO] 2021-09-05 18:22:14,602: loading config file /home/ricojia/rjje_arm_ws/src/rjje_arm/launch/rjje_arm.launch
[roslaunch][INFO] 2021-09-05 18:22:14,603: Added node of type [robot_state_publisher/robot_state_publisher] in namespace [/]
[roslaunch][INFO] 2021-09-05 18:22:14,603: Added node of type [joint_state_publisher_gui/joint_state_publisher_gui] in namespace [/]
[roslaunch][INFO] 2021-09-05 18:22:14,620: Added node of type [rviz/rviz] in namespace [/]
[roslaunch][INFO] 2021-09-05 18:22:14,622: ... selected machine [] for node of type [robot_state_publisher/robot_state_publisher]
[roslaunch][INFO] 2021-09-05 18:22:14,622: ... selected machine [] for node of type [joint_state_publisher_gui/joint_state_publisher_gui]
[roslaunch][INFO] 2021-09-05 18:22:14,622: ... selected machine [] for node of type [rviz/rviz]
[roslaunch.pmon][INFO] 2021-09-05 18:22:14,624: start_process_monitor: creating ProcessMonitor
[roslaunch.pmon][INFO] 2021-09-05 18:22:14,624: created process monitor <ProcessMonitor(ProcessMonitor-1, initial daemon)>
[roslaunch.pmon][INFO] 2021-09-05 18:22:14,624: start_process_monitor: ProcessMonitor started
[roslaunch.parent][INFO] 2021-09-05 18:22:14,624: starting parent XML-RPC server
[roslaunch.server][INFO] 2021-09-05 18:22:14,624: starting roslaunch XML-RPC server
[roslaunch.server][INFO] 2021-09-05 18:22:14,625: waiting for roslaunch XML-RPC server to initialize
[xmlrpc][INFO] 2021-09-05 18:22:14,625: XML-RPC server binding to 0.0.0.0:0
[xmlrpc][INFO] 2021-09-05 18:22:14,625: Started XML-RPC server [http://RicoSUPERMACHINE:43953/]
[xmlrpc][INFO] 2021-09-05 18:22:14,625: xml rpc node: starting XML-RPC server
[roslaunch][INFO] 2021-09-05 18:22:14,636: started roslaunch server http://RicoSUPERMACHINE:43953/
[roslaunch.parent][INFO] 2021-09-05 18:22:14,636: ... parent XML-RPC server started
[roslaunch][INFO] 2021-09-05 18:22:14,637: master.is_running[http://localhost:11311]
[roslaunch][INFO] 2021-09-05 18:22:14,638: master.is_running[http://localhost:11311]
[roslaunch][INFO] 2021-09-05 18:22:14,639: ROS_MASTER_URI=http://localhost:11311
[roslaunch][INFO] 2021-09-05 18:22:14,640: setting /roslaunch/uris/host_ricosupermachine__43953' to http://RicoSUPERMACHINE:43953/
[roslaunch][INFO] 2021-09-05 18:22:14,641: load_parameters starting ...
[roslaunch][INFO] 2021-09-05 18:22:14,643: ... load_parameters complete
[roslaunch][INFO] 2021-09-05 18:22:14,643: launch_nodes: launching local nodes ...
[roslaunch][INFO] 2021-09-05 18:22:14,643: ... preparing to launch node of type [robot_state_publisher/robot_state_publisher]
[roslaunch][INFO] 2021-09-05 18:22:14,643: create_node_process: package[robot_state_publisher] type[robot_state_publisher] machine[Machine(name[] env_loader[None] address[localhost] ssh_port[22] user[None] assignable[True] timeout[10.0])] master_uri[http://localhost:11311]
[roslaunch][INFO] 2021-09-05 18:22:14,644: process[robot_state_publisher-1]: env[{'ROS_VERSION': '1', 'PKG_CONFIG_PATH': '/home/ricojia/rjje_arm_ws/devel/lib/pkgconfig:/opt/ros/noetic/lib/pkgconfig:/opt/ros/noetic/lib/x86_64-linux-gnu/pkgconfig', 'ROS_PYTHON_VERSION': '3', 'HOSTNAME': 'RicoSUPERMACHINE', 'ROS_PACKAGE_PATH': '/home/ricojia/rjje_arm_ws/src:/opt/ros/noetic/share', 'ROSLISP_PACKAGE_DIRECTORIES': '/home/ricojia/rjje_arm_ws/devel/share/common-lisp', 'PWD': '/home/ricojia/rjje_arm_ws', 'HOME': '/home/ricojia', 'LANG': 'C.UTF-8', 'ROS_ETC_DIR': '/opt/ros/noetic/etc/ros', 'CMAKE_PREFIX_PATH': '/home/ricojia/rjje_arm_ws/devel:/opt/ros/noetic', 'PYTHONPATH': '/opt/ros/noetic/lib/python3/dist-packages', 'TERM': 'xterm', 'DISPLAY': ':0', 'SHLVL': '1', 'ROS_MASTER_URI': 'http://localhost:11311', 'LD_LIBRARY_PATH': '/home/ricojia/rjje_arm_ws/devel/lib:/opt/ros/noetic/lib:/opt/ros/noetic/lib/x86_64-linux-gnu', 'XDG_RUNTIME_DIR': '/run/user/1000', 'LC_ALL': 'C.UTF-8', 'PATH': '/opt/ros/noetic/bin:/usr/local/sbin:/usr/local/bin:/usr/sbin:/usr/bin:/sbin:/bin', 'ROS_ROOT': '/opt/ros/noetic/share/ros', 'ROS_DISTRO': 'noetic', 'QT_X11_NO_MITSHM': '1', 'OLDPWD': '/home/ricojia/rjje_arm_ws/src/rjje_arm/urdf', '_': '/opt/ros/noetic/bin/roslaunch', 'ROS_LOG_FILENAME': '/home/ricojia/.ros/log/6356db6c-0de9-11ec-b3bc-4889e7e50817/roslaunch-RicoSUPERMACHINE-3644.log'}]
[roslaunch][INFO] 2021-09-05 18:22:14,662: process[robot_state_publisher-1]: args[['/opt/ros/noetic/lib/robot_state_publisher/robot_state_publisher', '__name:=robot_state_publisher']]
[roslaunch][INFO] 2021-09-05 18:22:14,662: ... created process [robot_state_publisher-1]
[roslaunch.pmon][INFO] 2021-09-05 18:22:14,662: ProcessMonitor.register[robot_state_publisher-1]
[roslaunch.pmon][INFO] 2021-09-05 18:22:14,662: ProcessMonitor.register[robot_state_publisher-1] complete
[roslaunch][INFO] 2021-09-05 18:22:14,662: ... registered process [robot_state_publisher-1]
[roslaunch][INFO] 2021-09-05 18:22:14,662: process[robot_state_publisher-1]: starting os process
[roslaunch][INFO] 2021-09-05 18:22:14,663: process[robot_state_publisher-1]: start w/ args [['/opt/ros/noetic/lib/robot_state_publisher/robot_state_publisher', '__name:=robot_state_publisher', '__log:=/home/ricojia/.ros/log/6356db6c-0de9-11ec-b3bc-4889e7e50817/robot_state_publisher-1.log']]
[roslaunch][INFO] 2021-09-05 18:22:14,663: process[robot_state_publisher-1]: cwd will be [/home/ricojia/.ros]
[roslaunch][INFO] 2021-09-05 18:22:14,665: process[robot_state_publisher-1]: started with pid [3673]
[roslaunch][INFO] 2021-09-05 18:22:14,665: ... successfully launched [robot_state_publisher-1]
[roslaunch][INFO] 2021-09-05 18:22:14,665: ... preparing to launch node of type [joint_state_publisher_gui/joint_state_publisher_gui]
[roslaunch][INFO] 2021-09-05 18:22:14,666: create_node_process: package[joint_state_publisher_gui] type[joint_state_publisher_gui] machine[Machine(name[] env_loader[None] address[localhost] ssh_port[22] user[None] assignable[True] timeout[10.0])] master_uri[http://localhost:11311]
[roslaunch][INFO] 2021-09-05 18:22:14,666: process[joint_state_publisher_gui-2]: env[{'ROS_VERSION': '1', 'PKG_CONFIG_PATH': '/home/ricojia/rjje_arm_ws/devel/lib/pkgconfig:/opt/ros/noetic/lib/pkgconfig:/opt/ros/noetic/lib/x86_64-linux-gnu/pkgconfig', 'ROS_PYTHON_VERSION': '3', 'HOSTNAME': 'RicoSUPERMACHINE', 'ROS_PACKAGE_PATH': '/home/ricojia/rjje_arm_ws/src:/opt/ros/noetic/share', 'ROSLISP_PACKAGE_DIRECTORIES': '/home/ricojia/rjje_arm_ws/devel/share/common-lisp', 'PWD': '/home/ricojia/rjje_arm_ws', 'HOME': '/home/ricojia', 'LANG': 'C.UTF-8', 'ROS_ETC_DIR': '/opt/ros/noetic/etc/ros', 'CMAKE_PREFIX_PATH': '/home/ricojia/rjje_arm_ws/devel:/opt/ros/noetic', 'PYTHONPATH': '/opt/ros/noetic/lib/python3/dist-packages', 'TERM': 'xterm', 'DISPLAY': ':0', 'SHLVL': '1', 'ROS_MASTER_URI': 'http://localhost:11311', 'LD_LIBRARY_PATH': '/home/ricojia/rjje_arm_ws/devel/lib:/opt/ros/noetic/lib:/opt/ros/noetic/lib/x86_64-linux-gnu', 'XDG_RUNTIME_DIR': '/run/user/1000', 'LC_ALL': 'C.UTF-8', 'PATH': '/opt/ros/noetic/bin:/usr/local/sbin:/usr/local/bin:/usr/sbin:/usr/bin:/sbin:/bin', 'ROS_ROOT': '/opt/ros/noetic/share/ros', 'ROS_DISTRO': 'noetic', 'QT_X11_NO_MITSHM': '1', 'OLDPWD': '/home/ricojia/rjje_arm_ws/src/rjje_arm/urdf', '_': '/opt/ros/noetic/bin/roslaunch', 'ROS_LOG_FILENAME': '/home/ricojia/.ros/log/6356db6c-0de9-11ec-b3bc-4889e7e50817/roslaunch-RicoSUPERMACHINE-3644.log'}]
[roslaunch][INFO] 2021-09-05 18:22:14,666: process[joint_state_publisher_gui-2]: args[['/opt/ros/noetic/lib/joint_state_publisher_gui/joint_state_publisher_gui', '__name:=joint_state_publisher_gui']]
[roslaunch][INFO] 2021-09-05 18:22:14,666: ... created process [joint_state_publisher_gui-2]
[roslaunch.pmon][INFO] 2021-09-05 18:22:14,666: ProcessMonitor.register[joint_state_publisher_gui-2]
[roslaunch.pmon][INFO] 2021-09-05 18:22:14,666: ProcessMonitor.register[joint_state_publisher_gui-2] complete
[roslaunch][INFO] 2021-09-05 18:22:14,666: ... registered process [joint_state_publisher_gui-2]
[roslaunch][INFO] 2021-09-05 18:22:14,666: process[joint_state_publisher_gui-2]: starting os process
[roslaunch][INFO] 2021-09-05 18:22:14,667: process[joint_state_publisher_gui-2]: start w/ args [['/opt/ros/noetic/lib/joint_state_publisher_gui/joint_state_publisher_gui', '__name:=joint_state_publisher_gui', '__log:=/home/ricojia/.ros/log/6356db6c-0de9-11ec-b3bc-4889e7e50817/joint_state_publisher_gui-2.log']]
[roslaunch][INFO] 2021-09-05 18:22:14,667: process[joint_state_publisher_gui-2]: cwd will be [/home/ricojia/.ros]
[roslaunch][INFO] 2021-09-05 18:22:14,669: process[joint_state_publisher_gui-2]: started with pid [3674]
[roslaunch][INFO] 2021-09-05 18:22:14,669: ... successfully launched [joint_state_publisher_gui-2]
[roslaunch][INFO] 2021-09-05 18:22:14,669: ... preparing to launch node of type [rviz/rviz]
[roslaunch][INFO] 2021-09-05 18:22:14,669: create_node_process: package[rviz] type[rviz] machine[Machine(name[] env_loader[None] address[localhost] ssh_port[22] user[None] assignable[True] timeout[10.0])] master_uri[http://localhost:11311]
[roslaunch][INFO] 2021-09-05 18:22:14,670: process[rviz-3]: env[{'ROS_VERSION': '1', 'PKG_CONFIG_PATH': '/home/ricojia/rjje_arm_ws/devel/lib/pkgconfig:/opt/ros/noetic/lib/pkgconfig:/opt/ros/noetic/lib/x86_64-linux-gnu/pkgconfig', 'ROS_PYTHON_VERSION': '3', 'HOSTNAME': 'RicoSUPERMACHINE', 'ROS_PACKAGE_PATH': '/home/ricojia/rjje_arm_ws/src:/opt/ros/noetic/share', 'ROSLISP_PACKAGE_DIRECTORIES': '/home/ricojia/rjje_arm_ws/devel/share/common-lisp', 'PWD': '/home/ricojia/rjje_arm_ws', 'HOME': '/home/ricojia', 'LANG': 'C.UTF-8', 'ROS_ETC_DIR': '/opt/ros/noetic/etc/ros', 'CMAKE_PREFIX_PATH': '/home/ricojia/rjje_arm_ws/devel:/opt/ros/noetic', 'PYTHONPATH': '/opt/ros/noetic/lib/python3/dist-packages', 'TERM': 'xterm', 'DISPLAY': ':0', 'SHLVL': '1', 'ROS_MASTER_URI': 'http://localhost:11311', 'LD_LIBRARY_PATH': '/home/ricojia/rjje_arm_ws/devel/lib:/opt/ros/noetic/lib:/opt/ros/noetic/lib/x86_64-linux-gnu', 'XDG_RUNTIME_DIR': '/run/user/1000', 'LC_ALL': 'C.UTF-8', 'PATH': '/opt/ros/noetic/bin:/usr/local/sbin:/usr/local/bin:/usr/sbin:/usr/bin:/sbin:/bin', 'ROS_ROOT': '/opt/ros/noetic/share/ros', 'ROS_DISTRO': 'noetic', 'QT_X11_NO_MITSHM': '1', 'OLDPWD': '/home/ricojia/rjje_arm_ws/src/rjje_arm/urdf', '_': '/opt/ros/noetic/bin/roslaunch', 'ROS_LOG_FILENAME': '/home/ricojia/.ros/log/6356db6c-0de9-11ec-b3bc-4889e7e50817/roslaunch-RicoSUPERMACHINE-3644.log'}]
[roslaunch][INFO] 2021-09-05 18:22:14,673: process[rviz-3]: args[['/opt/ros/noetic/lib/rviz/rviz', '-d', '/home/ricojia/rjje_arm_ws/src/rjje_arm/rviz/rjje_arm.rviz', '__name:=rviz']]
[roslaunch][INFO] 2021-09-05 18:22:14,673: ... created process [rviz-3]
[roslaunch.pmon][INFO] 2021-09-05 18:22:14,673: ProcessMonitor.register[rviz-3]
[roslaunch.pmon][INFO] 2021-09-05 18:22:14,673: ProcessMonitor.register[rviz-3] complete
[roslaunch][INFO] 2021-09-05 18:22:14,673: ... registered process [rviz-3]
[roslaunch][INFO] 2021-09-05 18:22:14,673: process[rviz-3]: starting os process
[roslaunch][INFO] 2021-09-05 18:22:14,673: process[rviz-3]: start w/ args [['/opt/ros/noetic/lib/rviz/rviz', '-d', '/home/ricojia/rjje_arm_ws/src/rjje_arm/rviz/rjje_arm.rviz', '__name:=rviz', '__log:=/home/ricojia/.ros/log/6356db6c-0de9-11ec-b3bc-4889e7e50817/rviz-3.log']]
[roslaunch][INFO] 2021-09-05 18:22:14,673: process[rviz-3]: cwd will be [/home/ricojia/.ros]
[roslaunch][INFO] 2021-09-05 18:22:14,677: process[rviz-3]: started with pid [3675]
[roslaunch][INFO] 2021-09-05 18:22:14,677: ... successfully launched [rviz-3]
[roslaunch][INFO] 2021-09-05 18:22:14,677: ... launch_nodes complete
[roslaunch.pmon][INFO] 2021-09-05 18:22:14,677: registrations completed <ProcessMonitor(ProcessMonitor-1, started daemon 140509639710464)>
[roslaunch.parent][INFO] 2021-09-05 18:22:14,678: ... roslaunch parent running, waiting for process exit
[roslaunch][INFO] 2021-09-05 18:22:14,678: spin
[roslaunch.pmon][INFO] 2021-09-05 18:22:17,953: ProcessMonitor.shutdown <ProcessMonitor(ProcessMonitor-1, started daemon 140509639710464)>
[roslaunch.pmon][INFO] 2021-09-05 18:22:18,032: ProcessMonitor._post_run <ProcessMonitor(ProcessMonitor-1, started daemon 140509639710464)>
[roslaunch.pmon][INFO] 2021-09-05 18:22:18,032: ProcessMonitor._post_run <ProcessMonitor(ProcessMonitor-1, started daemon 140509639710464)>: remaining procs are [<roslaunch.nodeprocess.LocalProcess object at 0x7fcad84fdc70>, <roslaunch.nodeprocess.LocalProcess object at 0x7fcad84fdeb0>, <roslaunch.nodeprocess.LocalProcess object at 0x7fcad84fdc10>]
[roslaunch.pmon][INFO] 2021-09-05 18:22:18,032: ProcessMonitor exit: killing rviz-3
[roslaunch][INFO] 2021-09-05 18:22:18,032: [rviz-3] killing on exit
[roslaunch][INFO] 2021-09-05 18:22:18,033: process[rviz-3]: killing os process with pid[3675] pgid[3675]
[roslaunch][INFO] 2021-09-05 18:22:18,033: [rviz-3] sending SIGINT to pgid [3675]
[roslaunch.pmon][INFO] 2021-09-05 18:22:18,033: ProcessMonitor exit: killing joint_state_publisher_gui-2
[roslaunch][INFO] 2021-09-05 18:22:18,033: [rviz-3] sent SIGINT to pgid [3675]
[roslaunch.pmon][INFO] 2021-09-05 18:22:18,033: ProcessMonitor exit: killing robot_state_publisher-1
[roslaunch][INFO] 2021-09-05 18:22:18,033: [joint_state_publisher_gui-2] killing on exit
[roslaunch][INFO] 2021-09-05 18:22:18,034: [robot_state_publisher-1] killing on exit
[roslaunch][INFO] 2021-09-05 18:22:18,034: process[joint_state_publisher_gui-2]: killing os process with pid[3674] pgid[3674]
[roslaunch][INFO] 2021-09-05 18:22:18,034: [joint_state_publisher_gui-2] sending SIGINT to pgid [3674]
[roslaunch][INFO] 2021-09-05 18:22:18,034: process[robot_state_publisher-1]: killing os process with pid[3673] pgid[3673]
[roslaunch][INFO] 2021-09-05 18:22:18,035: [joint_state_publisher_gui-2] sent SIGINT to pgid [3674]
[roslaunch][INFO] 2021-09-05 18:22:18,035: [robot_state_publisher-1] sending SIGINT to pgid [3673]
[roslaunch][INFO] 2021-09-05 18:22:18,035: [robot_state_publisher-1] sent SIGINT to pgid [3673]
[roslaunch][INFO] 2021-09-05 18:22:18,135: process[joint_state_publisher_gui-2]: SIGINT killed with return value -2
[roslaunch][INFO] 2021-09-05 18:22:18,235: process[robot_state_publisher-1]: SIGINT killed with return value 0
[roslaunch][INFO] 2021-09-05 18:22:18,334: process[rviz-3]: SIGINT killed with return value 0
[roslaunch.pmon][INFO] 2021-09-05 18:22:18,334: ProcessMonitor exit: cleaning up data structures and signals
[roslaunch.pmon][INFO] 2021-09-05 18:22:18,334: ProcessMonitor exit: pmon has shutdown
[roslaunch][INFO] 2021-09-05 18:22:18,334: process monitor is done spinning, initiating full shutdown
[roslaunch][INFO] 2021-09-05 18:22:18,335: runner.stop()
[roslaunch][INFO] 2021-09-05 18:22:18,335: shutting down processing monitor...
[roslaunch][INFO] 2021-09-05 18:22:18,335: shutting down processing monitor <ProcessMonitor(ProcessMonitor-1, stopped daemon 140509639710464)>
[roslaunch.pmon][INFO] 2021-09-05 18:22:18,335: ProcessMonitor.shutdown <ProcessMonitor(ProcessMonitor-1, stopped daemon 140509639710464)>
[roslaunch][INFO] 2021-09-05 18:22:18,335: ... shutting down processing monitor complete
[roslaunch][INFO] 2021-09-05 18:22:18,335: done
[roslaunch.pmon][INFO] 2021-09-05 18:22:18,335: ProcessMonitor.shutdown <ProcessMonitor(ProcessMonitor-1, stopped daemon 140509639710464)>
[rospy.core][INFO] 2021-09-05 18:22:18,335: signal_shutdown [atexit]
