[roslaunch][INFO] 2021-09-05 05:35:19,868: Checking log directory for disk usage. This may take a while.
Press Ctrl-C to interrupt
[roslaunch][INFO] 2021-09-05 05:35:19,870: Done checking log file disk usage. Usage is <1GB.
[roslaunch][INFO] 2021-09-05 05:35:19,871: roslaunch starting with args ['/opt/ros/noetic/bin/roslaunch', 'rjje_arm', 'rjje_arm.launch']
[roslaunch][INFO] 2021-09-05 05:35:19,871: roslaunch env is environ({'ROS_VERSION': '1', 'PKG_CONFIG_PATH': '/home/ricojia/rjje_arm_ws/devel/lib/pkgconfig:/opt/ros/noetic/lib/pkgconfig:/opt/ros/noetic/lib/x86_64-linux-gnu/pkgconfig', 'ROS_PYTHON_VERSION': '3', 'HOSTNAME': 'RicoSUPERMACHINE', 'ROS_PACKAGE_PATH': '/home/ricojia/rjje_arm_ws/src:/opt/ros/noetic/share', 'ROSLISP_PACKAGE_DIRECTORIES': '/home/ricojia/rjje_arm_ws/devel/share/common-lisp', 'PWD': '/home/ricojia/rjje_arm_ws', 'HOME': '/home/ricojia', 'LANG': 'C.UTF-8', 'ROS_ETC_DIR': '/opt/ros/noetic/etc/ros', 'CMAKE_PREFIX_PATH': '/home/ricojia/rjje_arm_ws/devel:/opt/ros/noetic', 'PYTHONPATH': '/opt/ros/noetic/lib/python3/dist-packages', 'TERM': 'xterm', 'DISPLAY': ':0', 'SHLVL': '1', 'ROS_MASTER_URI': 'http://localhost:11311', 'LD_LIBRARY_PATH': '/home/ricojia/rjje_arm_ws/devel/lib:/opt/ros/noetic/lib:/opt/ros/noetic/lib/x86_64-linux-gnu', 'XDG_RUNTIME_DIR': '/run/user/1000', 'LC_ALL': 'C.UTF-8', 'PATH': '/opt/ros/noetic/bin:/usr/local/sbin:/usr/local/bin:/usr/sbin:/usr/bin:/sbin:/bin', 'ROS_ROOT': '/opt/ros/noetic/share/ros', 'ROS_DISTRO': 'noetic', 'QT_X11_NO_MITSHM': '1', 'OLDPWD': '/home/ricojia/rjje_arm_ws/src', '_': '/opt/ros/noetic/bin/roslaunch', 'ROS_LOG_FILENAME': '/home/ricojia/.ros/log/6356db6c-0de9-11ec-b3bc-4889e7e50817/roslaunch-RicoSUPERMACHINE-2930.log'})
[roslaunch][INFO] 2021-09-05 05:35:19,871: starting in server mode
[roslaunch.parent][INFO] 2021-09-05 05:35:19,871: starting roslaunch parent run
[roslaunch][INFO] 2021-09-05 05:35:19,871: loading roscore config file /opt/ros/noetic/etc/ros/roscore.xml
[roslaunch][INFO] 2021-09-05 05:35:20,214: Added core node of type [rosout/rosout] in namespace [/]
[roslaunch.config][INFO] 2021-09-05 05:35:20,215: loading config file /home/ricojia/rjje_arm_ws/src/rjje_arm/launch/rjje_arm.launch
[roslaunch][INFO] 2021-09-05 05:35:20,215: Added node of type [robot_state_publisher/robot_state_publisher] in namespace [/]
[roslaunch][INFO] 2021-09-05 05:35:20,215: Added node of type [joint_state_publisher_gui/joint_state_publisher_gui] in namespace [/]
[roslaunch][INFO] 2021-09-05 05:35:20,231: Added node of type [rviz/rviz] in namespace [/]
[roslaunch][INFO] 2021-09-05 05:35:20,234: ... selected machine [] for node of type [robot_state_publisher/robot_state_publisher]
[roslaunch][INFO] 2021-09-05 05:35:20,234: ... selected machine [] for node of type [joint_state_publisher_gui/joint_state_publisher_gui]
[roslaunch][INFO] 2021-09-05 05:35:20,234: ... selected machine [] for node of type [rviz/rviz]
[roslaunch.pmon][INFO] 2021-09-05 05:35:20,235: start_process_monitor: creating ProcessMonitor
[roslaunch.pmon][INFO] 2021-09-05 05:35:20,235: created process monitor <ProcessMonitor(ProcessMonitor-1, initial daemon)>
[roslaunch.pmon][INFO] 2021-09-05 05:35:20,236: start_process_monitor: ProcessMonitor started
[roslaunch.parent][INFO] 2021-09-05 05:35:20,236: starting parent XML-RPC server
[roslaunch.server][INFO] 2021-09-05 05:35:20,236: starting roslaunch XML-RPC server
[roslaunch.server][INFO] 2021-09-05 05:35:20,236: waiting for roslaunch XML-RPC server to initialize
[xmlrpc][INFO] 2021-09-05 05:35:20,236: XML-RPC server binding to 0.0.0.0:0
[xmlrpc][INFO] 2021-09-05 05:35:20,236: Started XML-RPC server [http://RicoSUPERMACHINE:37403/]
[xmlrpc][INFO] 2021-09-05 05:35:20,236: xml rpc node: starting XML-RPC server
[roslaunch][INFO] 2021-09-05 05:35:20,247: started roslaunch server http://RicoSUPERMACHINE:37403/
[roslaunch.parent][INFO] 2021-09-05 05:35:20,248: ... parent XML-RPC server started
[roslaunch][INFO] 2021-09-05 05:35:20,248: master.is_running[http://localhost:11311]
[roslaunch][INFO] 2021-09-05 05:35:20,249: master.is_running[http://localhost:11311]
[roslaunch][INFO] 2021-09-05 05:35:20,250: ROS_MASTER_URI=http://localhost:11311
[roslaunch][INFO] 2021-09-05 05:35:20,251: setting /roslaunch/uris/host_ricosupermachine__37403' to http://RicoSUPERMACHINE:37403/
[roslaunch][INFO] 2021-09-05 05:35:20,252: load_parameters starting ...
[roslaunch][INFO] 2021-09-05 05:35:20,254: ... load_parameters complete
[roslaunch][INFO] 2021-09-05 05:35:20,254: launch_nodes: launching local nodes ...
[roslaunch][INFO] 2021-09-05 05:35:20,254: ... preparing to launch node of type [robot_state_publisher/robot_state_publisher]
[roslaunch][INFO] 2021-09-05 05:35:20,254: create_node_process: package[robot_state_publisher] type[robot_state_publisher] machine[Machine(name[] env_loader[None] address[localhost] ssh_port[22] user[None] assignable[True] timeout[10.0])] master_uri[http://localhost:11311]
[roslaunch][INFO] 2021-09-05 05:35:20,254: process[robot_state_publisher-1]: env[{'ROS_VERSION': '1', 'PKG_CONFIG_PATH': '/home/ricojia/rjje_arm_ws/devel/lib/pkgconfig:/opt/ros/noetic/lib/pkgconfig:/opt/ros/noetic/lib/x86_64-linux-gnu/pkgconfig', 'ROS_PYTHON_VERSION': '3', 'HOSTNAME': 'RicoSUPERMACHINE', 'ROS_PACKAGE_PATH': '/home/ricojia/rjje_arm_ws/src:/opt/ros/noetic/share', 'ROSLISP_PACKAGE_DIRECTORIES': '/home/ricojia/rjje_arm_ws/devel/share/common-lisp', 'PWD': '/home/ricojia/rjje_arm_ws', 'HOME': '/home/ricojia', 'LANG': 'C.UTF-8', 'ROS_ETC_DIR': '/opt/ros/noetic/etc/ros', 'CMAKE_PREFIX_PATH': '/home/ricojia/rjje_arm_ws/devel:/opt/ros/noetic', 'PYTHONPATH': '/opt/ros/noetic/lib/python3/dist-packages', 'TERM': 'xterm', 'DISPLAY': ':0', 'SHLVL': '1', 'ROS_MASTER_URI': 'http://localhost:11311', 'LD_LIBRARY_PATH': '/home/ricojia/rjje_arm_ws/devel/lib:/opt/ros/noetic/lib:/opt/ros/noetic/lib/x86_64-linux-gnu', 'XDG_RUNTIME_DIR': '/run/user/1000', 'LC_ALL': 'C.UTF-8', 'PATH': '/opt/ros/noetic/bin:/usr/local/sbin:/usr/local/bin:/usr/sbin:/usr/bin:/sbin:/bin', 'ROS_ROOT': '/opt/ros/noetic/share/ros', 'ROS_DISTRO': 'noetic', 'QT_X11_NO_MITSHM': '1', 'OLDPWD': '/home/ricojia/rjje_arm_ws/src', '_': '/opt/ros/noetic/bin/roslaunch', 'ROS_LOG_FILENAME': '/home/ricojia/.ros/log/6356db6c-0de9-11ec-b3bc-4889e7e50817/roslaunch-RicoSUPERMACHINE-2930.log'}]
[roslaunch][INFO] 2021-09-05 05:35:20,274: process[robot_state_publisher-1]: args[['/opt/ros/noetic/lib/robot_state_publisher/robot_state_publisher', '__name:=robot_state_publisher']]
[roslaunch][INFO] 2021-09-05 05:35:20,274: ... created process [robot_state_publisher-1]
[roslaunch.pmon][INFO] 2021-09-05 05:35:20,274: ProcessMonitor.register[robot_state_publisher-1]
[roslaunch.pmon][INFO] 2021-09-05 05:35:20,275: ProcessMonitor.register[robot_state_publisher-1] complete
[roslaunch][INFO] 2021-09-05 05:35:20,275: ... registered process [robot_state_publisher-1]
[roslaunch][INFO] 2021-09-05 05:35:20,275: process[robot_state_publisher-1]: starting os process
[roslaunch][INFO] 2021-09-05 05:35:20,275: process[robot_state_publisher-1]: start w/ args [['/opt/ros/noetic/lib/robot_state_publisher/robot_state_publisher', '__name:=robot_state_publisher', '__log:=/home/ricojia/.ros/log/6356db6c-0de9-11ec-b3bc-4889e7e50817/robot_state_publisher-1.log']]
[roslaunch][INFO] 2021-09-05 05:35:20,275: process[robot_state_publisher-1]: cwd will be [/home/ricojia/.ros]
[roslaunch][INFO] 2021-09-05 05:35:20,277: process[robot_state_publisher-1]: started with pid [2959]
[roslaunch][INFO] 2021-09-05 05:35:20,277: ... successfully launched [robot_state_publisher-1]
[roslaunch][INFO] 2021-09-05 05:35:20,277: ... preparing to launch node of type [joint_state_publisher_gui/joint_state_publisher_gui]
[roslaunch][INFO] 2021-09-05 05:35:20,278: create_node_process: package[joint_state_publisher_gui] type[joint_state_publisher_gui] machine[Machine(name[] env_loader[None] address[localhost] ssh_port[22] user[None] assignable[True] timeout[10.0])] master_uri[http://localhost:11311]
[roslaunch][INFO] 2021-09-05 05:35:20,278: process[joint_state_publisher_gui-2]: env[{'ROS_VERSION': '1', 'PKG_CONFIG_PATH': '/home/ricojia/rjje_arm_ws/devel/lib/pkgconfig:/opt/ros/noetic/lib/pkgconfig:/opt/ros/noetic/lib/x86_64-linux-gnu/pkgconfig', 'ROS_PYTHON_VERSION': '3', 'HOSTNAME': 'RicoSUPERMACHINE', 'ROS_PACKAGE_PATH': '/home/ricojia/rjje_arm_ws/src:/opt/ros/noetic/share', 'ROSLISP_PACKAGE_DIRECTORIES': '/home/ricojia/rjje_arm_ws/devel/share/common-lisp', 'PWD': '/home/ricojia/rjje_arm_ws', 'HOME': '/home/ricojia', 'LANG': 'C.UTF-8', 'ROS_ETC_DIR': '/opt/ros/noetic/etc/ros', 'CMAKE_PREFIX_PATH': '/home/ricojia/rjje_arm_ws/devel:/opt/ros/noetic', 'PYTHONPATH': '/opt/ros/noetic/lib/python3/dist-packages', 'TERM': 'xterm', 'DISPLAY': ':0', 'SHLVL': '1', 'ROS_MASTER_URI': 'http://localhost:11311', 'LD_LIBRARY_PATH': '/home/ricojia/rjje_arm_ws/devel/lib:/opt/ros/noetic/lib:/opt/ros/noetic/lib/x86_64-linux-gnu', 'XDG_RUNTIME_DIR': '/run/user/1000', 'LC_ALL': 'C.UTF-8', 'PATH': '/opt/ros/noetic/bin:/usr/local/sbin:/usr/local/bin:/usr/sbin:/usr/bin:/sbin:/bin', 'ROS_ROOT': '/opt/ros/noetic/share/ros', 'ROS_DISTRO': 'noetic', 'QT_X11_NO_MITSHM': '1', 'OLDPWD': '/home/ricojia/rjje_arm_ws/src', '_': '/opt/ros/noetic/bin/roslaunch', 'ROS_LOG_FILENAME': '/home/ricojia/.ros/log/6356db6c-0de9-11ec-b3bc-4889e7e50817/roslaunch-RicoSUPERMACHINE-2930.log'}]
[roslaunch][INFO] 2021-09-05 05:35:20,278: process[joint_state_publisher_gui-2]: args[['/opt/ros/noetic/lib/joint_state_publisher_gui/joint_state_publisher_gui', '__name:=joint_state_publisher_gui']]
[roslaunch][INFO] 2021-09-05 05:35:20,278: ... created process [joint_state_publisher_gui-2]
[roslaunch.pmon][INFO] 2021-09-05 05:35:20,278: ProcessMonitor.register[joint_state_publisher_gui-2]
[roslaunch.pmon][INFO] 2021-09-05 05:35:20,278: ProcessMonitor.register[joint_state_publisher_gui-2] complete
[roslaunch][INFO] 2021-09-05 05:35:20,278: ... registered process [joint_state_publisher_gui-2]
[roslaunch][INFO] 2021-09-05 05:35:20,278: process[joint_state_publisher_gui-2]: starting os process
[roslaunch][INFO] 2021-09-05 05:35:20,279: process[joint_state_publisher_gui-2]: start w/ args [['/opt/ros/noetic/lib/joint_state_publisher_gui/joint_state_publisher_gui', '__name:=joint_state_publisher_gui', '__log:=/home/ricojia/.ros/log/6356db6c-0de9-11ec-b3bc-4889e7e50817/joint_state_publisher_gui-2.log']]
[roslaunch][INFO] 2021-09-05 05:35:20,279: process[joint_state_publisher_gui-2]: cwd will be [/home/ricojia/.ros]
[roslaunch][INFO] 2021-09-05 05:35:20,281: process[joint_state_publisher_gui-2]: started with pid [2960]
[roslaunch][INFO] 2021-09-05 05:35:20,282: ... successfully launched [joint_state_publisher_gui-2]
[roslaunch][INFO] 2021-09-05 05:35:20,282: ... preparing to launch node of type [rviz/rviz]
[roslaunch][INFO] 2021-09-05 05:35:20,282: create_node_process: package[rviz] type[rviz] machine[Machine(name[] env_loader[None] address[localhost] ssh_port[22] user[None] assignable[True] timeout[10.0])] master_uri[http://localhost:11311]
[roslaunch][INFO] 2021-09-05 05:35:20,282: process[rviz-3]: env[{'ROS_VERSION': '1', 'PKG_CONFIG_PATH': '/home/ricojia/rjje_arm_ws/devel/lib/pkgconfig:/opt/ros/noetic/lib/pkgconfig:/opt/ros/noetic/lib/x86_64-linux-gnu/pkgconfig', 'ROS_PYTHON_VERSION': '3', 'HOSTNAME': 'RicoSUPERMACHINE', 'ROS_PACKAGE_PATH': '/home/ricojia/rjje_arm_ws/src:/opt/ros/noetic/share', 'ROSLISP_PACKAGE_DIRECTORIES': '/home/ricojia/rjje_arm_ws/devel/share/common-lisp', 'PWD': '/home/ricojia/rjje_arm_ws', 'HOME': '/home/ricojia', 'LANG': 'C.UTF-8', 'ROS_ETC_DIR': '/opt/ros/noetic/etc/ros', 'CMAKE_PREFIX_PATH': '/home/ricojia/rjje_arm_ws/devel:/opt/ros/noetic', 'PYTHONPATH': '/opt/ros/noetic/lib/python3/dist-packages', 'TERM': 'xterm', 'DISPLAY': ':0', 'SHLVL': '1', 'ROS_MASTER_URI': 'http://localhost:11311', 'LD_LIBRARY_PATH': '/home/ricojia/rjje_arm_ws/devel/lib:/opt/ros/noetic/lib:/opt/ros/noetic/lib/x86_64-linux-gnu', 'XDG_RUNTIME_DIR': '/run/user/1000', 'LC_ALL': 'C.UTF-8', 'PATH': '/opt/ros/noetic/bin:/usr/local/sbin:/usr/local/bin:/usr/sbin:/usr/bin:/sbin:/bin', 'ROS_ROOT': '/opt/ros/noetic/share/ros', 'ROS_DISTRO': 'noetic', 'QT_X11_NO_MITSHM': '1', 'OLDPWD': '/home/ricojia/rjje_arm_ws/src', '_': '/opt/ros/noetic/bin/roslaunch', 'ROS_LOG_FILENAME': '/home/ricojia/.ros/log/6356db6c-0de9-11ec-b3bc-4889e7e50817/roslaunch-RicoSUPERMACHINE-2930.log'}]
[roslaunch][INFO] 2021-09-05 05:35:20,283: process[rviz-3]: args[['/opt/ros/noetic/lib/rviz/rviz', '-d', '/home/ricojia/rjje_arm_ws/src/rjje_arm/rviz/rjje_arm.rviz', '__name:=rviz']]
[roslaunch][INFO] 2021-09-05 05:35:20,284: ... created process [rviz-3]
[roslaunch.pmon][INFO] 2021-09-05 05:35:20,284: ProcessMonitor.register[rviz-3]
[roslaunch.pmon][INFO] 2021-09-05 05:35:20,284: ProcessMonitor.register[rviz-3] complete
[roslaunch][INFO] 2021-09-05 05:35:20,284: ... registered process [rviz-3]
[roslaunch][INFO] 2021-09-05 05:35:20,284: process[rviz-3]: starting os process
[roslaunch][INFO] 2021-09-05 05:35:20,284: process[rviz-3]: start w/ args [['/opt/ros/noetic/lib/rviz/rviz', '-d', '/home/ricojia/rjje_arm_ws/src/rjje_arm/rviz/rjje_arm.rviz', '__name:=rviz', '__log:=/home/ricojia/.ros/log/6356db6c-0de9-11ec-b3bc-4889e7e50817/rviz-3.log']]
[roslaunch][INFO] 2021-09-05 05:35:20,284: process[rviz-3]: cwd will be [/home/ricojia/.ros]
[roslaunch][INFO] 2021-09-05 05:35:20,288: process[rviz-3]: started with pid [2961]
[roslaunch][INFO] 2021-09-05 05:35:20,289: ... successfully launched [rviz-3]
[roslaunch][INFO] 2021-09-05 05:35:20,289: ... launch_nodes complete
[roslaunch.pmon][INFO] 2021-09-05 05:35:20,289: registrations completed <ProcessMonitor(ProcessMonitor-1, started daemon 139671797257984)>
[roslaunch.parent][INFO] 2021-09-05 05:35:20,289: ... roslaunch parent running, waiting for process exit
[roslaunch][INFO] 2021-09-05 05:35:20,289: spin
[roslaunch][ERROR] 2021-09-05 05:35:34,067: ================================================================================REQUIRED process [rviz-3] has died!
process has finished cleanly
log file: /home/ricojia/.ros/log/6356db6c-0de9-11ec-b3bc-4889e7e50817/rviz-3*.log
Initiating shutdown!
================================================================================
[roslaunch.pmon][INFO] 2021-09-05 05:35:34,167: ProcessMonitor._post_run <ProcessMonitor(ProcessMonitor-1, started daemon 139671797257984)>
[roslaunch.pmon][INFO] 2021-09-05 05:35:34,167: ProcessMonitor._post_run <ProcessMonitor(ProcessMonitor-1, started daemon 139671797257984)>: remaining procs are [<roslaunch.nodeprocess.LocalProcess object at 0x7f07c502c850>, <roslaunch.nodeprocess.LocalProcess object at 0x7f07c502cfa0>, <roslaunch.nodeprocess.LocalProcess object at 0x7f07c502cee0>]
[roslaunch.pmon][INFO] 2021-09-05 05:35:34,168: ProcessMonitor exit: killing rviz-3
[roslaunch][INFO] 2021-09-05 05:35:34,168: [rviz-3] killing on exit
[roslaunch.pmon][INFO] 2021-09-05 05:35:34,168: ProcessMonitor exit: killing joint_state_publisher_gui-2
[roslaunch.pmon][INFO] 2021-09-05 05:35:34,168: ProcessMonitor exit: killing robot_state_publisher-1
[roslaunch][INFO] 2021-09-05 05:35:34,168: [joint_state_publisher_gui-2] killing on exit
[roslaunch][INFO] 2021-09-05 05:35:34,168: [robot_state_publisher-1] killing on exit
[roslaunch][INFO] 2021-09-05 05:35:34,168: process[joint_state_publisher_gui-2]: killing os process with pid[2960] pgid[2960]
[roslaunch][INFO] 2021-09-05 05:35:34,169: process[robot_state_publisher-1]: killing os process with pid[2959] pgid[2959]
[roslaunch][INFO] 2021-09-05 05:35:34,169: [joint_state_publisher_gui-2] sending SIGINT to pgid [2960]
[roslaunch][INFO] 2021-09-05 05:35:34,169: [robot_state_publisher-1] sending SIGINT to pgid [2959]
[roslaunch][INFO] 2021-09-05 05:35:34,172: [joint_state_publisher_gui-2] sent SIGINT to pgid [2960]
[roslaunch][INFO] 2021-09-05 05:35:34,172: [robot_state_publisher-1] sent SIGINT to pgid [2959]
[roslaunch][INFO] 2021-09-05 05:35:34,273: process[joint_state_publisher_gui-2]: SIGINT killed with return value -2
[roslaunch][INFO] 2021-09-05 05:35:34,273: process[robot_state_publisher-1]: SIGINT killed with return value 0
[roslaunch.pmon][INFO] 2021-09-05 05:35:34,273: ProcessMonitor exit: cleaning up data structures and signals
[roslaunch.pmon][INFO] 2021-09-05 05:35:34,273: ProcessMonitor exit: pmon has shutdown
[roslaunch][INFO] 2021-09-05 05:35:34,310: process monitor is done spinning, initiating full shutdown
[roslaunch][INFO] 2021-09-05 05:35:34,310: runner.stop()
[roslaunch][INFO] 2021-09-05 05:35:34,310: shutting down processing monitor...
[roslaunch][INFO] 2021-09-05 05:35:34,310: shutting down processing monitor <ProcessMonitor(ProcessMonitor-1, stopped daemon 139671797257984)>
[roslaunch.pmon][INFO] 2021-09-05 05:35:34,310: ProcessMonitor.shutdown <ProcessMonitor(ProcessMonitor-1, stopped daemon 139671797257984)>
[roslaunch][INFO] 2021-09-05 05:35:34,310: ... shutting down processing monitor complete
[roslaunch][INFO] 2021-09-05 05:35:34,310: done
[roslaunch.pmon][INFO] 2021-09-05 05:35:34,310: ProcessMonitor.shutdown <ProcessMonitor(ProcessMonitor-1, stopped daemon 139671797257984)>
[rospy.core][INFO] 2021-09-05 05:35:34,310: signal_shutdown [atexit]
