[roslaunch][INFO] 2021-09-05 04:12:33,024: Checking log directory for disk usage. This may take a while.
Press Ctrl-C to interrupt
[roslaunch][INFO] 2021-09-05 04:12:33,027: Done checking log file disk usage. Usage is <1GB.
[roslaunch][INFO] 2021-09-05 04:12:33,027: roslaunch starting with args ['/opt/ros/noetic/bin/roslaunch', 'rjje_arm', 'rjje_arm.launch']
[roslaunch][INFO] 2021-09-05 04:12:33,028: roslaunch env is environ({'ROS_VERSION': '1', 'PKG_CONFIG_PATH': '/home/ricojia/rjje_arm_ws/devel/lib/pkgconfig:/opt/ros/noetic/lib/pkgconfig:/opt/ros/noetic/lib/x86_64-linux-gnu/pkgconfig', 'ROS_PYTHON_VERSION': '3', 'HOSTNAME': 'RicoSUPERMACHINE', 'ROS_PACKAGE_PATH': '/home/ricojia/rjje_arm_ws/src:/opt/ros/noetic/share', 'ROSLISP_PACKAGE_DIRECTORIES': '/home/ricojia/rjje_arm_ws/devel/share/common-lisp', 'PWD': '/home/ricojia/rjje_arm_ws', 'HOME': '/home/ricojia', 'LANG': 'C.UTF-8', 'ROS_ETC_DIR': '/opt/ros/noetic/etc/ros', 'CMAKE_PREFIX_PATH': '/home/ricojia/rjje_arm_ws/devel:/opt/ros/noetic', 'PYTHONPATH': '/opt/ros/noetic/lib/python3/dist-packages', 'TERM': 'xterm', 'DISPLAY': ':0', 'SHLVL': '1', 'ROS_MASTER_URI': 'http://localhost:11311', 'LD_LIBRARY_PATH': '/home/ricojia/rjje_arm_ws/devel/lib:/opt/ros/noetic/lib:/opt/ros/noetic/lib/x86_64-linux-gnu', 'XDG_RUNTIME_DIR': '/run/user/1000', 'LC_ALL': 'C.UTF-8', 'PATH': '/opt/ros/noetic/bin:/usr/local/sbin:/usr/local/bin:/usr/sbin:/usr/bin:/sbin:/bin', 'ROS_ROOT': '/opt/ros/noetic/share/ros', 'ROS_DISTRO': 'noetic', 'QT_X11_NO_MITSHM': '1', 'OLDPWD': '/home/ricojia/rjje_arm_ws/src', '_': '/opt/ros/noetic/bin/roslaunch', 'ROS_LOG_FILENAME': '/home/ricojia/.ros/log/6356db6c-0de9-11ec-b3bc-4889e7e50817/roslaunch-RicoSUPERMACHINE-2273.log'})
[roslaunch][INFO] 2021-09-05 04:12:33,028: starting in server mode
[roslaunch.parent][INFO] 2021-09-05 04:12:33,028: starting roslaunch parent run
[roslaunch][INFO] 2021-09-05 04:12:33,028: loading roscore config file /opt/ros/noetic/etc/ros/roscore.xml
[roslaunch][INFO] 2021-09-05 04:12:33,397: Added core node of type [rosout/rosout] in namespace [/]
[roslaunch.config][INFO] 2021-09-05 04:12:33,398: loading config file /home/ricojia/rjje_arm_ws/src/rjje_arm/launch/rjje_arm.launch
[roslaunch][INFO] 2021-09-05 04:12:33,398: Added node of type [robot_state_publisher/robot_state_publisher] in namespace [/]
[roslaunch][INFO] 2021-09-05 04:12:33,398: Added node of type [joint_state_publisher_gui/joint_state_publisher_gui] in namespace [/]
[roslaunch][INFO] 2021-09-05 04:12:33,415: Added node of type [rviz/rviz] in namespace [/]
[roslaunch][INFO] 2021-09-05 04:12:33,417: ... selected machine [] for node of type [robot_state_publisher/robot_state_publisher]
[roslaunch][INFO] 2021-09-05 04:12:33,418: ... selected machine [] for node of type [joint_state_publisher_gui/joint_state_publisher_gui]
[roslaunch][INFO] 2021-09-05 04:12:33,418: ... selected machine [] for node of type [rviz/rviz]
[roslaunch.pmon][INFO] 2021-09-05 04:12:33,419: start_process_monitor: creating ProcessMonitor
[roslaunch.pmon][INFO] 2021-09-05 04:12:33,419: created process monitor <ProcessMonitor(ProcessMonitor-1, initial daemon)>
[roslaunch.pmon][INFO] 2021-09-05 04:12:33,419: start_process_monitor: ProcessMonitor started
[roslaunch.parent][INFO] 2021-09-05 04:12:33,420: starting parent XML-RPC server
[roslaunch.server][INFO] 2021-09-05 04:12:33,420: starting roslaunch XML-RPC server
[roslaunch.server][INFO] 2021-09-05 04:12:33,420: waiting for roslaunch XML-RPC server to initialize
[xmlrpc][INFO] 2021-09-05 04:12:33,420: XML-RPC server binding to 0.0.0.0:0
[xmlrpc][INFO] 2021-09-05 04:12:33,420: Started XML-RPC server [http://RicoSUPERMACHINE:39559/]
[xmlrpc][INFO] 2021-09-05 04:12:33,420: xml rpc node: starting XML-RPC server
[roslaunch][INFO] 2021-09-05 04:12:33,431: started roslaunch server http://RicoSUPERMACHINE:39559/
[roslaunch.parent][INFO] 2021-09-05 04:12:33,432: ... parent XML-RPC server started
[roslaunch][INFO] 2021-09-05 04:12:33,432: master.is_running[http://localhost:11311]
[roslaunch][INFO] 2021-09-05 04:12:33,433: master.is_running[http://localhost:11311]
[roslaunch][INFO] 2021-09-05 04:12:33,434: ROS_MASTER_URI=http://localhost:11311
[roslaunch][INFO] 2021-09-05 04:12:33,435: setting /roslaunch/uris/host_ricosupermachine__39559' to http://RicoSUPERMACHINE:39559/
[roslaunch][INFO] 2021-09-05 04:12:33,436: load_parameters starting ...
[roslaunch][INFO] 2021-09-05 04:12:33,438: ... load_parameters complete
[roslaunch][INFO] 2021-09-05 04:12:33,438: launch_nodes: launching local nodes ...
[roslaunch][INFO] 2021-09-05 04:12:33,438: ... preparing to launch node of type [robot_state_publisher/robot_state_publisher]
[roslaunch][INFO] 2021-09-05 04:12:33,439: create_node_process: package[robot_state_publisher] type[robot_state_publisher] machine[Machine(name[] env_loader[None] address[localhost] ssh_port[22] user[None] assignable[True] timeout[10.0])] master_uri[http://localhost:11311]
[roslaunch][INFO] 2021-09-05 04:12:33,439: process[robot_state_publisher-1]: env[{'ROS_VERSION': '1', 'PKG_CONFIG_PATH': '/home/ricojia/rjje_arm_ws/devel/lib/pkgconfig:/opt/ros/noetic/lib/pkgconfig:/opt/ros/noetic/lib/x86_64-linux-gnu/pkgconfig', 'ROS_PYTHON_VERSION': '3', 'HOSTNAME': 'RicoSUPERMACHINE', 'ROS_PACKAGE_PATH': '/home/ricojia/rjje_arm_ws/src:/opt/ros/noetic/share', 'ROSLISP_PACKAGE_DIRECTORIES': '/home/ricojia/rjje_arm_ws/devel/share/common-lisp', 'PWD': '/home/ricojia/rjje_arm_ws', 'HOME': '/home/ricojia', 'LANG': 'C.UTF-8', 'ROS_ETC_DIR': '/opt/ros/noetic/etc/ros', 'CMAKE_PREFIX_PATH': '/home/ricojia/rjje_arm_ws/devel:/opt/ros/noetic', 'PYTHONPATH': '/opt/ros/noetic/lib/python3/dist-packages', 'TERM': 'xterm', 'DISPLAY': ':0', 'SHLVL': '1', 'ROS_MASTER_URI': 'http://localhost:11311', 'LD_LIBRARY_PATH': '/home/ricojia/rjje_arm_ws/devel/lib:/opt/ros/noetic/lib:/opt/ros/noetic/lib/x86_64-linux-gnu', 'XDG_RUNTIME_DIR': '/run/user/1000', 'LC_ALL': 'C.UTF-8', 'PATH': '/opt/ros/noetic/bin:/usr/local/sbin:/usr/local/bin:/usr/sbin:/usr/bin:/sbin:/bin', 'ROS_ROOT': '/opt/ros/noetic/share/ros', 'ROS_DISTRO': 'noetic', 'QT_X11_NO_MITSHM': '1', 'OLDPWD': '/home/ricojia/rjje_arm_ws/src', '_': '/opt/ros/noetic/bin/roslaunch', 'ROS_LOG_FILENAME': '/home/ricojia/.ros/log/6356db6c-0de9-11ec-b3bc-4889e7e50817/roslaunch-RicoSUPERMACHINE-2273.log'}]
[roslaunch][INFO] 2021-09-05 04:12:33,457: process[robot_state_publisher-1]: args[['/opt/ros/noetic/lib/robot_state_publisher/robot_state_publisher', '__name:=robot_state_publisher']]
[roslaunch][INFO] 2021-09-05 04:12:33,458: ... created process [robot_state_publisher-1]
[roslaunch.pmon][INFO] 2021-09-05 04:12:33,458: ProcessMonitor.register[robot_state_publisher-1]
[roslaunch.pmon][INFO] 2021-09-05 04:12:33,458: ProcessMonitor.register[robot_state_publisher-1] complete
[roslaunch][INFO] 2021-09-05 04:12:33,458: ... registered process [robot_state_publisher-1]
[roslaunch][INFO] 2021-09-05 04:12:33,458: process[robot_state_publisher-1]: starting os process
[roslaunch][INFO] 2021-09-05 04:12:33,458: process[robot_state_publisher-1]: start w/ args [['/opt/ros/noetic/lib/robot_state_publisher/robot_state_publisher', '__name:=robot_state_publisher', '__log:=/home/ricojia/.ros/log/6356db6c-0de9-11ec-b3bc-4889e7e50817/robot_state_publisher-1.log']]
[roslaunch][INFO] 2021-09-05 04:12:33,458: process[robot_state_publisher-1]: cwd will be [/home/ricojia/.ros]
[roslaunch][INFO] 2021-09-05 04:12:33,461: process[robot_state_publisher-1]: started with pid [2302]
[roslaunch][INFO] 2021-09-05 04:12:33,461: ... successfully launched [robot_state_publisher-1]
[roslaunch][INFO] 2021-09-05 04:12:33,462: ... preparing to launch node of type [joint_state_publisher_gui/joint_state_publisher_gui]
[roslaunch][INFO] 2021-09-05 04:12:33,462: create_node_process: package[joint_state_publisher_gui] type[joint_state_publisher_gui] machine[Machine(name[] env_loader[None] address[localhost] ssh_port[22] user[None] assignable[True] timeout[10.0])] master_uri[http://localhost:11311]
[roslaunch][INFO] 2021-09-05 04:12:33,462: process[joint_state_publisher_gui-2]: env[{'ROS_VERSION': '1', 'PKG_CONFIG_PATH': '/home/ricojia/rjje_arm_ws/devel/lib/pkgconfig:/opt/ros/noetic/lib/pkgconfig:/opt/ros/noetic/lib/x86_64-linux-gnu/pkgconfig', 'ROS_PYTHON_VERSION': '3', 'HOSTNAME': 'RicoSUPERMACHINE', 'ROS_PACKAGE_PATH': '/home/ricojia/rjje_arm_ws/src:/opt/ros/noetic/share', 'ROSLISP_PACKAGE_DIRECTORIES': '/home/ricojia/rjje_arm_ws/devel/share/common-lisp', 'PWD': '/home/ricojia/rjje_arm_ws', 'HOME': '/home/ricojia', 'LANG': 'C.UTF-8', 'ROS_ETC_DIR': '/opt/ros/noetic/etc/ros', 'CMAKE_PREFIX_PATH': '/home/ricojia/rjje_arm_ws/devel:/opt/ros/noetic', 'PYTHONPATH': '/opt/ros/noetic/lib/python3/dist-packages', 'TERM': 'xterm', 'DISPLAY': ':0', 'SHLVL': '1', 'ROS_MASTER_URI': 'http://localhost:11311', 'LD_LIBRARY_PATH': '/home/ricojia/rjje_arm_ws/devel/lib:/opt/ros/noetic/lib:/opt/ros/noetic/lib/x86_64-linux-gnu', 'XDG_RUNTIME_DIR': '/run/user/1000', 'LC_ALL': 'C.UTF-8', 'PATH': '/opt/ros/noetic/bin:/usr/local/sbin:/usr/local/bin:/usr/sbin:/usr/bin:/sbin:/bin', 'ROS_ROOT': '/opt/ros/noetic/share/ros', 'ROS_DISTRO': 'noetic', 'QT_X11_NO_MITSHM': '1', 'OLDPWD': '/home/ricojia/rjje_arm_ws/src', '_': '/opt/ros/noetic/bin/roslaunch', 'ROS_LOG_FILENAME': '/home/ricojia/.ros/log/6356db6c-0de9-11ec-b3bc-4889e7e50817/roslaunch-RicoSUPERMACHINE-2273.log'}]
[roslaunch][INFO] 2021-09-05 04:12:33,462: process[joint_state_publisher_gui-2]: args[['/opt/ros/noetic/lib/joint_state_publisher_gui/joint_state_publisher_gui', '__name:=joint_state_publisher_gui']]
[roslaunch][INFO] 2021-09-05 04:12:33,462: ... created process [joint_state_publisher_gui-2]
[roslaunch.pmon][INFO] 2021-09-05 04:12:33,462: ProcessMonitor.register[joint_state_publisher_gui-2]
[roslaunch.pmon][INFO] 2021-09-05 04:12:33,462: ProcessMonitor.register[joint_state_publisher_gui-2] complete
[roslaunch][INFO] 2021-09-05 04:12:33,462: ... registered process [joint_state_publisher_gui-2]
[roslaunch][INFO] 2021-09-05 04:12:33,463: process[joint_state_publisher_gui-2]: starting os process
[roslaunch][INFO] 2021-09-05 04:12:33,463: process[joint_state_publisher_gui-2]: start w/ args [['/opt/ros/noetic/lib/joint_state_publisher_gui/joint_state_publisher_gui', '__name:=joint_state_publisher_gui', '__log:=/home/ricojia/.ros/log/6356db6c-0de9-11ec-b3bc-4889e7e50817/joint_state_publisher_gui-2.log']]
[roslaunch][INFO] 2021-09-05 04:12:33,463: process[joint_state_publisher_gui-2]: cwd will be [/home/ricojia/.ros]
[roslaunch][INFO] 2021-09-05 04:12:33,465: process[joint_state_publisher_gui-2]: started with pid [2303]
[roslaunch][INFO] 2021-09-05 04:12:33,466: ... successfully launched [joint_state_publisher_gui-2]
[roslaunch][INFO] 2021-09-05 04:12:33,466: ... preparing to launch node of type [rviz/rviz]
[roslaunch][INFO] 2021-09-05 04:12:33,466: create_node_process: package[rviz] type[rviz] machine[Machine(name[] env_loader[None] address[localhost] ssh_port[22] user[None] assignable[True] timeout[10.0])] master_uri[http://localhost:11311]
[roslaunch][INFO] 2021-09-05 04:12:33,467: process[rviz-3]: env[{'ROS_VERSION': '1', 'PKG_CONFIG_PATH': '/home/ricojia/rjje_arm_ws/devel/lib/pkgconfig:/opt/ros/noetic/lib/pkgconfig:/opt/ros/noetic/lib/x86_64-linux-gnu/pkgconfig', 'ROS_PYTHON_VERSION': '3', 'HOSTNAME': 'RicoSUPERMACHINE', 'ROS_PACKAGE_PATH': '/home/ricojia/rjje_arm_ws/src:/opt/ros/noetic/share', 'ROSLISP_PACKAGE_DIRECTORIES': '/home/ricojia/rjje_arm_ws/devel/share/common-lisp', 'PWD': '/home/ricojia/rjje_arm_ws', 'HOME': '/home/ricojia', 'LANG': 'C.UTF-8', 'ROS_ETC_DIR': '/opt/ros/noetic/etc/ros', 'CMAKE_PREFIX_PATH': '/home/ricojia/rjje_arm_ws/devel:/opt/ros/noetic', 'PYTHONPATH': '/opt/ros/noetic/lib/python3/dist-packages', 'TERM': 'xterm', 'DISPLAY': ':0', 'SHLVL': '1', 'ROS_MASTER_URI': 'http://localhost:11311', 'LD_LIBRARY_PATH': '/home/ricojia/rjje_arm_ws/devel/lib:/opt/ros/noetic/lib:/opt/ros/noetic/lib/x86_64-linux-gnu', 'XDG_RUNTIME_DIR': '/run/user/1000', 'LC_ALL': 'C.UTF-8', 'PATH': '/opt/ros/noetic/bin:/usr/local/sbin:/usr/local/bin:/usr/sbin:/usr/bin:/sbin:/bin', 'ROS_ROOT': '/opt/ros/noetic/share/ros', 'ROS_DISTRO': 'noetic', 'QT_X11_NO_MITSHM': '1', 'OLDPWD': '/home/ricojia/rjje_arm_ws/src', '_': '/opt/ros/noetic/bin/roslaunch', 'ROS_LOG_FILENAME': '/home/ricojia/.ros/log/6356db6c-0de9-11ec-b3bc-4889e7e50817/roslaunch-RicoSUPERMACHINE-2273.log'}]
[roslaunch][INFO] 2021-09-05 04:12:33,469: process[rviz-3]: args[['/opt/ros/noetic/lib/rviz/rviz', '-d', '/home/ricojia/rjje_arm_ws/src/rjje_arm/rviz/rjje_arm.rviz', '__name:=rviz']]
[roslaunch][INFO] 2021-09-05 04:12:33,470: ... created process [rviz-3]
[roslaunch.pmon][INFO] 2021-09-05 04:12:33,470: ProcessMonitor.register[rviz-3]
[roslaunch.pmon][INFO] 2021-09-05 04:12:33,470: ProcessMonitor.register[rviz-3] complete
[roslaunch][INFO] 2021-09-05 04:12:33,470: ... registered process [rviz-3]
[roslaunch][INFO] 2021-09-05 04:12:33,470: process[rviz-3]: starting os process
[roslaunch][INFO] 2021-09-05 04:12:33,470: process[rviz-3]: start w/ args [['/opt/ros/noetic/lib/rviz/rviz', '-d', '/home/ricojia/rjje_arm_ws/src/rjje_arm/rviz/rjje_arm.rviz', '__name:=rviz', '__log:=/home/ricojia/.ros/log/6356db6c-0de9-11ec-b3bc-4889e7e50817/rviz-3.log']]
[roslaunch][INFO] 2021-09-05 04:12:33,470: process[rviz-3]: cwd will be [/home/ricojia/.ros]
[roslaunch][INFO] 2021-09-05 04:12:33,474: process[rviz-3]: started with pid [2304]
[roslaunch][INFO] 2021-09-05 04:12:33,475: ... successfully launched [rviz-3]
[roslaunch][INFO] 2021-09-05 04:12:33,475: ... launch_nodes complete
[roslaunch.pmon][INFO] 2021-09-05 04:12:33,475: registrations completed <ProcessMonitor(ProcessMonitor-1, started daemon 140606002370304)>
[roslaunch.parent][INFO] 2021-09-05 04:12:33,475: ... roslaunch parent running, waiting for process exit
[roslaunch][INFO] 2021-09-05 04:12:33,475: spin
[roslaunch][ERROR] 2021-09-05 04:15:29,611: ================================================================================REQUIRED process [rviz-3] has died!
process has finished cleanly
log file: /home/ricojia/.ros/log/6356db6c-0de9-11ec-b3bc-4889e7e50817/rviz-3*.log
Initiating shutdown!
================================================================================
[roslaunch.pmon][INFO] 2021-09-05 04:15:29,711: ProcessMonitor._post_run <ProcessMonitor(ProcessMonitor-1, started daemon 140606002370304)>
[roslaunch.pmon][INFO] 2021-09-05 04:15:29,711: ProcessMonitor._post_run <ProcessMonitor(ProcessMonitor-1, started daemon 140606002370304)>: remaining procs are [<roslaunch.nodeprocess.LocalProcess object at 0x7fe147f984f0>, <roslaunch.nodeprocess.LocalProcess object at 0x7fe147f98f10>, <roslaunch.nodeprocess.LocalProcess object at 0x7fe147f98580>]
[roslaunch.pmon][INFO] 2021-09-05 04:15:29,712: ProcessMonitor exit: killing rviz-3
[roslaunch][INFO] 2021-09-05 04:15:29,712: [rviz-3] killing on exit
[roslaunch.pmon][INFO] 2021-09-05 04:15:29,712: ProcessMonitor exit: killing joint_state_publisher_gui-2
[roslaunch.pmon][INFO] 2021-09-05 04:15:29,712: ProcessMonitor exit: killing robot_state_publisher-1
[roslaunch][INFO] 2021-09-05 04:15:29,713: [joint_state_publisher_gui-2] killing on exit
[roslaunch][INFO] 2021-09-05 04:15:29,713: [robot_state_publisher-1] killing on exit
[roslaunch][INFO] 2021-09-05 04:15:29,714: process[joint_state_publisher_gui-2]: killing os process with pid[2303] pgid[2303]
[roslaunch][INFO] 2021-09-05 04:15:29,714: process[robot_state_publisher-1]: killing os process with pid[2302] pgid[2302]
[roslaunch][INFO] 2021-09-05 04:15:29,714: [joint_state_publisher_gui-2] sending SIGINT to pgid [2303]
[roslaunch][INFO] 2021-09-05 04:15:29,714: [robot_state_publisher-1] sending SIGINT to pgid [2302]
[roslaunch][INFO] 2021-09-05 04:15:29,714: [joint_state_publisher_gui-2] sent SIGINT to pgid [2303]
[roslaunch][INFO] 2021-09-05 04:15:29,715: [robot_state_publisher-1] sent SIGINT to pgid [2302]
[roslaunch][INFO] 2021-09-05 04:15:29,815: process[joint_state_publisher_gui-2]: SIGINT killed with return value -2
[roslaunch][INFO] 2021-09-05 04:15:29,815: process[robot_state_publisher-1]: SIGINT killed with return value 0
[roslaunch.pmon][INFO] 2021-09-05 04:15:29,815: ProcessMonitor exit: cleaning up data structures and signals
[roslaunch.pmon][INFO] 2021-09-05 04:15:29,816: ProcessMonitor exit: pmon has shutdown
[roslaunch][INFO] 2021-09-05 04:15:29,854: process monitor is done spinning, initiating full shutdown
[roslaunch][INFO] 2021-09-05 04:15:29,854: runner.stop()
[roslaunch][INFO] 2021-09-05 04:15:29,854: shutting down processing monitor...
[roslaunch][INFO] 2021-09-05 04:15:29,854: shutting down processing monitor <ProcessMonitor(ProcessMonitor-1, stopped daemon 140606002370304)>
[roslaunch.pmon][INFO] 2021-09-05 04:15:29,854: ProcessMonitor.shutdown <ProcessMonitor(ProcessMonitor-1, stopped daemon 140606002370304)>
[roslaunch][INFO] 2021-09-05 04:15:29,854: ... shutting down processing monitor complete
[roslaunch][INFO] 2021-09-05 04:15:29,854: done
[roslaunch.pmon][INFO] 2021-09-05 04:15:29,855: ProcessMonitor.shutdown <ProcessMonitor(ProcessMonitor-1, stopped daemon 140606002370304)>
[rospy.core][INFO] 2021-09-05 04:15:29,855: signal_shutdown [atexit]
