

1630805659.564132042  Node Startup
1630805665.168343802 INFO /rviz_1630805664715782870 [/tmp/binarydeb/ros-noetic-rviz-1.14.8/src/rviz/ogre_helpers/render_system.cpp:467(RenderWindow* rviz::RenderSystem::makeRenderWindow)] [topics: /rosout] Stereo is NOT SUPPORTED
1630805665.168456624 INFO /rviz_1630805664715782870 [/tmp/binarydeb/ros-noetic-rviz-1.14.8/src/rviz/ogre_helpers/render_system.cpp:181(RenderSystem::detectGlVersion)] [topics: /rosout] OpenGL device: Mesa Intel(R) UHD Graphics 620 (WHL GT2)
1630805665.168490216 INFO /rviz_1630805664715782870 [/tmp/binarydeb/ros-noetic-rviz-1.14.8/src/rviz/ogre_helpers/render_system.cpp:221(RenderSystem::detectGlVersion)] [topics: /rosout] OpenGl version: 4.6 (GLSL 4.6) limited to GLSL 1.4 on Mesa system.
1630814633.873876734 INFO /rviz [/tmp/binarydeb/ros-noetic-rviz-1.14.8/src/rviz/ogre_helpers/render_system.cpp:467(RenderWindow* rviz::RenderSystem::makeRenderWindow)] [topics: /rosout] Stereo is NOT SUPPORTED
1630814633.873927311 INFO /rviz [/tmp/binarydeb/ros-noetic-rviz-1.14.8/src/rviz/ogre_helpers/render_system.cpp:181(RenderSystem::detectGlVersion)] [topics: /rosout] OpenGL device: Mesa Intel(R) UHD Graphics 620 (WHL GT2)
1630814633.873956707 INFO /rviz [/tmp/binarydeb/ros-noetic-rviz-1.14.8/src/rviz/ogre_helpers/render_system.cpp:221(RenderSystem::detectGlVersion)] [topics: /rosout] OpenGl version: 4.6 (GLSL 4.6) limited to GLSL 1.4 on Mesa system.
1630814633.877498149 INFO /joint_state_publisher_gui [__init__.py:179(JointStatePublisherGui.center)] [topics: /rosout, /joint_states] Centering
1630814672.838070330 INFO /rviz [/tmp/binarydeb/ros-noetic-rviz-1.14.8/src/rviz/ogre_helpers/render_system.cpp:467(RenderWindow* rviz::RenderSystem::makeRenderWindow)] [topics: /rosout] Stereo is NOT SUPPORTED
1630814672.838122933 INFO /rviz [/tmp/binarydeb/ros-noetic-rviz-1.14.8/src/rviz/ogre_helpers/render_system.cpp:181(RenderSystem::detectGlVersion)] [topics: /rosout] OpenGL device: Mesa Intel(R) UHD Graphics 620 (WHL GT2)
1630814672.838146837 INFO /rviz [/tmp/binarydeb/ros-noetic-rviz-1.14.8/src/rviz/ogre_helpers/render_system.cpp:221(RenderSystem::detectGlVersion)] [topics: /rosout] OpenGl version: 4.6 (GLSL 4.6) limited to GLSL 1.4 on Mesa system.
1630814672.838466405 INFO /joint_state_publisher_gui [__init__.py:179(JointStatePublisherGui.center)] [topics: /rosout, /joint_states] Centering
1630814725.628381934 INFO /rviz [/tmp/binarydeb/ros-noetic-rviz-1.14.8/src/rviz/ogre_helpers/render_system.cpp:467(RenderWindow* rviz::RenderSystem::makeRenderWindow)] [topics: /rosout] Stereo is NOT SUPPORTED
1630814725.628421347 INFO /rviz [/tmp/binarydeb/ros-noetic-rviz-1.14.8/src/rviz/ogre_helpers/render_system.cpp:181(RenderSystem::detectGlVersion)] [topics: /rosout] OpenGL device: Mesa Intel(R) UHD Graphics 620 (WHL GT2)
1630814725.628434212 INFO /rviz [/tmp/binarydeb/ros-noetic-rviz-1.14.8/src/rviz/ogre_helpers/render_system.cpp:221(RenderSystem::detectGlVersion)] [topics: /rosout] OpenGl version: 4.6 (GLSL 4.6) limited to GLSL 1.4 on Mesa system.
1630814725.632643938 INFO /joint_state_publisher_gui [__init__.py:179(JointStatePublisherGui.center)] [topics: /joint_states, /rosout] Centering
1630814758.661363304 INFO /rviz [/tmp/binarydeb/ros-noetic-rviz-1.14.8/src/rviz/ogre_helpers/render_system.cpp:467(RenderWindow* rviz::RenderSystem::makeRenderWindow)] [topics: /rosout] Stereo is NOT SUPPORTED
1630814758.661455764 INFO /rviz [/tmp/binarydeb/ros-noetic-rviz-1.14.8/src/rviz/ogre_helpers/render_system.cpp:181(RenderSystem::detectGlVersion)] [topics: /rosout] OpenGL device: Mesa Intel(R) UHD Graphics 620 (WHL GT2)
1630814758.661485328 INFO /rviz [/tmp/binarydeb/ros-noetic-rviz-1.14.8/src/rviz/ogre_helpers/render_system.cpp:221(RenderSystem::detectGlVersion)] [topics: /rosout] OpenGl version: 4.6 (GLSL 4.6) limited to GLSL 1.4 on Mesa system.
1630814758.652050733 INFO /joint_state_publisher_gui [__init__.py:179(JointStatePublisherGui.center)] [topics: /rosout, /joint_states] Centering
1630814975.555154719 INFO /rviz [/tmp/binarydeb/ros-noetic-rviz-1.14.8/src/rviz/ogre_helpers/render_system.cpp:467(RenderWindow* rviz::RenderSystem::makeRenderWindow)] [topics: /rosout] Stereo is NOT SUPPORTED
1630814975.555219901 INFO /rviz [/tmp/binarydeb/ros-noetic-rviz-1.14.8/src/rviz/ogre_helpers/render_system.cpp:181(RenderSystem::detectGlVersion)] [topics: /rosout] OpenGL device: Mesa Intel(R) UHD Graphics 620 (WHL GT2)
1630814975.555250496 INFO /rviz [/tmp/binarydeb/ros-noetic-rviz-1.14.8/src/rviz/ogre_helpers/render_system.cpp:221(RenderSystem::detectGlVersion)] [topics: /rosout] OpenGl version: 4.6 (GLSL 4.6) limited to GLSL 1.4 on Mesa system.
1630814975.545544385 INFO /joint_state_publisher_gui [__init__.py:179(JointStatePublisherGui.center)] [topics: /joint_states, /rosout] Centering
1630815004.430176925 INFO /rviz [/tmp/binarydeb/ros-noetic-rviz-1.14.8/src/rviz/ogre_helpers/render_system.cpp:467(RenderWindow* rviz::RenderSystem::makeRenderWindow)] [topics: /rosout] Stereo is NOT SUPPORTED
1630815004.430266220 INFO /rviz [/tmp/binarydeb/ros-noetic-rviz-1.14.8/src/rviz/ogre_helpers/render_system.cpp:181(RenderSystem::detectGlVersion)] [topics: /rosout] OpenGL device: Mesa Intel(R) UHD Graphics 620 (WHL GT2)
1630815004.430282340 INFO /rviz [/tmp/binarydeb/ros-noetic-rviz-1.14.8/src/rviz/ogre_helpers/render_system.cpp:221(RenderSystem::detectGlVersion)] [topics: /rosout] OpenGl version: 4.6 (GLSL 4.6) limited to GLSL 1.4 on Mesa system.
1630815004.432857036 INFO /joint_state_publisher_gui [__init__.py:179(JointStatePublisherGui.center)] [topics: /joint_states, /rosout] Centering
1630815011.607702404 ERROR /rviz [/tmp/binarydeb/ros-noetic-rviz-1.14.8/src/rviz/visualization_frame.cpp:829(VisualizationFrame::saveDisplayConfig)] [topics: /rosout, /initialpose, /move_base_simple/goal, /clicked_point] Failed to open /opt/ros/noetic/share/rviz/default.rviz for writing.
1630815133.369672796 INFO /rviz [/tmp/binarydeb/ros-noetic-rviz-1.14.8/src/rviz/ogre_helpers/render_system.cpp:467(RenderWindow* rviz::RenderSystem::makeRenderWindow)] [topics: /rosout] Stereo is NOT SUPPORTED
1630815133.369729387 INFO /rviz [/tmp/binarydeb/ros-noetic-rviz-1.14.8/src/rviz/ogre_helpers/render_system.cpp:181(RenderSystem::detectGlVersion)] [topics: /rosout] OpenGL device: Mesa Intel(R) UHD Graphics 620 (WHL GT2)
1630815133.369768869 INFO /rviz [/tmp/binarydeb/ros-noetic-rviz-1.14.8/src/rviz/ogre_helpers/render_system.cpp:221(RenderSystem::detectGlVersion)] [topics: /rosout] OpenGl version: 4.6 (GLSL 4.6) limited to GLSL 1.4 on Mesa system.
1630815133.379567623 INFO /joint_state_publisher_gui [__init__.py:179(JointStatePublisherGui.center)] [topics: /joint_states, /rosout] Centering
1630815154.135009085 INFO /rviz [/tmp/binarydeb/ros-noetic-rviz-1.14.8/src/rviz/ogre_helpers/render_system.cpp:467(RenderWindow* rviz::RenderSystem::makeRenderWindow)] [topics: /rosout] Stereo is NOT SUPPORTED
1630815154.135052737 INFO /rviz [/tmp/binarydeb/ros-noetic-rviz-1.14.8/src/rviz/ogre_helpers/render_system.cpp:181(RenderSystem::detectGlVersion)] [topics: /rosout] OpenGL device: Mesa Intel(R) UHD Graphics 620 (WHL GT2)
1630815154.135068603 INFO /rviz [/tmp/binarydeb/ros-noetic-rviz-1.14.8/src/rviz/ogre_helpers/render_system.cpp:221(RenderSystem::detectGlVersion)] [topics: /rosout] OpenGl version: 4.6 (GLSL 4.6) limited to GLSL 1.4 on Mesa system.
1630815154.137034177 INFO /joint_state_publisher_gui [__init__.py:179(JointStatePublisherGui.center)] [topics: /rosout, /joint_states] Centering
1630815339.587079629 INFO /rviz [/tmp/binarydeb/ros-noetic-rviz-1.14.8/src/rviz/ogre_helpers/render_system.cpp:467(RenderWindow* rviz::RenderSystem::makeRenderWindow)] [topics: /rosout] Stereo is NOT SUPPORTED
1630815339.587151476 INFO /rviz [/tmp/binarydeb/ros-noetic-rviz-1.14.8/src/rviz/ogre_helpers/render_system.cpp:181(RenderSystem::detectGlVersion)] [topics: /rosout] OpenGL device: Mesa Intel(R) UHD Graphics 620 (WHL GT2)
1630815339.587175357 INFO /rviz [/tmp/binarydeb/ros-noetic-rviz-1.14.8/src/rviz/ogre_helpers/render_system.cpp:221(RenderSystem::detectGlVersion)] [topics: /rosout] OpenGl version: 4.6 (GLSL 4.6) limited to GLSL 1.4 on Mesa system.
1630815339.652100770 WARN /rviz [/build/urdfdom-VnCcob/urdfdom-1.0.4+ds/urdf_parser/src/model.cpp:84()] [topics: /rosout, /initialpose, /goal] link 'base_link' material 'Black' undefined.
1630815339.652125110 WARN /rviz [/build/urdfdom-VnCcob/urdfdom-1.0.4+ds/urdf_parser/src/model.cpp:84()] [topics: /rosout, /initialpose, /goal] link 'base_link' material 'Black' undefined.
1630815339.587988853 INFO /joint_state_publisher_gui [__init__.py:179(JointStatePublisherGui.center)] [topics: /joint_states, /rosout] Centering
1630815350.869710226 INFO /rviz [/tmp/binarydeb/ros-noetic-rviz-1.14.8/src/rviz/ogre_helpers/render_system.cpp:467(RenderWindow* rviz::RenderSystem::makeRenderWindow)] [topics: /rosout] Stereo is NOT SUPPORTED
1630815350.869753524 INFO /rviz [/tmp/binarydeb/ros-noetic-rviz-1.14.8/src/rviz/ogre_helpers/render_system.cpp:181(RenderSystem::detectGlVersion)] [topics: /rosout] OpenGL device: Mesa Intel(R) UHD Graphics 620 (WHL GT2)
1630815350.869767563 INFO /rviz [/tmp/binarydeb/ros-noetic-rviz-1.14.8/src/rviz/ogre_helpers/render_system.cpp:221(RenderSystem::detectGlVersion)] [topics: /rosout] OpenGl version: 4.6 (GLSL 4.6) limited to GLSL 1.4 on Mesa system.
1630815350.879235506 INFO /joint_state_publisher_gui [__init__.py:179(JointStatePublisherGui.center)] [topics: /joint_states, /rosout] Centering
1630815350.942805501 WARN /rviz [/build/urdfdom-VnCcob/urdfdom-1.0.4+ds/urdf_parser/src/model.cpp:84()] [topics: /rosout, /initialpose, /goal] link 'base_link' material 'black' undefined.
1630815350.942851654 WARN /rviz [/build/urdfdom-VnCcob/urdfdom-1.0.4+ds/urdf_parser/src/model.cpp:84()] [topics: /rosout, /initialpose, /goal] link 'base_link' material 'black' undefined.
1630815405.324607219 INFO /rviz [/tmp/binarydeb/ros-noetic-rviz-1.14.8/src/rviz/ogre_helpers/render_system.cpp:467(RenderWindow* rviz::RenderSystem::makeRenderWindow)] [topics: /rosout] Stereo is NOT SUPPORTED
1630815405.324648740 INFO /rviz [/tmp/binarydeb/ros-noetic-rviz-1.14.8/src/rviz/ogre_helpers/render_system.cpp:181(RenderSystem::detectGlVersion)] [topics: /rosout] OpenGL device: Mesa Intel(R) UHD Graphics 620 (WHL GT2)
1630815405.324661441 INFO /rviz [/tmp/binarydeb/ros-noetic-rviz-1.14.8/src/rviz/ogre_helpers/render_system.cpp:221(RenderSystem::detectGlVersion)] [topics: /rosout] OpenGl version: 4.6 (GLSL 4.6) limited to GLSL 1.4 on Mesa system.
1630815405.325788497 INFO /joint_state_publisher_gui [__init__.py:179(JointStatePublisherGui.center)] [topics: /joint_states, /rosout] Centering
1630815416.758337131 INFO /rviz [/tmp/binarydeb/ros-noetic-rviz-1.14.8/src/rviz/ogre_helpers/render_system.cpp:467(RenderWindow* rviz::RenderSystem::makeRenderWindow)] [topics: /rosout] Stereo is NOT SUPPORTED
1630815416.758405226 INFO /rviz [/tmp/binarydeb/ros-noetic-rviz-1.14.8/src/rviz/ogre_helpers/render_system.cpp:181(RenderSystem::detectGlVersion)] [topics: /rosout] OpenGL device: Mesa Intel(R) UHD Graphics 620 (WHL GT2)
1630815416.758433729 INFO /rviz [/tmp/binarydeb/ros-noetic-rviz-1.14.8/src/rviz/ogre_helpers/render_system.cpp:221(RenderSystem::detectGlVersion)] [topics: /rosout] OpenGl version: 4.6 (GLSL 4.6) limited to GLSL 1.4 on Mesa system.
1630815416.745262384 INFO /joint_state_publisher_gui [__init__.py:179(JointStatePublisherGui.center)] [topics: /joint_states, /rosout] Centering
1630815433.324894744 INFO /rviz [/tmp/binarydeb/ros-noetic-rviz-1.14.8/src/rviz/ogre_helpers/render_system.cpp:467(RenderWindow* rviz::RenderSystem::makeRenderWindow)] [topics: /rosout] Stereo is NOT SUPPORTED
1630815433.324933529 INFO /rviz [/tmp/binarydeb/ros-noetic-rviz-1.14.8/src/rviz/ogre_helpers/render_system.cpp:181(RenderSystem::detectGlVersion)] [topics: /rosout] OpenGL device: Mesa Intel(R) UHD Graphics 620 (WHL GT2)
1630815433.324946954 INFO /rviz [/tmp/binarydeb/ros-noetic-rviz-1.14.8/src/rviz/ogre_helpers/render_system.cpp:221(RenderSystem::detectGlVersion)] [topics: /rosout] OpenGl version: 4.6 (GLSL 4.6) limited to GLSL 1.4 on Mesa system.
1630815433.326972246 INFO /joint_state_publisher_gui [__init__.py:179(JointStatePublisherGui.center)] [topics: /rosout, /joint_states] Centering
1630820120.911459554 INFO /rviz [/tmp/binarydeb/ros-noetic-rviz-1.14.8/src/rviz/ogre_helpers/render_system.cpp:467(RenderWindow* rviz::RenderSystem::makeRenderWindow)] [topics: /rosout] Stereo is NOT SUPPORTED
1630820120.911498253 INFO /rviz [/tmp/binarydeb/ros-noetic-rviz-1.14.8/src/rviz/ogre_helpers/render_system.cpp:181(RenderSystem::detectGlVersion)] [topics: /rosout] OpenGL device: Mesa Intel(R) UHD Graphics 620 (WHL GT2)
1630820120.911511059 INFO /rviz [/tmp/binarydeb/ros-noetic-rviz-1.14.8/src/rviz/ogre_helpers/render_system.cpp:221(RenderSystem::detectGlVersion)] [topics: /rosout] OpenGl version: 4.6 (GLSL 4.6) limited to GLSL 1.4 on Mesa system.
1630820120.915520191 INFO /joint_state_publisher_gui [__init__.py:179(JointStatePublisherGui.center)] [topics: /rosout, /joint_states] Centering
1630864752.549751335 INFO /rviz [/tmp/binarydeb/ros-noetic-rviz-1.14.8/src/rviz/ogre_helpers/render_system.cpp:467(RenderWindow* rviz::RenderSystem::makeRenderWindow)] [topics: /rosout] Stereo is NOT SUPPORTED
1630864752.549810714 INFO /rviz [/tmp/binarydeb/ros-noetic-rviz-1.14.8/src/rviz/ogre_helpers/render_system.cpp:181(RenderSystem::detectGlVersion)] [topics: /rosout] OpenGL device: Mesa Intel(R) UHD Graphics 620 (WHL GT2)
1630864752.549839215 INFO /rviz [/tmp/binarydeb/ros-noetic-rviz-1.14.8/src/rviz/ogre_helpers/render_system.cpp:221(RenderSystem::detectGlVersion)] [topics: /rosout] OpenGl version: 4.6 (GLSL 4.6) limited to GLSL 1.4 on Mesa system.
1630864752.620565778 ERROR /rviz [/build/urdfdom-VnCcob/urdfdom-1.0.4+ds/urdf_parser/src/model.cpp:118()] [topics: /rosout, /initialpose, /goal] No name given for the robot.
1630864752.547431707 INFO /joint_state_publisher_gui [__init__.py:179(JointStatePublisherGui.center)] [topics: /rosout, /joint_states] Centering
1630864872.103938799 INFO /rviz [/tmp/binarydeb/ros-noetic-rviz-1.14.8/src/rviz/ogre_helpers/render_system.cpp:467(RenderWindow* rviz::RenderSystem::makeRenderWindow)] [topics: /rosout] Stereo is NOT SUPPORTED
1630864872.103983692 INFO /rviz [/tmp/binarydeb/ros-noetic-rviz-1.14.8/src/rviz/ogre_helpers/render_system.cpp:181(RenderSystem::detectGlVersion)] [topics: /rosout] OpenGL device: Mesa Intel(R) UHD Graphics 620 (WHL GT2)
1630864872.103998118 INFO /rviz [/tmp/binarydeb/ros-noetic-rviz-1.14.8/src/rviz/ogre_helpers/render_system.cpp:221(RenderSystem::detectGlVersion)] [topics: /rosout] OpenGl version: 4.6 (GLSL 4.6) limited to GLSL 1.4 on Mesa system.
1630864872.103747367 INFO /joint_state_publisher_gui [__init__.py:179(JointStatePublisherGui.center)] [topics: /joint_states, /rosout] Centering
1630864872.190115056 ERROR /rviz [/build/urdfdom-VnCcob/urdfdom-1.0.4+ds/urdf_parser/src/model.cpp:118()] [topics: /rosout, /initialpose, /goal] No name given for the robot.
1630864894.939946507 INFO /rviz [/tmp/binarydeb/ros-noetic-rviz-1.14.8/src/rviz/ogre_helpers/render_system.cpp:467(RenderWindow* rviz::RenderSystem::makeRenderWindow)] [topics: /rosout] Stereo is NOT SUPPORTED
1630864894.939992477 INFO /rviz [/tmp/binarydeb/ros-noetic-rviz-1.14.8/src/rviz/ogre_helpers/render_system.cpp:181(RenderSystem::detectGlVersion)] [topics: /rosout] OpenGL device: Mesa Intel(R) UHD Graphics 620 (WHL GT2)
1630864894.940019691 INFO /rviz [/tmp/binarydeb/ros-noetic-rviz-1.14.8/src/rviz/ogre_helpers/render_system.cpp:221(RenderSystem::detectGlVersion)] [topics: /rosout] OpenGl version: 4.6 (GLSL 4.6) limited to GLSL 1.4 on Mesa system.
1630864895.014604306 WARN /rviz [/build/urdfdom-VnCcob/urdfdom-1.0.4+ds/urdf_parser/src/model.cpp:84()] [topics: /rosout, /initialpose, /goal] link 'base_link' material 'light_black' undefined.
1630864895.014640135 WARN /rviz [/build/urdfdom-VnCcob/urdfdom-1.0.4+ds/urdf_parser/src/model.cpp:84()] [topics: /rosout, /initialpose, /goal] link 'base_link' material 'light_black' undefined.
1630864895.024565567 ERROR /rviz [/tmp/binarydeb/ros-noetic-rviz-1.14.8/src/rviz/mesh_loader.cpp:721(MeshPtr rviz::loadMeshFromResource)] [topics: /rosout, /initialpose, /goal] Could not load resource [/home/ricojia/rjje_arm_ws/src/rjje_arm/meshes/box.stl]: Unable to open file "/home/ricojia/rjje_arm_ws/src/rjje_arm/meshes/box.stl".
1630864895.025078433 ERROR /rviz [/tmp/binarydeb/ros-noetic-rviz-1.14.8/src/rviz/mesh_loader.cpp:721(MeshPtr rviz::loadMeshFromResource)] [topics: /rosout, /initialpose, /goal] Could not load resource [/home/ricojia/rjje_arm_ws/src/rjje_arm/meshes/box.stl]: Unable to open file "/home/ricojia/rjje_arm_ws/src/rjje_arm/meshes/box.stl".
1630864894.940017700 INFO /joint_state_publisher_gui [__init__.py:179(JointStatePublisherGui.center)] [topics: /rosout, /joint_states] Centering
1630866049.563042270 INFO /rviz [/tmp/binarydeb/ros-noetic-rviz-1.14.8/src/rviz/ogre_helpers/render_system.cpp:467(RenderWindow* rviz::RenderSystem::makeRenderWindow)] [topics: /rosout] Stereo is NOT SUPPORTED
1630866049.563087135 INFO /rviz [/tmp/binarydeb/ros-noetic-rviz-1.14.8/src/rviz/ogre_helpers/render_system.cpp:181(RenderSystem::detectGlVersion)] [topics: /rosout] OpenGL device: Mesa Intel(R) UHD Graphics 620 (WHL GT2)
1630866049.563106774 INFO /rviz [/tmp/binarydeb/ros-noetic-rviz-1.14.8/src/rviz/ogre_helpers/render_system.cpp:221(RenderSystem::detectGlVersion)] [topics: /rosout] OpenGl version: 4.6 (GLSL 4.6) limited to GLSL 1.4 on Mesa system.
1630866049.637934704 WARN /rviz [/build/urdfdom-VnCcob/urdfdom-1.0.4+ds/urdf_parser/src/model.cpp:84()] [topics: /rosout, /initialpose, /goal] link 'base_link' material 'light_black' undefined.
1630866049.637965864 WARN /rviz [/build/urdfdom-VnCcob/urdfdom-1.0.4+ds/urdf_parser/src/model.cpp:84()] [topics: /rosout, /initialpose, /goal] link 'base_link' material 'light_black' undefined.
1630866049.638805177 ERROR /rviz [/tmp/binarydeb/ros-noetic-rviz-1.14.8/src/rviz/mesh_loader.cpp:721(MeshPtr rviz::loadMeshFromResource)] [topics: /rosout, /initialpose, /goal] Could not load resource [/home/ricojia/rjje_arm_ws/src/rjje_arm/meshes/box.stl]: Unable to open file "/home/ricojia/rjje_arm_ws/src/rjje_arm/meshes/box.stl".
1630866049.639056013 ERROR /rviz [/tmp/binarydeb/ros-noetic-rviz-1.14.8/src/rviz/mesh_loader.cpp:721(MeshPtr rviz::loadMeshFromResource)] [topics: /rosout, /initialpose, /goal] Could not load resource [/home/ricojia/rjje_arm_ws/src/rjje_arm/meshes/box.stl]: Unable to open file "/home/ricojia/rjje_arm_ws/src/rjje_arm/meshes/box.stl".
1630866049.599898576 INFO /joint_state_publisher_gui [__init__.py:179(JointStatePublisherGui.center)] [topics: /rosout, /joint_states] Centering
1630866101.325251351 INFO /rviz [/tmp/binarydeb/ros-noetic-rviz-1.14.8/src/rviz/ogre_helpers/render_system.cpp:467(RenderWindow* rviz::RenderSystem::makeRenderWindow)] [topics: /rosout] Stereo is NOT SUPPORTED
1630866101.325343493 INFO /rviz [/tmp/binarydeb/ros-noetic-rviz-1.14.8/src/rviz/ogre_helpers/render_system.cpp:181(RenderSystem::detectGlVersion)] [topics: /rosout] OpenGL device: Mesa Intel(R) UHD Graphics 620 (WHL GT2)
1630866101.325377547 INFO /rviz [/tmp/binarydeb/ros-noetic-rviz-1.14.8/src/rviz/ogre_helpers/render_system.cpp:221(RenderSystem::detectGlVersion)] [topics: /rosout] OpenGl version: 4.6 (GLSL 4.6) limited to GLSL 1.4 on Mesa system.
1630866101.396630368 WARN /rviz [/build/urdfdom-VnCcob/urdfdom-1.0.4+ds/urdf_parser/src/model.cpp:84()] [topics: /rosout, /initialpose, /goal] link 'base_link' material 'light_black' undefined.
1630866101.396658616 WARN /rviz [/build/urdfdom-VnCcob/urdfdom-1.0.4+ds/urdf_parser/src/model.cpp:84()] [topics: /rosout, /initialpose, /goal] link 'base_link' material 'light_black' undefined.
1630866101.397365294 ERROR /rviz [/tmp/binarydeb/ros-noetic-rviz-1.14.8/src/rviz/mesh_loader.cpp:721(MeshPtr rviz::loadMeshFromResource)] [topics: /rosout, /initialpose, /goal] Could not load resource [/home/ricojia/rjje_arm_ws/src/rjje_arm/meshes/box.stl]: Unable to open file "/home/ricojia/rjje_arm_ws/src/rjje_arm/meshes/box.stl".
1630866101.397571931 ERROR /rviz [/tmp/binarydeb/ros-noetic-rviz-1.14.8/src/rviz/mesh_loader.cpp:721(MeshPtr rviz::loadMeshFromResource)] [topics: /rosout, /initialpose, /goal] Could not load resource [/home/ricojia/rjje_arm_ws/src/rjje_arm/meshes/box.stl]: Unable to open file "/home/ricojia/rjje_arm_ws/src/rjje_arm/meshes/box.stl".
1630866101.364147901 INFO /joint_state_publisher_gui [__init__.py:179(JointStatePublisherGui.center)] [topics: /joint_states, /rosout] Centering
1630866135.343002377 INFO /rviz [/tmp/binarydeb/ros-noetic-rviz-1.14.8/src/rviz/ogre_helpers/render_system.cpp:467(RenderWindow* rviz::RenderSystem::makeRenderWindow)] [topics: /rosout] Stereo is NOT SUPPORTED
1630866135.343059797 INFO /rviz [/tmp/binarydeb/ros-noetic-rviz-1.14.8/src/rviz/ogre_helpers/render_system.cpp:181(RenderSystem::detectGlVersion)] [topics: /rosout] OpenGL device: Mesa Intel(R) UHD Graphics 620 (WHL GT2)
1630866135.343082704 INFO /rviz [/tmp/binarydeb/ros-noetic-rviz-1.14.8/src/rviz/ogre_helpers/render_system.cpp:221(RenderSystem::detectGlVersion)] [topics: /rosout] OpenGl version: 4.6 (GLSL 4.6) limited to GLSL 1.4 on Mesa system.
1630866135.422466731 WARN /rviz [/build/urdfdom-VnCcob/urdfdom-1.0.4+ds/urdf_parser/src/model.cpp:84()] [topics: /rosout, /initialpose, /goal] link 'base_link' material 'light_black' undefined.
1630866135.422494579 WARN /rviz [/build/urdfdom-VnCcob/urdfdom-1.0.4+ds/urdf_parser/src/model.cpp:84()] [topics: /rosout, /initialpose, /goal] link 'base_link' material 'light_black' undefined.
1630866135.423322334 ERROR /rviz [/tmp/binarydeb/ros-noetic-rviz-1.14.8/src/rviz/mesh_loader.cpp:721(MeshPtr rviz::loadMeshFromResource)] [topics: /rosout, /initialpose, /goal] Could not load resource [/home/ricojia/rjje_arm_ws/src/rjje_arm/meshes/box.stl]: Unable to open file "/home/ricojia/rjje_arm_ws/src/rjje_arm/meshes/box.stl".
1630866135.423530745 ERROR /rviz [/tmp/binarydeb/ros-noetic-rviz-1.14.8/src/rviz/mesh_loader.cpp:721(MeshPtr rviz::loadMeshFromResource)] [topics: /rosout, /initialpose, /goal] Could not load resource [/home/ricojia/rjje_arm_ws/src/rjje_arm/meshes/box.stl]: Unable to open file "/home/ricojia/rjje_arm_ws/src/rjje_arm/meshes/box.stl".
1630866135.375671386 INFO /joint_state_publisher_gui [__init__.py:179(JointStatePublisherGui.center)] [topics: /rosout, /joint_states] Centering
1630866271.508367072 INFO /rviz [/tmp/binarydeb/ros-noetic-rviz-1.14.8/src/rviz/ogre_helpers/render_system.cpp:467(RenderWindow* rviz::RenderSystem::makeRenderWindow)] [topics: /rosout] Stereo is NOT SUPPORTED
1630866271.508410611 INFO /rviz [/tmp/binarydeb/ros-noetic-rviz-1.14.8/src/rviz/ogre_helpers/render_system.cpp:181(RenderSystem::detectGlVersion)] [topics: /rosout] OpenGL device: Mesa Intel(R) UHD Graphics 620 (WHL GT2)
1630866271.508424356 INFO /rviz [/tmp/binarydeb/ros-noetic-rviz-1.14.8/src/rviz/ogre_helpers/render_system.cpp:221(RenderSystem::detectGlVersion)] [topics: /rosout] OpenGl version: 4.6 (GLSL 4.6) limited to GLSL 1.4 on Mesa system.
1630866271.582674751 WARN /rviz [/build/urdfdom-VnCcob/urdfdom-1.0.4+ds/urdf_parser/src/model.cpp:84()] [topics: /rosout, /initialpose, /goal] link 'base_link' material 'light_black' undefined.
1630866271.582698327 WARN /rviz [/build/urdfdom-VnCcob/urdfdom-1.0.4+ds/urdf_parser/src/model.cpp:84()] [topics: /rosout, /initialpose, /goal] link 'base_link' material 'light_black' undefined.
1630866271.583364133 ERROR /rviz [/tmp/binarydeb/ros-noetic-rviz-1.14.8/src/rviz/mesh_loader.cpp:721(MeshPtr rviz::loadMeshFromResource)] [topics: /rosout, /initialpose, /goal] Could not load resource [/home/ricojia/rjje_arm_ws/src/rjje_arm/meshes/box.stl]: Unable to open file "/home/ricojia/rjje_arm_ws/src/rjje_arm/meshes/box.stl".
1630866271.583534230 ERROR /rviz [/tmp/binarydeb/ros-noetic-rviz-1.14.8/src/rviz/mesh_loader.cpp:721(MeshPtr rviz::loadMeshFromResource)] [topics: /rosout, /initialpose, /goal] Could not load resource [/home/ricojia/rjje_arm_ws/src/rjje_arm/meshes/box.stl]: Unable to open file "/home/ricojia/rjje_arm_ws/src/rjje_arm/meshes/box.stl".
1630866271.533027172 INFO /joint_state_publisher_gui [__init__.py:179(JointStatePublisherGui.center)] [topics: /joint_states, /rosout] Centering
1630866402.738959054 INFO /rviz [/tmp/binarydeb/ros-noetic-rviz-1.14.8/src/rviz/ogre_helpers/render_system.cpp:467(RenderWindow* rviz::RenderSystem::makeRenderWindow)] [topics: /rosout] Stereo is NOT SUPPORTED
1630866402.738997982 INFO /rviz [/tmp/binarydeb/ros-noetic-rviz-1.14.8/src/rviz/ogre_helpers/render_system.cpp:181(RenderSystem::detectGlVersion)] [topics: /rosout] OpenGL device: Mesa Intel(R) UHD Graphics 620 (WHL GT2)
1630866402.739011004 INFO /rviz [/tmp/binarydeb/ros-noetic-rviz-1.14.8/src/rviz/ogre_helpers/render_system.cpp:221(RenderSystem::detectGlVersion)] [topics: /rosout] OpenGl version: 4.6 (GLSL 4.6) limited to GLSL 1.4 on Mesa system.
1630866402.820111423 WARN /rviz [/build/urdfdom-VnCcob/urdfdom-1.0.4+ds/urdf_parser/src/model.cpp:84()] [topics: /rosout, /initialpose, /goal] link 'base_link' material 'light_black' undefined.
1630866402.820149746 WARN /rviz [/build/urdfdom-VnCcob/urdfdom-1.0.4+ds/urdf_parser/src/model.cpp:84()] [topics: /rosout, /initialpose, /goal] link 'base_link' material 'light_black' undefined.
1630866402.821044044 ERROR /rviz [/tmp/binarydeb/ros-noetic-rviz-1.14.8/src/rviz/mesh_loader.cpp:721(MeshPtr rviz::loadMeshFromResource)] [topics: /rosout, /initialpose, /goal] Could not load resource [/home/ricojia/rjje_arm_ws/src/rjje_arm/meshes/box.stl]: Unable to open file "/home/ricojia/rjje_arm_ws/src/rjje_arm/meshes/box.stl".
1630866402.821290875 ERROR /rviz [/tmp/binarydeb/ros-noetic-rviz-1.14.8/src/rviz/mesh_loader.cpp:721(MeshPtr rviz::loadMeshFromResource)] [topics: /rosout, /initialpose, /goal] Could not load resource [/home/ricojia/rjje_arm_ws/src/rjje_arm/meshes/box.stl]: Unable to open file "/home/ricojia/rjje_arm_ws/src/rjje_arm/meshes/box.stl".
1630866402.762541294 INFO /joint_state_publisher_gui [__init__.py:179(JointStatePublisherGui.center)] [topics: /rosout, /joint_states] Centering
1630868184.452114964 INFO /rviz [/tmp/binarydeb/ros-noetic-rviz-1.14.8/src/rviz/ogre_helpers/render_system.cpp:467(RenderWindow* rviz::RenderSystem::makeRenderWindow)] [topics: /rosout] Stereo is NOT SUPPORTED
1630868184.452214150 INFO /rviz [/tmp/binarydeb/ros-noetic-rviz-1.14.8/src/rviz/ogre_helpers/render_system.cpp:181(RenderSystem::detectGlVersion)] [topics: /rosout] OpenGL device: Mesa Intel(R) UHD Graphics 620 (WHL GT2)
1630868184.452252052 INFO /rviz [/tmp/binarydeb/ros-noetic-rviz-1.14.8/src/rviz/ogre_helpers/render_system.cpp:221(RenderSystem::detectGlVersion)] [topics: /rosout] OpenGl version: 4.6 (GLSL 4.6) limited to GLSL 1.4 on Mesa system.
1630868184.536560461 WARN /rviz [/build/urdfdom-VnCcob/urdfdom-1.0.4+ds/urdf_parser/src/model.cpp:84()] [topics: /rosout, /initialpose, /goal] link 'base_link' material 'light_black' undefined.
1630868184.536630045 WARN /rviz [/build/urdfdom-VnCcob/urdfdom-1.0.4+ds/urdf_parser/src/model.cpp:84()] [topics: /rosout, /initialpose, /goal] link 'base_link' material 'light_black' undefined.
1630868184.502647638 INFO /joint_state_publisher_gui [__init__.py:179(JointStatePublisherGui.center)] [topics: /joint_states, /rosout] Centering
1630868210.789764387 INFO /rviz [/tmp/binarydeb/ros-noetic-rviz-1.14.8/src/rviz/ogre_helpers/render_system.cpp:467(RenderWindow* rviz::RenderSystem::makeRenderWindow)] [topics: /rosout] Stereo is NOT SUPPORTED
1630868210.789818306 INFO /rviz [/tmp/binarydeb/ros-noetic-rviz-1.14.8/src/rviz/ogre_helpers/render_system.cpp:181(RenderSystem::detectGlVersion)] [topics: /rosout] OpenGL device: Mesa Intel(R) UHD Graphics 620 (WHL GT2)
1630868210.789860023 INFO /rviz [/tmp/binarydeb/ros-noetic-rviz-1.14.8/src/rviz/ogre_helpers/render_system.cpp:221(RenderSystem::detectGlVersion)] [topics: /rosout] OpenGl version: 4.6 (GLSL 4.6) limited to GLSL 1.4 on Mesa system.
1630868210.882354745 WARN /rviz [/build/urdfdom-VnCcob/urdfdom-1.0.4+ds/urdf_parser/src/model.cpp:84()] [topics: /rosout, /initialpose, /goal] link 'base_link' material 'light_black' undefined.
1630868210.882831448 WARN /rviz [/build/urdfdom-VnCcob/urdfdom-1.0.4+ds/urdf_parser/src/model.cpp:84()] [topics: /rosout, /initialpose, /goal] link 'base_link' material 'light_black' undefined.
1630868210.822161912 INFO /joint_state_publisher_gui [__init__.py:179(JointStatePublisherGui.center)] [topics: /joint_states, /rosout] Centering
1630868265.045889055 INFO /rviz [/tmp/binarydeb/ros-noetic-rviz-1.14.8/src/rviz/ogre_helpers/render_system.cpp:467(RenderWindow* rviz::RenderSystem::makeRenderWindow)] [topics: /rosout] Stereo is NOT SUPPORTED
1630868265.045944599 INFO /rviz [/tmp/binarydeb/ros-noetic-rviz-1.14.8/src/rviz/ogre_helpers/render_system.cpp:181(RenderSystem::detectGlVersion)] [topics: /rosout] OpenGL device: Mesa Intel(R) UHD Graphics 620 (WHL GT2)
1630868265.045969863 INFO /rviz [/tmp/binarydeb/ros-noetic-rviz-1.14.8/src/rviz/ogre_helpers/render_system.cpp:221(RenderSystem::detectGlVersion)] [topics: /rosout] OpenGl version: 4.6 (GLSL 4.6) limited to GLSL 1.4 on Mesa system.
1630868265.091566801 INFO /joint_state_publisher_gui [__init__.py:179(JointStatePublisherGui.center)] [topics: /rosout, /joint_states] Centering
1630868350.964692082 INFO /rviz [/tmp/binarydeb/ros-noetic-rviz-1.14.8/src/rviz/ogre_helpers/render_system.cpp:467(RenderWindow* rviz::RenderSystem::makeRenderWindow)] [topics: /rosout] Stereo is NOT SUPPORTED
1630868350.964747084 INFO /rviz [/tmp/binarydeb/ros-noetic-rviz-1.14.8/src/rviz/ogre_helpers/render_system.cpp:181(RenderSystem::detectGlVersion)] [topics: /rosout] OpenGL device: Mesa Intel(R) UHD Graphics 620 (WHL GT2)
1630868350.964770102 INFO /rviz [/tmp/binarydeb/ros-noetic-rviz-1.14.8/src/rviz/ogre_helpers/render_system.cpp:221(RenderSystem::detectGlVersion)] [topics: /rosout] OpenGl version: 4.6 (GLSL 4.6) limited to GLSL 1.4 on Mesa system.
1630868350.982253551 INFO /joint_state_publisher_gui [__init__.py:179(JointStatePublisherGui.center)] [topics: /rosout, /joint_states] Centering
1630868831.326850016 INFO /rviz [/tmp/binarydeb/ros-noetic-rviz-1.14.8/src/rviz/ogre_helpers/render_system.cpp:467(RenderWindow* rviz::RenderSystem::makeRenderWindow)] [topics: /rosout] Stereo is NOT SUPPORTED
1630868831.326914701 INFO /rviz [/tmp/binarydeb/ros-noetic-rviz-1.14.8/src/rviz/ogre_helpers/render_system.cpp:181(RenderSystem::detectGlVersion)] [topics: /rosout] OpenGL device: Mesa Intel(R) UHD Graphics 620 (WHL GT2)
1630868831.326935170 INFO /rviz [/tmp/binarydeb/ros-noetic-rviz-1.14.8/src/rviz/ogre_helpers/render_system.cpp:221(RenderSystem::detectGlVersion)] [topics: /rosout] OpenGl version: 4.6 (GLSL 4.6) limited to GLSL 1.4 on Mesa system.
1630868831.417579044 WARN /rviz [/build/urdfdom-VnCcob/urdfdom-1.0.4+ds/urdf_parser/src/model.cpp:84()] [topics: /rosout, /initialpose, /goal] link 'base_link' material 'light_black' undefined.
1630868831.417623883 WARN /rviz [/build/urdfdom-VnCcob/urdfdom-1.0.4+ds/urdf_parser/src/model.cpp:84()] [topics: /rosout, /initialpose, /goal] link 'base_link' material 'light_black' undefined.
1630868831.379295825 INFO /joint_state_publisher_gui [__init__.py:179(JointStatePublisherGui.center)] [topics: /rosout, /joint_states] Centering
1630868857.107657608 INFO /rviz [/tmp/binarydeb/ros-noetic-rviz-1.14.8/src/rviz/ogre_helpers/render_system.cpp:467(RenderWindow* rviz::RenderSystem::makeRenderWindow)] [topics: /rosout] Stereo is NOT SUPPORTED
1630868857.107739974 INFO /rviz [/tmp/binarydeb/ros-noetic-rviz-1.14.8/src/rviz/ogre_helpers/render_system.cpp:181(RenderSystem::detectGlVersion)] [topics: /rosout] OpenGL device: Mesa Intel(R) UHD Graphics 620 (WHL GT2)
1630868857.107774030 INFO /rviz [/tmp/binarydeb/ros-noetic-rviz-1.14.8/src/rviz/ogre_helpers/render_system.cpp:221(RenderSystem::detectGlVersion)] [topics: /rosout] OpenGl version: 4.6 (GLSL 4.6) limited to GLSL 1.4 on Mesa system.
1630870228.159228551 INFO /rviz [/tmp/binarydeb/ros-noetic-rviz-1.14.8/src/rviz/ogre_helpers/render_system.cpp:467(RenderWindow* rviz::RenderSystem::makeRenderWindow)] [topics: /rosout] Stereo is NOT SUPPORTED
1630870228.159318620 INFO /rviz [/tmp/binarydeb/ros-noetic-rviz-1.14.8/src/rviz/ogre_helpers/render_system.cpp:181(RenderSystem::detectGlVersion)] [topics: /rosout] OpenGL device: Mesa Intel(R) UHD Graphics 620 (WHL GT2)
1630870228.159360399 INFO /rviz [/tmp/binarydeb/ros-noetic-rviz-1.14.8/src/rviz/ogre_helpers/render_system.cpp:221(RenderSystem::detectGlVersion)] [topics: /rosout] OpenGl version: 4.6 (GLSL 4.6) limited to GLSL 1.4 on Mesa system.
1630870228.234214307 WARN /rviz [/build/urdfdom-VnCcob/urdfdom-1.0.4+ds/urdf_parser/src/model.cpp:84()] [topics: /rosout, /initialpose, /goal] link 'base_link' material 'light_black' undefined.
1630870228.234261593 WARN /rviz [/build/urdfdom-VnCcob/urdfdom-1.0.4+ds/urdf_parser/src/model.cpp:84()] [topics: /rosout, /initialpose, /goal] link 'base_link' material 'light_black' undefined.
1630870228.187680482 INFO /joint_state_publisher_gui [__init__.py:179(JointStatePublisherGui.center)] [topics: /joint_states, /rosout] Centering
